<?xml version="1.0" encoding="UTF-8"?>
<!-- Generated by org.testng.reporters.JUnitXMLReporter -->
<testsuite ignored="0" hostname="BasharPC" failures="1" tests="2" name="Surefire test" time="43.588" errors="0" timestamp="2024-06-17T00:10:54 PDT">
  <testcase classname="io.cucumber.testng.AbstractTestNGCucumberTests" name="runScenario" time="7.487">
    <failure type="java.lang.AssertionError" message="expected [user] but found [employee]">
      <![CDATA[java.lang.AssertionError: expected [user] but found [employee]
at stepDefinitions.RoleManagmentTest.Admin_changes_the_first_user_role_to_Employee(RoleManagmentTest.java:121)
at ✽.Admin changes the first user role to Employee(file:///C:/Users/basha/Downloads/crypto-testing/src/test/java/features/RoleManagmentTest.feature:9)
... Removed 6 stack frames]]>
    </failure>
  </testcase> <!-- runScenario -->
  <testcase classname="io.cucumber.testng.AbstractTestNGCucumberTests" name="runScenario" time="35.758"/>
</testsuite> <!-- Surefire test -->
