<?xml version="1.0" encoding="UTF-8"?>
<!-- Generated by org.testng.reporters.JUnitXMLReporter -->
<testsuite ignored="0" hostname="Ashiqs-MacBook-Pro.local" failures="0" tests="2" name="Surefire test" time="6.279" errors="0" timestamp="2024-06-10T01:43:30 PDT">
  <testcase classname="io.cucumber.testng.AbstractTestNGCucumberTests" name="runScenario" time="3.133"/>
  <testcase classname="io.cucumber.testng.AbstractTestNGCucumberTests" name="runScenario" time="2.892"/>
</testsuite> <!-- Surefire test -->
