<?xml version="1.0" encoding="UTF-8"?>
<!-- Generated by org.testng.reporters.JUnitXMLReporter -->
<testsuite ignored="0" hostname="BasharPC" failures="0" tests="2" name="Surefire test" time="47.161" errors="0" timestamp="2024-06-17T23:48:23 PDT">
  <testcase classname="io.cucumber.testng.AbstractTestNGCucumberTests" name="runScenario" time="9.117"/>
  <testcase classname="io.cucumber.testng.AbstractTestNGCucumberTests" name="runScenario" time="37.566"/>
</testsuite> <!-- Surefire test -->
