<?xml version="1.0" encoding="UTF-8"?>
<testsuite xmlns:xsi="http://www.w3.org/2001/XMLSchema-instance" xsi:noNamespaceSchemaLocation="https://maven.apache.org/surefire/maven-surefire-plugin/xsd/surefire-test-report-3.0.xsd" version="3.0" name="TestSuite" time="47.617" tests="2" errors="0" skipped="0" failures="0">
  <properties>
[...]
</properties>
  <testcase name="runScenario[&quot;Admin uploads a files to the app for saving&quot;, &quot;File Visibility (Admin)&quot;](1)" classname="cuccumbersOptions.TestNGRunner" time="9.12">
    <system-out><![CDATA[
Scenario: Admin uploads a files to the app for saving                    # src/test/java/features/FileVisibilityTest.feature:3
23:47:36.635 [main] DEBUG io.github.bonigarcia.wdm.WebDriverManager -- Using WebDriverManager 5.8.0
23:47:36.979 [main] DEBUG io.github.bonigarcia.wdm.cache.ResolutionCache -- Resolution chrome=126 in cache (valid until 00:33:28 18/06/2024 PDT)
23:47:36.980 [main] DEBUG io.github.bonigarcia.wdm.cache.ResolutionCache -- Resolution chrome126=126.0.6478.61 in cache (valid until 22:20:12 18/06/2024 PDT)
23:47:36.981 [main] INFO io.github.bonigarcia.wdm.WebDriverManager -- Using chromedriver 126.0.6478.61 (resolved driver for Chrome 126)
23:47:37.029 [main] DEBUG io.github.bonigarcia.wdm.WebDriverManager -- Driver chromedriver 126.0.6478.61 found in cache
23:47:37.030 [main] INFO io.github.bonigarcia.wdm.WebDriverManager -- Exporting webdriver.chrome.driver as C:\Users\basha\.cache\selenium\chromedriver\win64\126.0.6478.61\chromedriver.exe
23:47:38.057 [main] DEBUG io.github.bonigarcia.wdm.WebDriverManager -- Using WebDriverManager 5.8.0
23:47:38.068 [main] DEBUG io.github.bonigarcia.wdm.cache.ResolutionCache -- Resolution chrome=126 in cache (valid until 00:33:28 18/06/2024 PDT)
23:47:38.069 [main] DEBUG io.github.bonigarcia.wdm.cache.ResolutionCache -- Resolution chrome126=126.0.6478.61 in cache (valid until 22:20:12 18/06/2024 PDT)
23:47:38.069 [main] INFO io.github.bonigarcia.wdm.WebDriverManager -- Using chromedriver 126.0.6478.61 (resolved driver for Chrome 126)
23:47:38.076 [main] DEBUG io.github.bonigarcia.wdm.WebDriverManager -- Driver chromedriver 126.0.6478.61 found in cache
23:47:38.078 [main] INFO io.github.bonigarcia.wdm.WebDriverManager -- Exporting webdriver.chrome.driver as C:\Users\basha\.cache\selenium\chromedriver\win64\126.0.6478.61\chromedriver.exe
23:47:38.747 [main] DEBUG io.github.bonigarcia.wdm.WebDriverManager -- Using WebDriverManager 5.8.0
23:47:38.760 [main] DEBUG io.github.bonigarcia.wdm.cache.ResolutionCache -- Resolution chrome=126 in cache (valid until 00:33:28 18/06/2024 PDT)
23:47:38.761 [main] DEBUG io.github.bonigarcia.wdm.cache.ResolutionCache -- Resolution chrome126=126.0.6478.61 in cache (valid until 22:20:12 18/06/2024 PDT)
23:47:38.761 [main] INFO io.github.bonigarcia.wdm.WebDriverManager -- Using chromedriver 126.0.6478.61 (resolved driver for Chrome 126)
23:47:38.770 [main] DEBUG io.github.bonigarcia.wdm.WebDriverManager -- Driver chromedriver 126.0.6478.61 found in cache
23:47:38.771 [main] INFO io.github.bonigarcia.wdm.WebDriverManager -- Exporting webdriver.chrome.driver as C:\Users\basha\.cache\selenium\chromedriver\win64\126.0.6478.61\chromedriver.exe
23:47:39.479 [main] DEBUG io.github.bonigarcia.wdm.WebDriverManager -- Using WebDriverManager 5.8.0
23:47:39.491 [main] DEBUG io.github.bonigarcia.wdm.cache.ResolutionCache -- Resolution chrome=126 in cache (valid until 00:33:28 18/06/2024 PDT)
23:47:39.491 [main] DEBUG io.github.bonigarcia.wdm.cache.ResolutionCache -- Resolution chrome126=126.0.6478.61 in cache (valid until 22:20:12 18/06/2024 PDT)
23:47:39.491 [main] INFO io.github.bonigarcia.wdm.WebDriverManager -- Using chromedriver 126.0.6478.61 (resolved driver for Chrome 126)
23:47:39.498 [main] DEBUG io.github.bonigarcia.wdm.WebDriverManager -- Driver chromedriver 126.0.6478.61 found in cache
23:47:39.500 [main] INFO io.github.bonigarcia.wdm.WebDriverManager -- Exporting webdriver.chrome.driver as C:\Users\basha\.cache\selenium\chromedriver\win64\126.0.6478.61\chromedriver.exe
23:47:40.257 [main] DEBUG io.github.bonigarcia.wdm.WebDriverManager -- Using WebDriverManager 5.8.0
23:47:40.271 [main] DEBUG io.github.bonigarcia.wdm.cache.ResolutionCache -- Resolution chrome=126 in cache (valid until 00:33:28 18/06/2024 PDT)
23:47:40.272 [main] DEBUG io.github.bonigarcia.wdm.cache.ResolutionCache -- Resolution chrome126=126.0.6478.61 in cache (valid until 22:20:12 18/06/2024 PDT)
23:47:40.273 [main] INFO io.github.bonigarcia.wdm.WebDriverManager -- Using chromedriver 126.0.6478.61 (resolved driver for Chrome 126)
23:47:40.287 [main] DEBUG io.github.bonigarcia.wdm.WebDriverManager -- Driver chromedriver 126.0.6478.61 found in cache
23:47:40.288 [main] INFO io.github.bonigarcia.wdm.WebDriverManager -- Exporting webdriver.chrome.driver as C:\Users\basha\.cache\selenium\chromedriver\win64\126.0.6478.61\chromedriver.exe
23:47:41.056 [main] DEBUG io.github.bonigarcia.wdm.WebDriverManager -- Using WebDriverManager 5.8.0
23:47:41.069 [main] DEBUG io.github.bonigarcia.wdm.cache.ResolutionCache -- Resolution chrome=126 in cache (valid until 00:33:28 18/06/2024 PDT)
23:47:41.070 [main] DEBUG io.github.bonigarcia.wdm.cache.ResolutionCache -- Resolution chrome126=126.0.6478.61 in cache (valid until 22:20:12 18/06/2024 PDT)
23:47:41.070 [main] INFO io.github.bonigarcia.wdm.WebDriverManager -- Using chromedriver 126.0.6478.61 (resolved driver for Chrome 126)
23:47:41.079 [main] DEBUG io.github.bonigarcia.wdm.WebDriverManager -- Driver chromedriver 126.0.6478.61 found in cache
23:47:41.080 [main] INFO io.github.bonigarcia.wdm.WebDriverManager -- Exporting webdriver.chrome.driver as C:\Users\basha\.cache\selenium\chromedriver\win64\126.0.6478.61\chromedriver.exe
  Given The admin visits the homepage                                    # stepDefinitions.FileVisibilityTest.Admin_visits_homepage()
  When The admin presses the login button                                # stepDefinitions.FileVisibilityTest.Admin_clicks_on_login_button()
  When The admin logins with email and password                          # stepDefinitions.FileVisibilityTest.Admin_logins_with_emailand_password()
  When The admin clicks on the Admin Panel tab                           # stepDefinitions.FileVisibilityTest.Admin_visits_Admin_Panel()
  When The admin clicks on the Resources category                        # stepDefinitions.FileVisibilityTest.The_admin_clicks_on_the_Resources_category()
  When The admin clicks on the Choose button to select a file for upload # stepDefinitions.FileVisibilityTest.The_admin_clicks_on_the_Choose_button_to_select_a_file_for_upload()
  When The admin clicks the Upload button                                # stepDefinitions.FileVisibilityTest.The_admin_clicks_the_Upload_button()
  Then The file is uploaded to the app                                   # stepDefinitions.FileVisibilityTest.The_file_is_uploaded_to_the_app()
]]></system-out>
    <system-err><![CDATA[Jun 17, 2024 11:47:38 P.M. org.openqa.selenium.devtools.CdpVersionFinder findNearestMatch
WARNING: Unable to find an exact match for CDP version 126, returning the closest version; found: 125; Please update to a Selenium version that supports CDP version 126
Jun 17, 2024 11:47:38 P.M. org.openqa.selenium.devtools.CdpVersionFinder findNearestMatch
WARNING: Unable to find an exact match for CDP version 126, returning the closest version; found: 125; Please update to a Selenium version that supports CDP version 126
Jun 17, 2024 11:47:39 P.M. org.openqa.selenium.devtools.CdpVersionFinder findNearestMatch
WARNING: Unable to find an exact match for CDP version 126, returning the closest version; found: 125; Please update to a Selenium version that supports CDP version 126
Jun 17, 2024 11:47:40 P.M. org.openqa.selenium.devtools.CdpVersionFinder findNearestMatch
WARNING: Unable to find an exact match for CDP version 126, returning the closest version; found: 125; Please update to a Selenium version that supports CDP version 126
Jun 17, 2024 11:47:40 P.M. org.openqa.selenium.devtools.CdpVersionFinder findNearestMatch
WARNING: Unable to find an exact match for CDP version 126, returning the closest version; found: 125; Please update to a Selenium version that supports CDP version 126
Jun 17, 2024 11:47:41 P.M. org.openqa.selenium.devtools.CdpVersionFinder findNearestMatch
WARNING: Unable to find an exact match for CDP version 126, returning the closest version; found: 125; Please update to a Selenium version that supports CDP version 126
]]></system-err>
  </testcase>
  <testcase name="runScenario[&quot;Admin checks if the uploaded file is visible to users&quot;, &quot;File Visibility (Admin)&quot;](2)" classname="cuccumbersOptions.TestNGRunner" time="37.564">
    <system-out><![CDATA[
Scenario: Admin checks if the uploaded file is visible to users             # src/test/java/features/FileVisibilityTest.feature:13
23:47:45.421 [main] DEBUG io.github.bonigarcia.wdm.WebDriverManager -- Using WebDriverManager 5.8.0
23:47:45.437 [main] DEBUG io.github.bonigarcia.wdm.cache.ResolutionCache -- Resolution chrome=126 in cache (valid until 00:33:28 18/06/2024 PDT)
23:47:45.438 [main] DEBUG io.github.bonigarcia.wdm.cache.ResolutionCache -- Resolution chrome126=126.0.6478.61 in cache (valid until 22:20:12 18/06/2024 PDT)
23:47:45.438 [main] INFO io.github.bonigarcia.wdm.WebDriverManager -- Using chromedriver 126.0.6478.61 (resolved driver for Chrome 126)
23:47:45.451 [main] DEBUG io.github.bonigarcia.wdm.WebDriverManager -- Driver chromedriver 126.0.6478.61 found in cache
23:47:45.452 [main] INFO io.github.bonigarcia.wdm.WebDriverManager -- Exporting webdriver.chrome.driver as C:\Users\basha\.cache\selenium\chromedriver\win64\126.0.6478.61\chromedriver.exe
23:47:46.150 [main] DEBUG io.github.bonigarcia.wdm.WebDriverManager -- Using WebDriverManager 5.8.0
23:47:46.165 [main] DEBUG io.github.bonigarcia.wdm.cache.ResolutionCache -- Resolution chrome=126 in cache (valid until 00:33:28 18/06/2024 PDT)
23:47:46.166 [main] DEBUG io.github.bonigarcia.wdm.cache.ResolutionCache -- Resolution chrome126=126.0.6478.61 in cache (valid until 22:20:12 18/06/2024 PDT)
23:47:46.167 [main] INFO io.github.bonigarcia.wdm.WebDriverManager -- Using chromedriver 126.0.6478.61 (resolved driver for Chrome 126)
23:47:46.178 [main] DEBUG io.github.bonigarcia.wdm.WebDriverManager -- Driver chromedriver 126.0.6478.61 found in cache
23:47:46.179 [main] INFO io.github.bonigarcia.wdm.WebDriverManager -- Exporting webdriver.chrome.driver as C:\Users\basha\.cache\selenium\chromedriver\win64\126.0.6478.61\chromedriver.exe
23:47:46.859 [main] DEBUG io.github.bonigarcia.wdm.WebDriverManager -- Using WebDriverManager 5.8.0
23:47:46.874 [main] DEBUG io.github.bonigarcia.wdm.cache.ResolutionCache -- Resolution chrome=126 in cache (valid until 00:33:28 18/06/2024 PDT)
23:47:46.875 [main] DEBUG io.github.bonigarcia.wdm.cache.ResolutionCache -- Resolution chrome126=126.0.6478.61 in cache (valid until 22:20:12 18/06/2024 PDT)
23:47:46.876 [main] INFO io.github.bonigarcia.wdm.WebDriverManager -- Using chromedriver 126.0.6478.61 (resolved driver for Chrome 126)
23:47:46.889 [main] DEBUG io.github.bonigarcia.wdm.WebDriverManager -- Driver chromedriver 126.0.6478.61 found in cache
23:47:46.890 [main] INFO io.github.bonigarcia.wdm.WebDriverManager -- Exporting webdriver.chrome.driver as C:\Users\basha\.cache\selenium\chromedriver\win64\126.0.6478.61\chromedriver.exe
23:47:47.576 [main] DEBUG io.github.bonigarcia.wdm.WebDriverManager -- Using WebDriverManager 5.8.0
23:47:47.590 [main] DEBUG io.github.bonigarcia.wdm.cache.ResolutionCache -- Resolution chrome=126 in cache (valid until 00:33:28 18/06/2024 PDT)
23:47:47.592 [main] DEBUG io.github.bonigarcia.wdm.cache.ResolutionCache -- Resolution chrome126=126.0.6478.61 in cache (valid until 22:20:12 18/06/2024 PDT)
23:47:47.592 [main] INFO io.github.bonigarcia.wdm.WebDriverManager -- Using chromedriver 126.0.6478.61 (resolved driver for Chrome 126)
23:47:47.604 [main] DEBUG io.github.bonigarcia.wdm.WebDriverManager -- Driver chromedriver 126.0.6478.61 found in cache
23:47:47.605 [main] INFO io.github.bonigarcia.wdm.WebDriverManager -- Exporting webdriver.chrome.driver as C:\Users\basha\.cache\selenium\chromedriver\win64\126.0.6478.61\chromedriver.exe
23:47:48.304 [main] DEBUG io.github.bonigarcia.wdm.WebDriverManager -- Using WebDriverManager 5.8.0
23:47:48.320 [main] DEBUG io.github.bonigarcia.wdm.cache.ResolutionCache -- Resolution chrome=126 in cache (valid until 00:33:28 18/06/2024 PDT)
23:47:48.321 [main] DEBUG io.github.bonigarcia.wdm.cache.ResolutionCache -- Resolution chrome126=126.0.6478.61 in cache (valid until 22:20:12 18/06/2024 PDT)
23:47:48.321 [main] INFO io.github.bonigarcia.wdm.WebDriverManager -- Using chromedriver 126.0.6478.61 (resolved driver for Chrome 126)
23:47:48.335 [main] DEBUG io.github.bonigarcia.wdm.WebDriverManager -- Driver chromedriver 126.0.6478.61 found in cache
23:47:48.337 [main] INFO io.github.bonigarcia.wdm.WebDriverManager -- Exporting webdriver.chrome.driver as C:\Users\basha\.cache\selenium\chromedriver\win64\126.0.6478.61\chromedriver.exe
23:47:49.065 [main] DEBUG io.github.bonigarcia.wdm.WebDriverManager -- Using WebDriverManager 5.8.0
23:47:49.081 [main] DEBUG io.github.bonigarcia.wdm.cache.ResolutionCache -- Resolution chrome=126 in cache (valid until 00:33:28 18/06/2024 PDT)
23:47:49.082 [main] DEBUG io.github.bonigarcia.wdm.cache.ResolutionCache -- Resolution chrome126=126.0.6478.61 in cache (valid until 22:20:12 18/06/2024 PDT)
23:47:49.082 [main] INFO io.github.bonigarcia.wdm.WebDriverManager -- Using chromedriver 126.0.6478.61 (resolved driver for Chrome 126)
23:47:49.095 [main] DEBUG io.github.bonigarcia.wdm.WebDriverManager -- Driver chromedriver 126.0.6478.61 found in cache
23:47:49.096 [main] INFO io.github.bonigarcia.wdm.WebDriverManager -- Exporting webdriver.chrome.driver as C:\Users\basha\.cache\selenium\chromedriver\win64\126.0.6478.61\chromedriver.exe
  Given The admin visits the homepage                                       # stepDefinitions.FileVisibilityTest.Admin_visits_homepage()
  When The admin presses the login button                                   # stepDefinitions.FileVisibilityTest.Admin_clicks_on_login_button()
  When The admin logins as user with email and password                     # stepDefinitions.FileVisibilityTest.The_admin_logins_as_user_with_email_and_password()
  When The admin clicks on the username option and accesses My Profile page # stepDefinitions.FileVisibilityTest.The_admin_clicks_on_the_username_option_and_accesses_My_Profile_page()
  Then The system shouldn't display the Resources category                  # stepDefinitions.FileVisibilityTest.The_system_shouldnt_display_the_Resources_category()
]]></system-out>
    <system-err><![CDATA[Jun 17, 2024 11:47:46 P.M. org.openqa.selenium.devtools.CdpVersionFinder findNearestMatch
WARNING: Unable to find an exact match for CDP version 126, returning the closest version; found: 125; Please update to a Selenium version that supports CDP version 126
Jun 17, 2024 11:47:46 P.M. org.openqa.selenium.devtools.CdpVersionFinder findNearestMatch
WARNING: Unable to find an exact match for CDP version 126, returning the closest version; found: 125; Please update to a Selenium version that supports CDP version 126
Jun 17, 2024 11:47:47 P.M. org.openqa.selenium.devtools.CdpVersionFinder findNearestMatch
WARNING: Unable to find an exact match for CDP version 126, returning the closest version; found: 125; Please update to a Selenium version that supports CDP version 126
Jun 17, 2024 11:47:48 P.M. org.openqa.selenium.devtools.CdpVersionFinder findNearestMatch
WARNING: Unable to find an exact match for CDP version 126, returning the closest version; found: 125; Please update to a Selenium version that supports CDP version 126
Jun 17, 2024 11:47:49 P.M. org.openqa.selenium.devtools.CdpVersionFinder findNearestMatch
WARNING: Unable to find an exact match for CDP version 126, returning the closest version; found: 125; Please update to a Selenium version that supports CDP version 126
Jun 17, 2024 11:47:49 P.M. org.openqa.selenium.devtools.CdpVersionFinder findNearestMatch
WARNING: Unable to find an exact match for CDP version 126, returning the closest version; found: 125; Please update to a Selenium version that supports CDP version 126
]]></system-err>
  </testcase>
</testsuite>