<?xml version="1.0" encoding="UTF-8"?>
<testsuite xmlns:xsi="http://www.w3.org/2001/XMLSchema-instance" xsi:noNamespaceSchemaLocation="https://maven.apache.org/surefire/maven-surefire-plugin/xsd/surefire-test-report-3.0.xsd" version="3.0" name="TestSuite" time="101.899" tests="13" errors="0" skipped="0" failures="11">
  <properties>
[...]
</properties>
  <testcase name="runScenario[&quot;A new user tries to register for a new account&quot;, &quot;Account Creation and Approval&quot;](1)" classname="cuccumbersOptions.TestNGRunner" time="8.012">
    <system-out><![CDATA[
Scenario: A new user tries to register for a new account                           # src/test/java/features/AccountCreationAndApprovalTest.feature:3
21:52:05.640 [main] DEBUG io.github.bonigarcia.wdm.WebDriverManager -- Using WebDriverManager 5.8.0
21:52:05.766 [main] DEBUG io.github.bonigarcia.wdm.cache.ResolutionCache -- Resolution chrome=125 in cache (valid until 22:09:28 15/06/2024 PDT)
21:52:05.767 [main] DEBUG io.github.bonigarcia.wdm.cache.ResolutionCache -- Resolution chrome125=125.0.6422.141 in cache (valid until 18:35:58 16/06/2024 PDT)
21:52:05.768 [main] INFO io.github.bonigarcia.wdm.WebDriverManager -- Using chromedriver 125.0.6422.141 (resolved driver for Chrome 125)
21:52:05.793 [main] DEBUG io.github.bonigarcia.wdm.WebDriverManager -- Driver chromedriver 125.0.6422.141 found in cache
21:52:05.795 [main] INFO io.github.bonigarcia.wdm.WebDriverManager -- Exporting webdriver.chrome.driver as C:\Users\basha\.cache\selenium\chromedriver\win64\125.0.6422.141\chromedriver.exe
21:52:06.364 [main] DEBUG io.github.bonigarcia.wdm.WebDriverManager -- Using WebDriverManager 5.8.0
21:52:06.372 [main] DEBUG io.github.bonigarcia.wdm.cache.ResolutionCache -- Resolution chrome=125 in cache (valid until 22:09:28 15/06/2024 PDT)
21:52:06.373 [main] DEBUG io.github.bonigarcia.wdm.cache.ResolutionCache -- Resolution chrome125=125.0.6422.141 in cache (valid until 18:35:58 16/06/2024 PDT)
21:52:06.373 [main] INFO io.github.bonigarcia.wdm.WebDriverManager -- Using chromedriver 125.0.6422.141 (resolved driver for Chrome 125)
21:52:06.376 [main] DEBUG io.github.bonigarcia.wdm.WebDriverManager -- Driver chromedriver 125.0.6422.141 found in cache
21:52:06.377 [main] INFO io.github.bonigarcia.wdm.WebDriverManager -- Exporting webdriver.chrome.driver as C:\Users\basha\.cache\selenium\chromedriver\win64\125.0.6422.141\chromedriver.exe
21:52:07.502 [main] DEBUG io.github.bonigarcia.wdm.WebDriverManager -- Using WebDriverManager 5.8.0
21:52:07.508 [main] DEBUG io.github.bonigarcia.wdm.cache.ResolutionCache -- Resolution chrome=125 in cache (valid until 22:09:28 15/06/2024 PDT)
21:52:07.508 [main] DEBUG io.github.bonigarcia.wdm.cache.ResolutionCache -- Resolution chrome125=125.0.6422.141 in cache (valid until 18:35:58 16/06/2024 PDT)
21:52:07.509 [main] INFO io.github.bonigarcia.wdm.WebDriverManager -- Using chromedriver 125.0.6422.141 (resolved driver for Chrome 125)
21:52:07.512 [main] DEBUG io.github.bonigarcia.wdm.WebDriverManager -- Driver chromedriver 125.0.6422.141 found in cache
21:52:07.513 [main] INFO io.github.bonigarcia.wdm.WebDriverManager -- Exporting webdriver.chrome.driver as C:\Users\basha\.cache\selenium\chromedriver\win64\125.0.6422.141\chromedriver.exe
21:52:08.618 [main] DEBUG io.github.bonigarcia.wdm.WebDriverManager -- Using WebDriverManager 5.8.0
21:52:08.624 [main] DEBUG io.github.bonigarcia.wdm.cache.ResolutionCache -- Resolution chrome=125 in cache (valid until 22:09:28 15/06/2024 PDT)
21:52:08.624 [main] DEBUG io.github.bonigarcia.wdm.cache.ResolutionCache -- Resolution chrome125=125.0.6422.141 in cache (valid until 18:35:58 16/06/2024 PDT)
21:52:08.624 [main] INFO io.github.bonigarcia.wdm.WebDriverManager -- Using chromedriver 125.0.6422.141 (resolved driver for Chrome 125)
21:52:08.627 [main] DEBUG io.github.bonigarcia.wdm.WebDriverManager -- Driver chromedriver 125.0.6422.141 found in cache
21:52:08.628 [main] INFO io.github.bonigarcia.wdm.WebDriverManager -- Exporting webdriver.chrome.driver as C:\Users\basha\.cache\selenium\chromedriver\win64\125.0.6422.141\chromedriver.exe
21:52:09.222 [main] DEBUG io.github.bonigarcia.wdm.WebDriverManager -- Using WebDriverManager 5.8.0
21:52:09.228 [main] DEBUG io.github.bonigarcia.wdm.cache.ResolutionCache -- Resolution chrome=125 in cache (valid until 22:09:28 15/06/2024 PDT)
21:52:09.228 [main] DEBUG io.github.bonigarcia.wdm.cache.ResolutionCache -- Resolution chrome125=125.0.6422.141 in cache (valid until 18:35:58 16/06/2024 PDT)
21:52:09.228 [main] INFO io.github.bonigarcia.wdm.WebDriverManager -- Using chromedriver 125.0.6422.141 (resolved driver for Chrome 125)
21:52:09.233 [main] DEBUG io.github.bonigarcia.wdm.WebDriverManager -- Driver chromedriver 125.0.6422.141 found in cache
21:52:09.233 [main] INFO io.github.bonigarcia.wdm.WebDriverManager -- Exporting webdriver.chrome.driver as C:\Users\basha\.cache\selenium\chromedriver\win64\125.0.6422.141\chromedriver.exe
  Given The user visits homepage                                                   # stepDefinitions.AccountCreationAndApprovalTest.the_user_visits_homepage()
  When The user clicks on Sign Up button                                           # stepDefinitions.AccountCreationAndApprovalTest.User_clicks_on_Sign_Up()
  When The user inputs name, email, password, confirm password, and selects a role # stepDefinitions.AccountCreationAndApprovalTest.User_inputs_name_email_password_confirm_password_and_selects_a_role()
  When The user clicks sign up button                                              # stepDefinitions.AccountCreationAndApprovalTest.The_user_clicks_sign_up_button()
  Then The user receives a sign up success message                                 # stepDefinitions.AccountCreationAndApprovalTest.User_receives_a_sign_up_success_message()
]]></system-out>
  </testcase>
  <testcase name="runScenario[&quot;admin approves a new user&quot;, &quot;Account Creation and Approval&quot;](2)" classname="cuccumbersOptions.TestNGRunner" time="6.737">
    <failure message="element click intercepted: Element &lt;a _ngcontent-nau-c58=&quot;&quot; data-bs-toggle=&quot;modal&quot; data-bs-target=&quot;#signUp&quot; class=&quot;btn fs-14 btn-outline-secondary me-2 my-2 my-sm-0 ng-star-inserted&quot;&gt;...&lt;/a&gt; is not clickable at point (1455, 35). Other element would receive the click: &lt;div _ngcontent-nau-c58=&quot;&quot; id=&quot;signUp&quot; tabindex=&quot;-1&quot; data-bs-backdrop=&quot;static&quot; data-bs-keyboard=&quot;false&quot; role=&quot;dialog&quot; aria-labelledby=&quot;modalTitleId&quot; class=&quot;modal fade auth show&quot; aria-modal=&quot;true&quot; style=&quot;display: block;&quot;&gt;...&lt;/div&gt;&#10;  (Session info: chrome=125.0.6422.142)&#10;Build info: version: &apos;4.21.0&apos;, revision: &apos;79ed462ef4&apos;&#10;System info: os.name: &apos;Windows 11&apos;, os.arch: &apos;amd64&apos;, os.version: &apos;10.0&apos;, java.version: &apos;21.0.2&apos;&#10;Driver info: org.openqa.selenium.chrome.ChromeDriver&#10;Command: [c967f58fc789d71360d77a8465e003cb, clickElement {id=f.29CBC6372905CA9C1B47D692C47A1F85.d.2FC97547DB331BDE1DBEF0CE08055B74.e.40}]&#10;Capabilities {acceptInsecureCerts: false, browserName: chrome, browserVersion: 125.0.6422.142, chrome: {chromedriverVersion: 125.0.6422.141 (4b1e8393712..., userDataDir: C:\Users\basha\AppData\Loca...}, fedcm:accounts: true, goog:chromeOptions: {debuggerAddress: localhost:62672}, networkConnectionEnabled: false, pageLoadStrategy: normal, platformName: windows, proxy: Proxy(), se:cdp: ws://localhost:62672/devtoo..., se:cdpVersion: 125.0.6422.142, setWindowRect: true, strictFileInteractability: false, timeouts: {implicit: 0, pageLoad: 300000, script: 30000}, unhandledPromptBehavior: dismiss and notify, webauthn:extension:credBlob: true, webauthn:extension:largeBlob: true, webauthn:extension:minPinLength: true, webauthn:extension:prf: true, webauthn:virtualAuthenticators: true}&#10;Element: [[ChromeDriver: chrome on windows (c967f58fc789d71360d77a8465e003cb)] -&gt; xpath: /html/body/app-root/app-layout/app-header/header/nav/div/div/div/a[2]]&#10;Session ID: c967f58fc789d71360d77a8465e003cb" type="org.openqa.selenium.ElementClickInterceptedException"><![CDATA[org.openqa.selenium.ElementClickInterceptedException: 
element click intercepted: Element <a _ngcontent-nau-c58="" data-bs-toggle="modal" data-bs-target="#signUp" class="btn fs-14 btn-outline-secondary me-2 my-2 my-sm-0 ng-star-inserted">...</a> is not clickable at point (1455, 35). Other element would receive the click: <div _ngcontent-nau-c58="" id="signUp" tabindex="-1" data-bs-backdrop="static" data-bs-keyboard="false" role="dialog" aria-labelledby="modalTitleId" class="modal fade auth show" aria-modal="true" style="display: block;">...</div>
  (Session info: chrome=125.0.6422.142)
Build info: version: '4.21.0', revision: '79ed462ef4'
System info: os.name: 'Windows 11', os.arch: 'amd64', os.version: '10.0', java.version: '21.0.2'
Driver info: org.openqa.selenium.chrome.ChromeDriver
Command: [c967f58fc789d71360d77a8465e003cb, clickElement {id=f.29CBC6372905CA9C1B47D692C47A1F85.d.2FC97547DB331BDE1DBEF0CE08055B74.e.40}]
Capabilities {acceptInsecureCerts: false, browserName: chrome, browserVersion: 125.0.6422.142, chrome: {chromedriverVersion: 125.0.6422.141 (4b1e8393712..., userDataDir: C:\Users\basha\AppData\Loca...}, fedcm:accounts: true, goog:chromeOptions: {debuggerAddress: localhost:62672}, networkConnectionEnabled: false, pageLoadStrategy: normal, platformName: windows, proxy: Proxy(), se:cdp: ws://localhost:62672/devtoo..., se:cdpVersion: 125.0.6422.142, setWindowRect: true, strictFileInteractability: false, timeouts: {implicit: 0, pageLoad: 300000, script: 30000}, unhandledPromptBehavior: dismiss and notify, webauthn:extension:credBlob: true, webauthn:extension:largeBlob: true, webauthn:extension:minPinLength: true, webauthn:extension:prf: true, webauthn:virtualAuthenticators: true}
Element: [[ChromeDriver: chrome on windows (c967f58fc789d71360d77a8465e003cb)] -> xpath: /html/body/app-root/app-layout/app-header/header/nav/div/div/div/a[2]]
Session ID: c967f58fc789d71360d77a8465e003cb
	at java.base/jdk.internal.reflect.DirectConstructorHandleAccessor.newInstance(DirectConstructorHandleAccessor.java:62)
	at java.base/java.lang.reflect.Constructor.newInstanceWithCaller(Constructor.java:502)
	at java.base/java.lang.reflect.Constructor.newInstance(Constructor.java:486)
	at org.openqa.selenium.remote.ErrorCodec.decode(ErrorCodec.java:167)
	at org.openqa.selenium.remote.codec.w3c.W3CHttpResponseCodec.decode(W3CHttpResponseCodec.java:138)
	at org.openqa.selenium.remote.codec.w3c.W3CHttpResponseCodec.decode(W3CHttpResponseCodec.java:50)
	at org.openqa.selenium.remote.HttpCommandExecutor.execute(HttpCommandExecutor.java:190)
	at org.openqa.selenium.remote.service.DriverCommandExecutor.invokeExecute(DriverCommandExecutor.java:216)
	at org.openqa.selenium.remote.service.DriverCommandExecutor.execute(DriverCommandExecutor.java:174)
	at org.openqa.selenium.remote.RemoteWebDriver.execute(RemoteWebDriver.java:518)
	at org.openqa.selenium.remote.RemoteWebElement.execute(RemoteWebElement.java:223)
	at org.openqa.selenium.remote.RemoteWebElement.click(RemoteWebElement.java:76)
	at stepDefinitions.AccountCreationAndApprovalTest.Admin_logins_with_email_and_password_to_approve_a_user(AccountCreationAndApprovalTest.java:149)
	at ✽.The admin inputs their correct email address and password(file:///C:/Users/basha/Downloads/crypto-testing/src/test/java/features/AccountCreationAndApprovalTest.feature:13)
]]></failure>
    <system-out><![CDATA[
Scenario: admin approves a new user                                             # src/test/java/features/AccountCreationAndApprovalTest.feature:10
21:52:12.967 [main] DEBUG io.github.bonigarcia.wdm.WebDriverManager -- Using WebDriverManager 5.8.0
21:52:12.974 [main] DEBUG io.github.bonigarcia.wdm.cache.ResolutionCache -- Resolution chrome=125 in cache (valid until 22:09:28 15/06/2024 PDT)
21:52:12.975 [main] DEBUG io.github.bonigarcia.wdm.cache.ResolutionCache -- Resolution chrome125=125.0.6422.141 in cache (valid until 18:35:58 16/06/2024 PDT)
21:52:12.975 [main] INFO io.github.bonigarcia.wdm.WebDriverManager -- Using chromedriver 125.0.6422.141 (resolved driver for Chrome 125)
21:52:12.986 [main] DEBUG io.github.bonigarcia.wdm.WebDriverManager -- Driver chromedriver 125.0.6422.141 found in cache
21:52:12.987 [main] INFO io.github.bonigarcia.wdm.WebDriverManager -- Exporting webdriver.chrome.driver as C:\Users\basha\.cache\selenium\chromedriver\win64\125.0.6422.141\chromedriver.exe
21:52:13.544 [main] DEBUG io.github.bonigarcia.wdm.WebDriverManager -- Using WebDriverManager 5.8.0
21:52:13.555 [main] DEBUG io.github.bonigarcia.wdm.cache.ResolutionCache -- Resolution chrome=125 in cache (valid until 22:09:28 15/06/2024 PDT)
21:52:13.556 [main] DEBUG io.github.bonigarcia.wdm.cache.ResolutionCache -- Resolution chrome125=125.0.6422.141 in cache (valid until 18:35:58 16/06/2024 PDT)
21:52:13.556 [main] INFO io.github.bonigarcia.wdm.WebDriverManager -- Using chromedriver 125.0.6422.141 (resolved driver for Chrome 125)
21:52:13.566 [main] DEBUG io.github.bonigarcia.wdm.WebDriverManager -- Driver chromedriver 125.0.6422.141 found in cache
21:52:13.567 [main] INFO io.github.bonigarcia.wdm.WebDriverManager -- Exporting webdriver.chrome.driver as C:\Users\basha\.cache\selenium\chromedriver\win64\125.0.6422.141\chromedriver.exe
21:52:14.686 [main] DEBUG io.github.bonigarcia.wdm.WebDriverManager -- Using WebDriverManager 5.8.0
21:52:14.695 [main] DEBUG io.github.bonigarcia.wdm.cache.ResolutionCache -- Resolution chrome=125 in cache (valid until 22:09:28 15/06/2024 PDT)
21:52:14.696 [main] DEBUG io.github.bonigarcia.wdm.cache.ResolutionCache -- Resolution chrome125=125.0.6422.141 in cache (valid until 18:35:58 16/06/2024 PDT)
21:52:14.696 [main] INFO io.github.bonigarcia.wdm.WebDriverManager -- Using chromedriver 125.0.6422.141 (resolved driver for Chrome 125)
21:52:14.704 [main] DEBUG io.github.bonigarcia.wdm.WebDriverManager -- Driver chromedriver 125.0.6422.141 found in cache
21:52:14.704 [main] INFO io.github.bonigarcia.wdm.WebDriverManager -- Exporting webdriver.chrome.driver as C:\Users\basha\.cache\selenium\chromedriver\win64\125.0.6422.141\chromedriver.exe
21:52:15.849 [main] DEBUG io.github.bonigarcia.wdm.WebDriverManager -- Using WebDriverManager 5.8.0
21:52:15.860 [main] DEBUG io.github.bonigarcia.wdm.cache.ResolutionCache -- Resolution chrome=125 in cache (valid until 22:09:28 15/06/2024 PDT)
21:52:15.860 [main] DEBUG io.github.bonigarcia.wdm.cache.ResolutionCache -- Resolution chrome125=125.0.6422.141 in cache (valid until 18:35:58 16/06/2024 PDT)
21:52:15.860 [main] INFO io.github.bonigarcia.wdm.WebDriverManager -- Using chromedriver 125.0.6422.141 (resolved driver for Chrome 125)
21:52:15.869 [main] DEBUG io.github.bonigarcia.wdm.WebDriverManager -- Driver chromedriver 125.0.6422.141 found in cache
21:52:15.870 [main] INFO io.github.bonigarcia.wdm.WebDriverManager -- Exporting webdriver.chrome.driver as C:\Users\basha\.cache\selenium\chromedriver\win64\125.0.6422.141\chromedriver.exe
21:52:16.455 [main] DEBUG io.github.bonigarcia.wdm.WebDriverManager -- Using WebDriverManager 5.8.0
21:52:16.467 [main] DEBUG io.github.bonigarcia.wdm.cache.ResolutionCache -- Resolution chrome=125 in cache (valid until 22:09:28 15/06/2024 PDT)
21:52:16.468 [main] DEBUG io.github.bonigarcia.wdm.cache.ResolutionCache -- Resolution chrome125=125.0.6422.141 in cache (valid until 18:35:58 16/06/2024 PDT)
21:52:16.468 [main] INFO io.github.bonigarcia.wdm.WebDriverManager -- Using chromedriver 125.0.6422.141 (resolved driver for Chrome 125)
21:52:16.478 [main] DEBUG io.github.bonigarcia.wdm.WebDriverManager -- Driver chromedriver 125.0.6422.141 found in cache
21:52:16.479 [main] INFO io.github.bonigarcia.wdm.WebDriverManager -- Exporting webdriver.chrome.driver as C:\Users\basha\.cache\selenium\chromedriver\win64\125.0.6422.141\chromedriver.exe
  Given The admin visits the app's homepage                                     # stepDefinitions.AccountCreationAndApprovalTest.Admin_visits_home_page_to_approve_a_user()
  When The admin clicks on login button                                         # stepDefinitions.AccountCreationAndApprovalTest.Admin_clicks_on_login_button_to_approve_a_user()
  When The admin inputs their correct email address and password                # stepDefinitions.AccountCreationAndApprovalTest.Admin_logins_with_email_and_password_to_approve_a_user()
      org.openqa.selenium.ElementClickInterceptedException: element click intercepted: Element <a _ngcontent-nau-c58="" data-bs-toggle="modal" data-bs-target="#signUp" class="btn fs-14 btn-outline-secondary me-2 my-2 my-sm-0 ng-star-inserted">...</a> is not clickable at point (1455, 35). Other element would receive the click: <div _ngcontent-nau-c58="" id="signUp" tabindex="-1" data-bs-backdrop="static" data-bs-keyboard="false" role="dialog" aria-labelledby="modalTitleId" class="modal fade auth show" aria-modal="true" style="display: block;">...</div>
  (Session info: chrome=125.0.6422.142)
Build info: version: '4.21.0', revision: '79ed462ef4'
System info: os.name: 'Windows 11', os.arch: 'amd64', os.version: '10.0', java.version: '21.0.2'
Driver info: org.openqa.selenium.chrome.ChromeDriver
Command: [c967f58fc789d71360d77a8465e003cb, clickElement {id=f.29CBC6372905CA9C1B47D692C47A1F85.d.2FC97547DB331BDE1DBEF0CE08055B74.e.40}]
Capabilities {acceptInsecureCerts: false, browserName: chrome, browserVersion: 125.0.6422.142, chrome: {chromedriverVersion: 125.0.6422.141 (4b1e8393712..., userDataDir: C:\Users\basha\AppData\Loca...}, fedcm:accounts: true, goog:chromeOptions: {debuggerAddress: localhost:62672}, networkConnectionEnabled: false, pageLoadStrategy: normal, platformName: windows, proxy: Proxy(), se:cdp: ws://localhost:62672/devtoo..., se:cdpVersion: 125.0.6422.142, setWindowRect: true, strictFileInteractability: false, timeouts: {implicit: 0, pageLoad: 300000, script: 30000}, unhandledPromptBehavior: dismiss and notify, webauthn:extension:credBlob: true, webauthn:extension:largeBlob: true, webauthn:extension:minPinLength: true, webauthn:extension:prf: true, webauthn:virtualAuthenticators: true}
Element: [[ChromeDriver: chrome on windows (c967f58fc789d71360d77a8465e003cb)] -> xpath: /html/body/app-root/app-layout/app-header/header/nav/div/div/div/a[2]]
Session ID: c967f58fc789d71360d77a8465e003cb
	at java.base/jdk.internal.reflect.DirectConstructorHandleAccessor.newInstance(DirectConstructorHandleAccessor.java:62)
	at java.base/java.lang.reflect.Constructor.newInstanceWithCaller(Constructor.java:502)
	at java.base/java.lang.reflect.Constructor.newInstance(Constructor.java:486)
	at org.openqa.selenium.remote.ErrorCodec.decode(ErrorCodec.java:167)
	at org.openqa.selenium.remote.codec.w3c.W3CHttpResponseCodec.decode(W3CHttpResponseCodec.java:138)
	at org.openqa.selenium.remote.codec.w3c.W3CHttpResponseCodec.decode(W3CHttpResponseCodec.java:50)
	at org.openqa.selenium.remote.HttpCommandExecutor.execute(HttpCommandExecutor.java:190)
	at org.openqa.selenium.remote.service.DriverCommandExecutor.invokeExecute(DriverCommandExecutor.java:216)
	at org.openqa.selenium.remote.service.DriverCommandExecutor.execute(DriverCommandExecutor.java:174)
	at org.openqa.selenium.remote.RemoteWebDriver.execute(RemoteWebDriver.java:518)
	at org.openqa.selenium.remote.RemoteWebElement.execute(RemoteWebElement.java:223)
	at org.openqa.selenium.remote.RemoteWebElement.click(RemoteWebElement.java:76)
	at stepDefinitions.AccountCreationAndApprovalTest.Admin_logins_with_email_and_password_to_approve_a_user(AccountCreationAndApprovalTest.java:149)
	at ✽.The admin inputs their correct email address and password(file:///C:/Users/basha/Downloads/crypto-testing/src/test/java/features/AccountCreationAndApprovalTest.feature:13)

  When The admin visits Admin Panel to approve a user                           # stepDefinitions.AccountCreationAndApprovalTest.Admin_visits_Admin_Panel_to_approve_a_user()
  Then The admin clicks on the New Accounts tab and approves the first new user # stepDefinitions.AccountCreationAndApprovalTest.Admin_clicks_on_New_Accounts_tab_and_approves_user()
]]></system-out>
  </testcase>
  <testcase name="runScenario[&quot;admin tries to sign in&quot;, &quot;Account Creation and Approval&quot;](3)" classname="cuccumbersOptions.TestNGRunner" time="6.741">
    <failure message="element click intercepted: Element &lt;a _ngcontent-yuh-c58=&quot;&quot; data-bs-toggle=&quot;modal&quot; data-bs-target=&quot;#signUp&quot; class=&quot;btn fs-14 btn-outline-secondary me-2 my-2 my-sm-0 ng-star-inserted&quot;&gt;...&lt;/a&gt; is not clickable at point (1455, 35). Other element would receive the click: &lt;div _ngcontent-yuh-c58=&quot;&quot; id=&quot;signUp&quot; tabindex=&quot;-1&quot; data-bs-backdrop=&quot;static&quot; data-bs-keyboard=&quot;false&quot; role=&quot;dialog&quot; aria-labelledby=&quot;modalTitleId&quot; class=&quot;modal fade auth show&quot; aria-modal=&quot;true&quot; style=&quot;display: block;&quot;&gt;...&lt;/div&gt;&#10;  (Session info: chrome=125.0.6422.142)&#10;Build info: version: &apos;4.21.0&apos;, revision: &apos;79ed462ef4&apos;&#10;System info: os.name: &apos;Windows 11&apos;, os.arch: &apos;amd64&apos;, os.version: &apos;10.0&apos;, java.version: &apos;21.0.2&apos;&#10;Driver info: org.openqa.selenium.chrome.ChromeDriver&#10;Command: [1855bf8b9ede67106a3eb1343446ab82, clickElement {id=f.494388E5523296A887D5D8E47F1F7248.d.5E23BF972EF611ADE6736F61B0D139C3.e.40}]&#10;Capabilities {acceptInsecureCerts: false, browserName: chrome, browserVersion: 125.0.6422.142, chrome: {chromedriverVersion: 125.0.6422.141 (4b1e8393712..., userDataDir: C:\Users\basha\AppData\Loca...}, fedcm:accounts: true, goog:chromeOptions: {debuggerAddress: localhost:62793}, networkConnectionEnabled: false, pageLoadStrategy: normal, platformName: windows, proxy: Proxy(), se:cdp: ws://localhost:62793/devtoo..., se:cdpVersion: 125.0.6422.142, setWindowRect: true, strictFileInteractability: false, timeouts: {implicit: 0, pageLoad: 300000, script: 30000}, unhandledPromptBehavior: dismiss and notify, webauthn:extension:credBlob: true, webauthn:extension:largeBlob: true, webauthn:extension:minPinLength: true, webauthn:extension:prf: true, webauthn:virtualAuthenticators: true}&#10;Element: [[ChromeDriver: chrome on windows (1855bf8b9ede67106a3eb1343446ab82)] -&gt; xpath: /html/body/app-root/app-layout/app-header/header/nav/div/div/div/a[2]]&#10;Session ID: 1855bf8b9ede67106a3eb1343446ab82" type="org.openqa.selenium.ElementClickInterceptedException"><![CDATA[org.openqa.selenium.ElementClickInterceptedException: 
element click intercepted: Element <a _ngcontent-yuh-c58="" data-bs-toggle="modal" data-bs-target="#signUp" class="btn fs-14 btn-outline-secondary me-2 my-2 my-sm-0 ng-star-inserted">...</a> is not clickable at point (1455, 35). Other element would receive the click: <div _ngcontent-yuh-c58="" id="signUp" tabindex="-1" data-bs-backdrop="static" data-bs-keyboard="false" role="dialog" aria-labelledby="modalTitleId" class="modal fade auth show" aria-modal="true" style="display: block;">...</div>
  (Session info: chrome=125.0.6422.142)
Build info: version: '4.21.0', revision: '79ed462ef4'
System info: os.name: 'Windows 11', os.arch: 'amd64', os.version: '10.0', java.version: '21.0.2'
Driver info: org.openqa.selenium.chrome.ChromeDriver
Command: [1855bf8b9ede67106a3eb1343446ab82, clickElement {id=f.494388E5523296A887D5D8E47F1F7248.d.5E23BF972EF611ADE6736F61B0D139C3.e.40}]
Capabilities {acceptInsecureCerts: false, browserName: chrome, browserVersion: 125.0.6422.142, chrome: {chromedriverVersion: 125.0.6422.141 (4b1e8393712..., userDataDir: C:\Users\basha\AppData\Loca...}, fedcm:accounts: true, goog:chromeOptions: {debuggerAddress: localhost:62793}, networkConnectionEnabled: false, pageLoadStrategy: normal, platformName: windows, proxy: Proxy(), se:cdp: ws://localhost:62793/devtoo..., se:cdpVersion: 125.0.6422.142, setWindowRect: true, strictFileInteractability: false, timeouts: {implicit: 0, pageLoad: 300000, script: 30000}, unhandledPromptBehavior: dismiss and notify, webauthn:extension:credBlob: true, webauthn:extension:largeBlob: true, webauthn:extension:minPinLength: true, webauthn:extension:prf: true, webauthn:virtualAuthenticators: true}
Element: [[ChromeDriver: chrome on windows (1855bf8b9ede67106a3eb1343446ab82)] -> xpath: /html/body/app-root/app-layout/app-header/header/nav/div/div/div/a[2]]
Session ID: 1855bf8b9ede67106a3eb1343446ab82
	at java.base/jdk.internal.reflect.DirectConstructorHandleAccessor.newInstance(DirectConstructorHandleAccessor.java:62)
	at java.base/java.lang.reflect.Constructor.newInstanceWithCaller(Constructor.java:502)
	at java.base/java.lang.reflect.Constructor.newInstance(Constructor.java:486)
	at org.openqa.selenium.remote.ErrorCodec.decode(ErrorCodec.java:167)
	at org.openqa.selenium.remote.codec.w3c.W3CHttpResponseCodec.decode(W3CHttpResponseCodec.java:138)
	at org.openqa.selenium.remote.codec.w3c.W3CHttpResponseCodec.decode(W3CHttpResponseCodec.java:50)
	at org.openqa.selenium.remote.HttpCommandExecutor.execute(HttpCommandExecutor.java:190)
	at org.openqa.selenium.remote.service.DriverCommandExecutor.invokeExecute(DriverCommandExecutor.java:216)
	at org.openqa.selenium.remote.service.DriverCommandExecutor.execute(DriverCommandExecutor.java:174)
	at org.openqa.selenium.remote.RemoteWebDriver.execute(RemoteWebDriver.java:518)
	at org.openqa.selenium.remote.RemoteWebElement.execute(RemoteWebElement.java:223)
	at org.openqa.selenium.remote.RemoteWebElement.click(RemoteWebElement.java:76)
	at stepDefinitions.AccountCreationAndApprovalTest.Admin_logins_with_email_and_password_to_approve_a_user(AccountCreationAndApprovalTest.java:149)
	at ✽.The admin inputs their correct email address and password(file:///C:/Users/basha/Downloads/crypto-testing/src/test/java/features/AccountCreationAndApprovalTest.feature:20)
]]></failure>
    <system-out><![CDATA[
Scenario: admin tries to sign in                                         # src/test/java/features/AccountCreationAndApprovalTest.feature:17
21:52:19.664 [main] DEBUG io.github.bonigarcia.wdm.WebDriverManager -- Using WebDriverManager 5.8.0
21:52:19.673 [main] DEBUG io.github.bonigarcia.wdm.cache.ResolutionCache -- Resolution chrome=125 in cache (valid until 22:09:28 15/06/2024 PDT)
21:52:19.673 [main] DEBUG io.github.bonigarcia.wdm.cache.ResolutionCache -- Resolution chrome125=125.0.6422.141 in cache (valid until 18:35:58 16/06/2024 PDT)
21:52:19.674 [main] INFO io.github.bonigarcia.wdm.WebDriverManager -- Using chromedriver 125.0.6422.141 (resolved driver for Chrome 125)
21:52:19.684 [main] DEBUG io.github.bonigarcia.wdm.WebDriverManager -- Driver chromedriver 125.0.6422.141 found in cache
21:52:19.685 [main] INFO io.github.bonigarcia.wdm.WebDriverManager -- Exporting webdriver.chrome.driver as C:\Users\basha\.cache\selenium\chromedriver\win64\125.0.6422.141\chromedriver.exe
21:52:20.265 [main] DEBUG io.github.bonigarcia.wdm.WebDriverManager -- Using WebDriverManager 5.8.0
21:52:20.276 [main] DEBUG io.github.bonigarcia.wdm.cache.ResolutionCache -- Resolution chrome=125 in cache (valid until 22:09:28 15/06/2024 PDT)
21:52:20.277 [main] DEBUG io.github.bonigarcia.wdm.cache.ResolutionCache -- Resolution chrome125=125.0.6422.141 in cache (valid until 18:35:58 16/06/2024 PDT)
21:52:20.277 [main] INFO io.github.bonigarcia.wdm.WebDriverManager -- Using chromedriver 125.0.6422.141 (resolved driver for Chrome 125)
21:52:20.286 [main] DEBUG io.github.bonigarcia.wdm.WebDriverManager -- Driver chromedriver 125.0.6422.141 found in cache
21:52:20.287 [main] INFO io.github.bonigarcia.wdm.WebDriverManager -- Exporting webdriver.chrome.driver as C:\Users\basha\.cache\selenium\chromedriver\win64\125.0.6422.141\chromedriver.exe
21:52:21.459 [main] DEBUG io.github.bonigarcia.wdm.WebDriverManager -- Using WebDriverManager 5.8.0
21:52:21.469 [main] DEBUG io.github.bonigarcia.wdm.cache.ResolutionCache -- Resolution chrome=125 in cache (valid until 22:09:28 15/06/2024 PDT)
21:52:21.470 [main] DEBUG io.github.bonigarcia.wdm.cache.ResolutionCache -- Resolution chrome125=125.0.6422.141 in cache (valid until 18:35:58 16/06/2024 PDT)
21:52:21.470 [main] INFO io.github.bonigarcia.wdm.WebDriverManager -- Using chromedriver 125.0.6422.141 (resolved driver for Chrome 125)
21:52:21.483 [main] DEBUG io.github.bonigarcia.wdm.WebDriverManager -- Driver chromedriver 125.0.6422.141 found in cache
21:52:21.483 [main] INFO io.github.bonigarcia.wdm.WebDriverManager -- Exporting webdriver.chrome.driver as C:\Users\basha\.cache\selenium\chromedriver\win64\125.0.6422.141\chromedriver.exe
21:52:22.598 [main] DEBUG io.github.bonigarcia.wdm.WebDriverManager -- Using WebDriverManager 5.8.0
21:52:22.603 [main] DEBUG io.github.bonigarcia.wdm.cache.ResolutionCache -- Resolution chrome=125 in cache (valid until 22:09:28 15/06/2024 PDT)
21:52:22.603 [main] DEBUG io.github.bonigarcia.wdm.cache.ResolutionCache -- Resolution chrome125=125.0.6422.141 in cache (valid until 18:35:58 16/06/2024 PDT)
21:52:22.603 [main] INFO io.github.bonigarcia.wdm.WebDriverManager -- Using chromedriver 125.0.6422.141 (resolved driver for Chrome 125)
21:52:22.607 [main] DEBUG io.github.bonigarcia.wdm.WebDriverManager -- Driver chromedriver 125.0.6422.141 found in cache
21:52:22.607 [main] INFO io.github.bonigarcia.wdm.WebDriverManager -- Exporting webdriver.chrome.driver as C:\Users\basha\.cache\selenium\chromedriver\win64\125.0.6422.141\chromedriver.exe
21:52:23.186 [main] DEBUG io.github.bonigarcia.wdm.WebDriverManager -- Using WebDriverManager 5.8.0
21:52:23.199 [main] DEBUG io.github.bonigarcia.wdm.cache.ResolutionCache -- Resolution chrome=125 in cache (valid until 22:09:28 15/06/2024 PDT)
21:52:23.200 [main] DEBUG io.github.bonigarcia.wdm.cache.ResolutionCache -- Resolution chrome125=125.0.6422.141 in cache (valid until 18:35:58 16/06/2024 PDT)
21:52:23.200 [main] INFO io.github.bonigarcia.wdm.WebDriverManager -- Using chromedriver 125.0.6422.141 (resolved driver for Chrome 125)
21:52:23.210 [main] DEBUG io.github.bonigarcia.wdm.WebDriverManager -- Driver chromedriver 125.0.6422.141 found in cache
21:52:23.211 [main] INFO io.github.bonigarcia.wdm.WebDriverManager -- Exporting webdriver.chrome.driver as C:\Users\basha\.cache\selenium\chromedriver\win64\125.0.6422.141\chromedriver.exe
  Given The admin visits the app's homepage                              # stepDefinitions.AccountCreationAndApprovalTest.Admin_visits_home_page_to_approve_a_user()
  When The admin clicks on login button                                  # stepDefinitions.AccountCreationAndApprovalTest.Admin_clicks_on_login_button_to_approve_a_user()
  When The admin inputs their correct email address and password         # stepDefinitions.AccountCreationAndApprovalTest.Admin_logins_with_email_and_password_to_approve_a_user()
      org.openqa.selenium.ElementClickInterceptedException: element click intercepted: Element <a _ngcontent-yuh-c58="" data-bs-toggle="modal" data-bs-target="#signUp" class="btn fs-14 btn-outline-secondary me-2 my-2 my-sm-0 ng-star-inserted">...</a> is not clickable at point (1455, 35). Other element would receive the click: <div _ngcontent-yuh-c58="" id="signUp" tabindex="-1" data-bs-backdrop="static" data-bs-keyboard="false" role="dialog" aria-labelledby="modalTitleId" class="modal fade auth show" aria-modal="true" style="display: block;">...</div>
  (Session info: chrome=125.0.6422.142)
Build info: version: '4.21.0', revision: '79ed462ef4'
System info: os.name: 'Windows 11', os.arch: 'amd64', os.version: '10.0', java.version: '21.0.2'
Driver info: org.openqa.selenium.chrome.ChromeDriver
Command: [1855bf8b9ede67106a3eb1343446ab82, clickElement {id=f.494388E5523296A887D5D8E47F1F7248.d.5E23BF972EF611ADE6736F61B0D139C3.e.40}]
Capabilities {acceptInsecureCerts: false, browserName: chrome, browserVersion: 125.0.6422.142, chrome: {chromedriverVersion: 125.0.6422.141 (4b1e8393712..., userDataDir: C:\Users\basha\AppData\Loca...}, fedcm:accounts: true, goog:chromeOptions: {debuggerAddress: localhost:62793}, networkConnectionEnabled: false, pageLoadStrategy: normal, platformName: windows, proxy: Proxy(), se:cdp: ws://localhost:62793/devtoo..., se:cdpVersion: 125.0.6422.142, setWindowRect: true, strictFileInteractability: false, timeouts: {implicit: 0, pageLoad: 300000, script: 30000}, unhandledPromptBehavior: dismiss and notify, webauthn:extension:credBlob: true, webauthn:extension:largeBlob: true, webauthn:extension:minPinLength: true, webauthn:extension:prf: true, webauthn:virtualAuthenticators: true}
Element: [[ChromeDriver: chrome on windows (1855bf8b9ede67106a3eb1343446ab82)] -> xpath: /html/body/app-root/app-layout/app-header/header/nav/div/div/div/a[2]]
Session ID: 1855bf8b9ede67106a3eb1343446ab82
	at java.base/jdk.internal.reflect.DirectConstructorHandleAccessor.newInstance(DirectConstructorHandleAccessor.java:62)
	at java.base/java.lang.reflect.Constructor.newInstanceWithCaller(Constructor.java:502)
	at java.base/java.lang.reflect.Constructor.newInstance(Constructor.java:486)
	at org.openqa.selenium.remote.ErrorCodec.decode(ErrorCodec.java:167)
	at org.openqa.selenium.remote.codec.w3c.W3CHttpResponseCodec.decode(W3CHttpResponseCodec.java:138)
	at org.openqa.selenium.remote.codec.w3c.W3CHttpResponseCodec.decode(W3CHttpResponseCodec.java:50)
	at org.openqa.selenium.remote.HttpCommandExecutor.execute(HttpCommandExecutor.java:190)
	at org.openqa.selenium.remote.service.DriverCommandExecutor.invokeExecute(DriverCommandExecutor.java:216)
	at org.openqa.selenium.remote.service.DriverCommandExecutor.execute(DriverCommandExecutor.java:174)
	at org.openqa.selenium.remote.RemoteWebDriver.execute(RemoteWebDriver.java:518)
	at org.openqa.selenium.remote.RemoteWebElement.execute(RemoteWebElement.java:223)
	at org.openqa.selenium.remote.RemoteWebElement.click(RemoteWebElement.java:76)
	at stepDefinitions.AccountCreationAndApprovalTest.Admin_logins_with_email_and_password_to_approve_a_user(AccountCreationAndApprovalTest.java:149)
	at ✽.The admin inputs their correct email address and password(file:///C:/Users/basha/Downloads/crypto-testing/src/test/java/features/AccountCreationAndApprovalTest.feature:20)

  Then The admin should be signed and access the website functionalities # stepDefinitions.AccountCreationAndApprovalTest.Admin_is_signed_in()
]]></system-out>
  </testcase>
  <testcase name="runScenario[&quot;User tries to sign&quot;, &quot;Account Creation and Approval&quot;](4)" classname="cuccumbersOptions.TestNGRunner" time="6.849">
    <failure message="element click intercepted: Element &lt;a _ngcontent-hde-c58=&quot;&quot; data-bs-toggle=&quot;modal&quot; data-bs-target=&quot;#signUp&quot; class=&quot;btn fs-14 btn-outline-secondary me-2 my-2 my-sm-0 ng-star-inserted&quot;&gt;...&lt;/a&gt; is not clickable at point (1455, 35). Other element would receive the click: &lt;div _ngcontent-hde-c58=&quot;&quot; id=&quot;signUp&quot; tabindex=&quot;-1&quot; data-bs-backdrop=&quot;static&quot; data-bs-keyboard=&quot;false&quot; role=&quot;dialog&quot; aria-labelledby=&quot;modalTitleId&quot; class=&quot;modal fade auth show&quot; aria-modal=&quot;true&quot; style=&quot;display: block;&quot;&gt;...&lt;/div&gt;&#10;  (Session info: chrome=125.0.6422.142)&#10;Build info: version: &apos;4.21.0&apos;, revision: &apos;79ed462ef4&apos;&#10;System info: os.name: &apos;Windows 11&apos;, os.arch: &apos;amd64&apos;, os.version: &apos;10.0&apos;, java.version: &apos;21.0.2&apos;&#10;Driver info: org.openqa.selenium.chrome.ChromeDriver&#10;Command: [1c507be407da46d00035393eb0bc5748, clickElement {id=f.911331D5928C6B5DF08B6D6724D31C79.d.28319E9DE66F40AB95A21FB9B704748B.e.40}]&#10;Capabilities {acceptInsecureCerts: false, browserName: chrome, browserVersion: 125.0.6422.142, chrome: {chromedriverVersion: 125.0.6422.141 (4b1e8393712..., userDataDir: C:\Users\basha\AppData\Loca...}, fedcm:accounts: true, goog:chromeOptions: {debuggerAddress: localhost:62913}, networkConnectionEnabled: false, pageLoadStrategy: normal, platformName: windows, proxy: Proxy(), se:cdp: ws://localhost:62913/devtoo..., se:cdpVersion: 125.0.6422.142, setWindowRect: true, strictFileInteractability: false, timeouts: {implicit: 0, pageLoad: 300000, script: 30000}, unhandledPromptBehavior: dismiss and notify, webauthn:extension:credBlob: true, webauthn:extension:largeBlob: true, webauthn:extension:minPinLength: true, webauthn:extension:prf: true, webauthn:virtualAuthenticators: true}&#10;Element: [[ChromeDriver: chrome on windows (1c507be407da46d00035393eb0bc5748)] -&gt; xpath: /html/body/app-root/app-layout/app-header/header/nav/div/div/div/a[2]]&#10;Session ID: 1c507be407da46d00035393eb0bc5748" type="org.openqa.selenium.ElementClickInterceptedException"><![CDATA[org.openqa.selenium.ElementClickInterceptedException: 
element click intercepted: Element <a _ngcontent-hde-c58="" data-bs-toggle="modal" data-bs-target="#signUp" class="btn fs-14 btn-outline-secondary me-2 my-2 my-sm-0 ng-star-inserted">...</a> is not clickable at point (1455, 35). Other element would receive the click: <div _ngcontent-hde-c58="" id="signUp" tabindex="-1" data-bs-backdrop="static" data-bs-keyboard="false" role="dialog" aria-labelledby="modalTitleId" class="modal fade auth show" aria-modal="true" style="display: block;">...</div>
  (Session info: chrome=125.0.6422.142)
Build info: version: '4.21.0', revision: '79ed462ef4'
System info: os.name: 'Windows 11', os.arch: 'amd64', os.version: '10.0', java.version: '21.0.2'
Driver info: org.openqa.selenium.chrome.ChromeDriver
Command: [1c507be407da46d00035393eb0bc5748, clickElement {id=f.911331D5928C6B5DF08B6D6724D31C79.d.28319E9DE66F40AB95A21FB9B704748B.e.40}]
Capabilities {acceptInsecureCerts: false, browserName: chrome, browserVersion: 125.0.6422.142, chrome: {chromedriverVersion: 125.0.6422.141 (4b1e8393712..., userDataDir: C:\Users\basha\AppData\Loca...}, fedcm:accounts: true, goog:chromeOptions: {debuggerAddress: localhost:62913}, networkConnectionEnabled: false, pageLoadStrategy: normal, platformName: windows, proxy: Proxy(), se:cdp: ws://localhost:62913/devtoo..., se:cdpVersion: 125.0.6422.142, setWindowRect: true, strictFileInteractability: false, timeouts: {implicit: 0, pageLoad: 300000, script: 30000}, unhandledPromptBehavior: dismiss and notify, webauthn:extension:credBlob: true, webauthn:extension:largeBlob: true, webauthn:extension:minPinLength: true, webauthn:extension:prf: true, webauthn:virtualAuthenticators: true}
Element: [[ChromeDriver: chrome on windows (1c507be407da46d00035393eb0bc5748)] -> xpath: /html/body/app-root/app-layout/app-header/header/nav/div/div/div/a[2]]
Session ID: 1c507be407da46d00035393eb0bc5748
	at java.base/jdk.internal.reflect.DirectConstructorHandleAccessor.newInstance(DirectConstructorHandleAccessor.java:62)
	at java.base/java.lang.reflect.Constructor.newInstanceWithCaller(Constructor.java:502)
	at java.base/java.lang.reflect.Constructor.newInstance(Constructor.java:486)
	at org.openqa.selenium.remote.ErrorCodec.decode(ErrorCodec.java:167)
	at org.openqa.selenium.remote.codec.w3c.W3CHttpResponseCodec.decode(W3CHttpResponseCodec.java:138)
	at org.openqa.selenium.remote.codec.w3c.W3CHttpResponseCodec.decode(W3CHttpResponseCodec.java:50)
	at org.openqa.selenium.remote.HttpCommandExecutor.execute(HttpCommandExecutor.java:190)
	at org.openqa.selenium.remote.service.DriverCommandExecutor.invokeExecute(DriverCommandExecutor.java:216)
	at org.openqa.selenium.remote.service.DriverCommandExecutor.execute(DriverCommandExecutor.java:174)
	at org.openqa.selenium.remote.RemoteWebDriver.execute(RemoteWebDriver.java:518)
	at org.openqa.selenium.remote.RemoteWebElement.execute(RemoteWebElement.java:223)
	at org.openqa.selenium.remote.RemoteWebElement.click(RemoteWebElement.java:76)
	at stepDefinitions.AccountCreationAndApprovalTest.The_user_logins_with_correct_email_address_and_password(AccountCreationAndApprovalTest.java:207)
	at ✽.The user logins with correct email address and password(file:///C:/Users/basha/Downloads/crypto-testing/src/test/java/features/AccountCreationAndApprovalTest.feature:26)
]]></failure>
    <system-out><![CDATA[
Scenario: User tries to sign                                               # src/test/java/features/AccountCreationAndApprovalTest.feature:23
21:52:26.406 [main] DEBUG io.github.bonigarcia.wdm.WebDriverManager -- Using WebDriverManager 5.8.0
21:52:26.418 [main] DEBUG io.github.bonigarcia.wdm.cache.ResolutionCache -- Resolution chrome=125 in cache (valid until 22:09:28 15/06/2024 PDT)
21:52:26.419 [main] DEBUG io.github.bonigarcia.wdm.cache.ResolutionCache -- Resolution chrome125=125.0.6422.141 in cache (valid until 18:35:58 16/06/2024 PDT)
21:52:26.419 [main] INFO io.github.bonigarcia.wdm.WebDriverManager -- Using chromedriver 125.0.6422.141 (resolved driver for Chrome 125)
21:52:26.429 [main] DEBUG io.github.bonigarcia.wdm.WebDriverManager -- Driver chromedriver 125.0.6422.141 found in cache
21:52:26.430 [main] INFO io.github.bonigarcia.wdm.WebDriverManager -- Exporting webdriver.chrome.driver as C:\Users\basha\.cache\selenium\chromedriver\win64\125.0.6422.141\chromedriver.exe
21:52:27.024 [main] DEBUG io.github.bonigarcia.wdm.WebDriverManager -- Using WebDriverManager 5.8.0
21:52:27.036 [main] DEBUG io.github.bonigarcia.wdm.cache.ResolutionCache -- Resolution chrome=125 in cache (valid until 22:09:28 15/06/2024 PDT)
21:52:27.037 [main] DEBUG io.github.bonigarcia.wdm.cache.ResolutionCache -- Resolution chrome125=125.0.6422.141 in cache (valid until 18:35:58 16/06/2024 PDT)
21:52:27.037 [main] INFO io.github.bonigarcia.wdm.WebDriverManager -- Using chromedriver 125.0.6422.141 (resolved driver for Chrome 125)
21:52:27.048 [main] DEBUG io.github.bonigarcia.wdm.WebDriverManager -- Driver chromedriver 125.0.6422.141 found in cache
21:52:27.049 [main] INFO io.github.bonigarcia.wdm.WebDriverManager -- Exporting webdriver.chrome.driver as C:\Users\basha\.cache\selenium\chromedriver\win64\125.0.6422.141\chromedriver.exe
21:52:28.175 [main] DEBUG io.github.bonigarcia.wdm.WebDriverManager -- Using WebDriverManager 5.8.0
21:52:28.187 [main] DEBUG io.github.bonigarcia.wdm.cache.ResolutionCache -- Resolution chrome=125 in cache (valid until 22:09:28 15/06/2024 PDT)
21:52:28.187 [main] DEBUG io.github.bonigarcia.wdm.cache.ResolutionCache -- Resolution chrome125=125.0.6422.141 in cache (valid until 18:35:58 16/06/2024 PDT)
21:52:28.188 [main] INFO io.github.bonigarcia.wdm.WebDriverManager -- Using chromedriver 125.0.6422.141 (resolved driver for Chrome 125)
21:52:28.196 [main] DEBUG io.github.bonigarcia.wdm.WebDriverManager -- Driver chromedriver 125.0.6422.141 found in cache
21:52:28.197 [main] INFO io.github.bonigarcia.wdm.WebDriverManager -- Exporting webdriver.chrome.driver as C:\Users\basha\.cache\selenium\chromedriver\win64\125.0.6422.141\chromedriver.exe
21:52:29.430 [main] DEBUG io.github.bonigarcia.wdm.WebDriverManager -- Using WebDriverManager 5.8.0
21:52:29.441 [main] DEBUG io.github.bonigarcia.wdm.cache.ResolutionCache -- Resolution chrome=125 in cache (valid until 22:09:28 15/06/2024 PDT)
21:52:29.442 [main] DEBUG io.github.bonigarcia.wdm.cache.ResolutionCache -- Resolution chrome125=125.0.6422.141 in cache (valid until 18:35:58 16/06/2024 PDT)
21:52:29.442 [main] INFO io.github.bonigarcia.wdm.WebDriverManager -- Using chromedriver 125.0.6422.141 (resolved driver for Chrome 125)
21:52:29.451 [main] DEBUG io.github.bonigarcia.wdm.WebDriverManager -- Driver chromedriver 125.0.6422.141 found in cache
21:52:29.451 [main] INFO io.github.bonigarcia.wdm.WebDriverManager -- Exporting webdriver.chrome.driver as C:\Users\basha\.cache\selenium\chromedriver\win64\125.0.6422.141\chromedriver.exe
21:52:30.036 [main] DEBUG io.github.bonigarcia.wdm.WebDriverManager -- Using WebDriverManager 5.8.0
21:52:30.046 [main] DEBUG io.github.bonigarcia.wdm.cache.ResolutionCache -- Resolution chrome=125 in cache (valid until 22:09:28 15/06/2024 PDT)
21:52:30.047 [main] DEBUG io.github.bonigarcia.wdm.cache.ResolutionCache -- Resolution chrome125=125.0.6422.141 in cache (valid until 18:35:58 16/06/2024 PDT)
21:52:30.047 [main] INFO io.github.bonigarcia.wdm.WebDriverManager -- Using chromedriver 125.0.6422.141 (resolved driver for Chrome 125)
21:52:30.054 [main] DEBUG io.github.bonigarcia.wdm.WebDriverManager -- Driver chromedriver 125.0.6422.141 found in cache
21:52:30.055 [main] INFO io.github.bonigarcia.wdm.WebDriverManager -- Exporting webdriver.chrome.driver as C:\Users\basha\.cache\selenium\chromedriver\win64\125.0.6422.141\chromedriver.exe
  Given The user visits homepage                                           # stepDefinitions.AccountCreationAndApprovalTest.the_user_visits_homepage()
  When The user clicks on the log in button                                # stepDefinitions.AccountCreationAndApprovalTest.User_clicks_on_log_in()
  When The user logins with correct email address and password             # stepDefinitions.AccountCreationAndApprovalTest.The_user_logins_with_correct_email_address_and_password()
      org.openqa.selenium.ElementClickInterceptedException: element click intercepted: Element <a _ngcontent-hde-c58="" data-bs-toggle="modal" data-bs-target="#signUp" class="btn fs-14 btn-outline-secondary me-2 my-2 my-sm-0 ng-star-inserted">...</a> is not clickable at point (1455, 35). Other element would receive the click: <div _ngcontent-hde-c58="" id="signUp" tabindex="-1" data-bs-backdrop="static" data-bs-keyboard="false" role="dialog" aria-labelledby="modalTitleId" class="modal fade auth show" aria-modal="true" style="display: block;">...</div>
  (Session info: chrome=125.0.6422.142)
Build info: version: '4.21.0', revision: '79ed462ef4'
System info: os.name: 'Windows 11', os.arch: 'amd64', os.version: '10.0', java.version: '21.0.2'
Driver info: org.openqa.selenium.chrome.ChromeDriver
Command: [1c507be407da46d00035393eb0bc5748, clickElement {id=f.911331D5928C6B5DF08B6D6724D31C79.d.28319E9DE66F40AB95A21FB9B704748B.e.40}]
Capabilities {acceptInsecureCerts: false, browserName: chrome, browserVersion: 125.0.6422.142, chrome: {chromedriverVersion: 125.0.6422.141 (4b1e8393712..., userDataDir: C:\Users\basha\AppData\Loca...}, fedcm:accounts: true, goog:chromeOptions: {debuggerAddress: localhost:62913}, networkConnectionEnabled: false, pageLoadStrategy: normal, platformName: windows, proxy: Proxy(), se:cdp: ws://localhost:62913/devtoo..., se:cdpVersion: 125.0.6422.142, setWindowRect: true, strictFileInteractability: false, timeouts: {implicit: 0, pageLoad: 300000, script: 30000}, unhandledPromptBehavior: dismiss and notify, webauthn:extension:credBlob: true, webauthn:extension:largeBlob: true, webauthn:extension:minPinLength: true, webauthn:extension:prf: true, webauthn:virtualAuthenticators: true}
Element: [[ChromeDriver: chrome on windows (1c507be407da46d00035393eb0bc5748)] -> xpath: /html/body/app-root/app-layout/app-header/header/nav/div/div/div/a[2]]
Session ID: 1c507be407da46d00035393eb0bc5748
	at java.base/jdk.internal.reflect.DirectConstructorHandleAccessor.newInstance(DirectConstructorHandleAccessor.java:62)
	at java.base/java.lang.reflect.Constructor.newInstanceWithCaller(Constructor.java:502)
	at java.base/java.lang.reflect.Constructor.newInstance(Constructor.java:486)
	at org.openqa.selenium.remote.ErrorCodec.decode(ErrorCodec.java:167)
	at org.openqa.selenium.remote.codec.w3c.W3CHttpResponseCodec.decode(W3CHttpResponseCodec.java:138)
	at org.openqa.selenium.remote.codec.w3c.W3CHttpResponseCodec.decode(W3CHttpResponseCodec.java:50)
	at org.openqa.selenium.remote.HttpCommandExecutor.execute(HttpCommandExecutor.java:190)
	at org.openqa.selenium.remote.service.DriverCommandExecutor.invokeExecute(DriverCommandExecutor.java:216)
	at org.openqa.selenium.remote.service.DriverCommandExecutor.execute(DriverCommandExecutor.java:174)
	at org.openqa.selenium.remote.RemoteWebDriver.execute(RemoteWebDriver.java:518)
	at org.openqa.selenium.remote.RemoteWebElement.execute(RemoteWebElement.java:223)
	at org.openqa.selenium.remote.RemoteWebElement.click(RemoteWebElement.java:76)
	at stepDefinitions.AccountCreationAndApprovalTest.The_user_logins_with_correct_email_address_and_password(AccountCreationAndApprovalTest.java:207)
	at ✽.The user logins with correct email address and password(file:///C:/Users/basha/Downloads/crypto-testing/src/test/java/features/AccountCreationAndApprovalTest.feature:26)

  Then The user should be signed in and access the website functionalities # stepDefinitions.AccountCreationAndApprovalTest.The_user_should_be_signed_and_access_the_website_functionalities()
]]></system-out>
  </testcase>
  <testcase name="runScenario[&quot;User tries to sign in with incorrect email address&quot;, &quot;Account Creation and Approval&quot;](5)" classname="cuccumbersOptions.TestNGRunner" time="6.93">
    <failure message="element click intercepted: Element &lt;a _ngcontent-nhn-c58=&quot;&quot; data-bs-toggle=&quot;modal&quot; data-bs-target=&quot;#signUp&quot; class=&quot;btn fs-14 btn-outline-secondary me-2 my-2 my-sm-0 ng-star-inserted&quot;&gt;...&lt;/a&gt; is not clickable at point (1455, 35). Other element would receive the click: &lt;div _ngcontent-nhn-c58=&quot;&quot; id=&quot;signUp&quot; tabindex=&quot;-1&quot; data-bs-backdrop=&quot;static&quot; data-bs-keyboard=&quot;false&quot; role=&quot;dialog&quot; aria-labelledby=&quot;modalTitleId&quot; class=&quot;modal fade auth show&quot; aria-modal=&quot;true&quot; style=&quot;display: block;&quot;&gt;...&lt;/div&gt;&#10;  (Session info: chrome=125.0.6422.142)&#10;Build info: version: &apos;4.21.0&apos;, revision: &apos;79ed462ef4&apos;&#10;System info: os.name: &apos;Windows 11&apos;, os.arch: &apos;amd64&apos;, os.version: &apos;10.0&apos;, java.version: &apos;21.0.2&apos;&#10;Driver info: org.openqa.selenium.chrome.ChromeDriver&#10;Command: [ede91497755c18e3deac69505fb9f1d0, clickElement {id=f.385EED7A9E425617B370FC2938BF0A1D.d.8659CE1F971939CDA957EC5A27EA043C.e.40}]&#10;Capabilities {acceptInsecureCerts: false, browserName: chrome, browserVersion: 125.0.6422.142, chrome: {chromedriverVersion: 125.0.6422.141 (4b1e8393712..., userDataDir: C:\Users\basha\AppData\Loca...}, fedcm:accounts: true, goog:chromeOptions: {debuggerAddress: localhost:63036}, networkConnectionEnabled: false, pageLoadStrategy: normal, platformName: windows, proxy: Proxy(), se:cdp: ws://localhost:63036/devtoo..., se:cdpVersion: 125.0.6422.142, setWindowRect: true, strictFileInteractability: false, timeouts: {implicit: 0, pageLoad: 300000, script: 30000}, unhandledPromptBehavior: dismiss and notify, webauthn:extension:credBlob: true, webauthn:extension:largeBlob: true, webauthn:extension:minPinLength: true, webauthn:extension:prf: true, webauthn:virtualAuthenticators: true}&#10;Element: [[ChromeDriver: chrome on windows (ede91497755c18e3deac69505fb9f1d0)] -&gt; xpath: /html/body/app-root/app-layout/app-header/header/nav/div/div/div/a[2]]&#10;Session ID: ede91497755c18e3deac69505fb9f1d0" type="org.openqa.selenium.ElementClickInterceptedException"><![CDATA[org.openqa.selenium.ElementClickInterceptedException: 
element click intercepted: Element <a _ngcontent-nhn-c58="" data-bs-toggle="modal" data-bs-target="#signUp" class="btn fs-14 btn-outline-secondary me-2 my-2 my-sm-0 ng-star-inserted">...</a> is not clickable at point (1455, 35). Other element would receive the click: <div _ngcontent-nhn-c58="" id="signUp" tabindex="-1" data-bs-backdrop="static" data-bs-keyboard="false" role="dialog" aria-labelledby="modalTitleId" class="modal fade auth show" aria-modal="true" style="display: block;">...</div>
  (Session info: chrome=125.0.6422.142)
Build info: version: '4.21.0', revision: '79ed462ef4'
System info: os.name: 'Windows 11', os.arch: 'amd64', os.version: '10.0', java.version: '21.0.2'
Driver info: org.openqa.selenium.chrome.ChromeDriver
Command: [ede91497755c18e3deac69505fb9f1d0, clickElement {id=f.385EED7A9E425617B370FC2938BF0A1D.d.8659CE1F971939CDA957EC5A27EA043C.e.40}]
Capabilities {acceptInsecureCerts: false, browserName: chrome, browserVersion: 125.0.6422.142, chrome: {chromedriverVersion: 125.0.6422.141 (4b1e8393712..., userDataDir: C:\Users\basha\AppData\Loca...}, fedcm:accounts: true, goog:chromeOptions: {debuggerAddress: localhost:63036}, networkConnectionEnabled: false, pageLoadStrategy: normal, platformName: windows, proxy: Proxy(), se:cdp: ws://localhost:63036/devtoo..., se:cdpVersion: 125.0.6422.142, setWindowRect: true, strictFileInteractability: false, timeouts: {implicit: 0, pageLoad: 300000, script: 30000}, unhandledPromptBehavior: dismiss and notify, webauthn:extension:credBlob: true, webauthn:extension:largeBlob: true, webauthn:extension:minPinLength: true, webauthn:extension:prf: true, webauthn:virtualAuthenticators: true}
Element: [[ChromeDriver: chrome on windows (ede91497755c18e3deac69505fb9f1d0)] -> xpath: /html/body/app-root/app-layout/app-header/header/nav/div/div/div/a[2]]
Session ID: ede91497755c18e3deac69505fb9f1d0
	at java.base/jdk.internal.reflect.DirectConstructorHandleAccessor.newInstance(DirectConstructorHandleAccessor.java:62)
	at java.base/java.lang.reflect.Constructor.newInstanceWithCaller(Constructor.java:502)
	at java.base/java.lang.reflect.Constructor.newInstance(Constructor.java:486)
	at org.openqa.selenium.remote.ErrorCodec.decode(ErrorCodec.java:167)
	at org.openqa.selenium.remote.codec.w3c.W3CHttpResponseCodec.decode(W3CHttpResponseCodec.java:138)
	at org.openqa.selenium.remote.codec.w3c.W3CHttpResponseCodec.decode(W3CHttpResponseCodec.java:50)
	at org.openqa.selenium.remote.HttpCommandExecutor.execute(HttpCommandExecutor.java:190)
	at org.openqa.selenium.remote.service.DriverCommandExecutor.invokeExecute(DriverCommandExecutor.java:216)
	at org.openqa.selenium.remote.service.DriverCommandExecutor.execute(DriverCommandExecutor.java:174)
	at org.openqa.selenium.remote.RemoteWebDriver.execute(RemoteWebDriver.java:518)
	at org.openqa.selenium.remote.RemoteWebElement.execute(RemoteWebElement.java:223)
	at org.openqa.selenium.remote.RemoteWebElement.click(RemoteWebElement.java:76)
	at stepDefinitions.AccountCreationAndApprovalTest.The_user_logins_with_incorrect_email_address_and_correct_password(AccountCreationAndApprovalTest.java:238)
	at ✽.The user logins with incorrect email address and correct password(file:///C:/Users/basha/Downloads/crypto-testing/src/test/java/features/AccountCreationAndApprovalTest.feature:32)
]]></failure>
    <system-out><![CDATA[
Scenario: User tries to sign in with incorrect email address                # src/test/java/features/AccountCreationAndApprovalTest.feature:29
21:52:33.256 [main] DEBUG io.github.bonigarcia.wdm.WebDriverManager -- Using WebDriverManager 5.8.0
21:52:33.269 [main] DEBUG io.github.bonigarcia.wdm.cache.ResolutionCache -- Resolution chrome=125 in cache (valid until 22:09:28 15/06/2024 PDT)
21:52:33.270 [main] DEBUG io.github.bonigarcia.wdm.cache.ResolutionCache -- Resolution chrome125=125.0.6422.141 in cache (valid until 18:35:58 16/06/2024 PDT)
21:52:33.270 [main] INFO io.github.bonigarcia.wdm.WebDriverManager -- Using chromedriver 125.0.6422.141 (resolved driver for Chrome 125)
21:52:33.287 [main] DEBUG io.github.bonigarcia.wdm.WebDriverManager -- Driver chromedriver 125.0.6422.141 found in cache
21:52:33.288 [main] INFO io.github.bonigarcia.wdm.WebDriverManager -- Exporting webdriver.chrome.driver as C:\Users\basha\.cache\selenium\chromedriver\win64\125.0.6422.141\chromedriver.exe
21:52:33.941 [main] DEBUG io.github.bonigarcia.wdm.WebDriverManager -- Using WebDriverManager 5.8.0
21:52:33.954 [main] DEBUG io.github.bonigarcia.wdm.cache.ResolutionCache -- Resolution chrome=125 in cache (valid until 22:09:28 15/06/2024 PDT)
21:52:33.956 [main] DEBUG io.github.bonigarcia.wdm.cache.ResolutionCache -- Resolution chrome125=125.0.6422.141 in cache (valid until 18:35:58 16/06/2024 PDT)
21:52:33.956 [main] INFO io.github.bonigarcia.wdm.WebDriverManager -- Using chromedriver 125.0.6422.141 (resolved driver for Chrome 125)
21:52:33.967 [main] DEBUG io.github.bonigarcia.wdm.WebDriverManager -- Driver chromedriver 125.0.6422.141 found in cache
21:52:33.968 [main] INFO io.github.bonigarcia.wdm.WebDriverManager -- Exporting webdriver.chrome.driver as C:\Users\basha\.cache\selenium\chromedriver\win64\125.0.6422.141\chromedriver.exe
21:52:35.148 [main] DEBUG io.github.bonigarcia.wdm.WebDriverManager -- Using WebDriverManager 5.8.0
21:52:35.160 [main] DEBUG io.github.bonigarcia.wdm.cache.ResolutionCache -- Resolution chrome=125 in cache (valid until 22:09:28 15/06/2024 PDT)
21:52:35.161 [main] DEBUG io.github.bonigarcia.wdm.cache.ResolutionCache -- Resolution chrome125=125.0.6422.141 in cache (valid until 18:35:58 16/06/2024 PDT)
21:52:35.161 [main] INFO io.github.bonigarcia.wdm.WebDriverManager -- Using chromedriver 125.0.6422.141 (resolved driver for Chrome 125)
21:52:35.172 [main] DEBUG io.github.bonigarcia.wdm.WebDriverManager -- Driver chromedriver 125.0.6422.141 found in cache
21:52:35.172 [main] INFO io.github.bonigarcia.wdm.WebDriverManager -- Exporting webdriver.chrome.driver as C:\Users\basha\.cache\selenium\chromedriver\win64\125.0.6422.141\chromedriver.exe
21:52:36.274 [main] DEBUG io.github.bonigarcia.wdm.WebDriverManager -- Using WebDriverManager 5.8.0
21:52:36.282 [main] DEBUG io.github.bonigarcia.wdm.cache.ResolutionCache -- Resolution chrome=125 in cache (valid until 22:09:28 15/06/2024 PDT)
21:52:36.282 [main] DEBUG io.github.bonigarcia.wdm.cache.ResolutionCache -- Resolution chrome125=125.0.6422.141 in cache (valid until 18:35:58 16/06/2024 PDT)
21:52:36.282 [main] INFO io.github.bonigarcia.wdm.WebDriverManager -- Using chromedriver 125.0.6422.141 (resolved driver for Chrome 125)
21:52:36.290 [main] DEBUG io.github.bonigarcia.wdm.WebDriverManager -- Driver chromedriver 125.0.6422.141 found in cache
21:52:36.290 [main] INFO io.github.bonigarcia.wdm.WebDriverManager -- Exporting webdriver.chrome.driver as C:\Users\basha\.cache\selenium\chromedriver\win64\125.0.6422.141\chromedriver.exe
21:52:36.875 [main] DEBUG io.github.bonigarcia.wdm.WebDriverManager -- Using WebDriverManager 5.8.0
21:52:36.887 [main] DEBUG io.github.bonigarcia.wdm.cache.ResolutionCache -- Resolution chrome=125 in cache (valid until 22:09:28 15/06/2024 PDT)
21:52:36.888 [main] DEBUG io.github.bonigarcia.wdm.cache.ResolutionCache -- Resolution chrome125=125.0.6422.141 in cache (valid until 18:35:58 16/06/2024 PDT)
21:52:36.888 [main] INFO io.github.bonigarcia.wdm.WebDriverManager -- Using chromedriver 125.0.6422.141 (resolved driver for Chrome 125)
21:52:36.895 [main] DEBUG io.github.bonigarcia.wdm.WebDriverManager -- Driver chromedriver 125.0.6422.141 found in cache
21:52:36.896 [main] INFO io.github.bonigarcia.wdm.WebDriverManager -- Exporting webdriver.chrome.driver as C:\Users\basha\.cache\selenium\chromedriver\win64\125.0.6422.141\chromedriver.exe
  Given The user visits homepage                                            # stepDefinitions.AccountCreationAndApprovalTest.the_user_visits_homepage()
  When The user clicks on the log in button                                 # stepDefinitions.AccountCreationAndApprovalTest.User_clicks_on_log_in()
  When The user logins with incorrect email address and correct password    # stepDefinitions.AccountCreationAndApprovalTest.The_user_logins_with_incorrect_email_address_and_correct_password()
      org.openqa.selenium.ElementClickInterceptedException: element click intercepted: Element <a _ngcontent-nhn-c58="" data-bs-toggle="modal" data-bs-target="#signUp" class="btn fs-14 btn-outline-secondary me-2 my-2 my-sm-0 ng-star-inserted">...</a> is not clickable at point (1455, 35). Other element would receive the click: <div _ngcontent-nhn-c58="" id="signUp" tabindex="-1" data-bs-backdrop="static" data-bs-keyboard="false" role="dialog" aria-labelledby="modalTitleId" class="modal fade auth show" aria-modal="true" style="display: block;">...</div>
  (Session info: chrome=125.0.6422.142)
Build info: version: '4.21.0', revision: '79ed462ef4'
System info: os.name: 'Windows 11', os.arch: 'amd64', os.version: '10.0', java.version: '21.0.2'
Driver info: org.openqa.selenium.chrome.ChromeDriver
Command: [ede91497755c18e3deac69505fb9f1d0, clickElement {id=f.385EED7A9E425617B370FC2938BF0A1D.d.8659CE1F971939CDA957EC5A27EA043C.e.40}]
Capabilities {acceptInsecureCerts: false, browserName: chrome, browserVersion: 125.0.6422.142, chrome: {chromedriverVersion: 125.0.6422.141 (4b1e8393712..., userDataDir: C:\Users\basha\AppData\Loca...}, fedcm:accounts: true, goog:chromeOptions: {debuggerAddress: localhost:63036}, networkConnectionEnabled: false, pageLoadStrategy: normal, platformName: windows, proxy: Proxy(), se:cdp: ws://localhost:63036/devtoo..., se:cdpVersion: 125.0.6422.142, setWindowRect: true, strictFileInteractability: false, timeouts: {implicit: 0, pageLoad: 300000, script: 30000}, unhandledPromptBehavior: dismiss and notify, webauthn:extension:credBlob: true, webauthn:extension:largeBlob: true, webauthn:extension:minPinLength: true, webauthn:extension:prf: true, webauthn:virtualAuthenticators: true}
Element: [[ChromeDriver: chrome on windows (ede91497755c18e3deac69505fb9f1d0)] -> xpath: /html/body/app-root/app-layout/app-header/header/nav/div/div/div/a[2]]
Session ID: ede91497755c18e3deac69505fb9f1d0
	at java.base/jdk.internal.reflect.DirectConstructorHandleAccessor.newInstance(DirectConstructorHandleAccessor.java:62)
	at java.base/java.lang.reflect.Constructor.newInstanceWithCaller(Constructor.java:502)
	at java.base/java.lang.reflect.Constructor.newInstance(Constructor.java:486)
	at org.openqa.selenium.remote.ErrorCodec.decode(ErrorCodec.java:167)
	at org.openqa.selenium.remote.codec.w3c.W3CHttpResponseCodec.decode(W3CHttpResponseCodec.java:138)
	at org.openqa.selenium.remote.codec.w3c.W3CHttpResponseCodec.decode(W3CHttpResponseCodec.java:50)
	at org.openqa.selenium.remote.HttpCommandExecutor.execute(HttpCommandExecutor.java:190)
	at org.openqa.selenium.remote.service.DriverCommandExecutor.invokeExecute(DriverCommandExecutor.java:216)
	at org.openqa.selenium.remote.service.DriverCommandExecutor.execute(DriverCommandExecutor.java:174)
	at org.openqa.selenium.remote.RemoteWebDriver.execute(RemoteWebDriver.java:518)
	at org.openqa.selenium.remote.RemoteWebElement.execute(RemoteWebElement.java:223)
	at org.openqa.selenium.remote.RemoteWebElement.click(RemoteWebElement.java:76)
	at stepDefinitions.AccountCreationAndApprovalTest.The_user_logins_with_incorrect_email_address_and_correct_password(AccountCreationAndApprovalTest.java:238)
	at ✽.The user logins with incorrect email address and correct password(file:///C:/Users/basha/Downloads/crypto-testing/src/test/java/features/AccountCreationAndApprovalTest.feature:32)

  Then The user should not be signed in and presented with an error message # stepDefinitions.AccountCreationAndApprovalTest.The_user_should_not_be_signed_and_presented_with_an_error_message()
]]></system-out>
  </testcase>
  <testcase name="runScenario[&quot;User tries to sign in with incorrect password&quot;, &quot;Account Creation and Approval&quot;](6)" classname="cuccumbersOptions.TestNGRunner" time="6.836">
    <failure message="element click intercepted: Element &lt;a _ngcontent-omv-c58=&quot;&quot; data-bs-toggle=&quot;modal&quot; data-bs-target=&quot;#signUp&quot; class=&quot;btn fs-14 btn-outline-secondary me-2 my-2 my-sm-0 ng-star-inserted&quot;&gt;...&lt;/a&gt; is not clickable at point (1455, 35). Other element would receive the click: &lt;div _ngcontent-omv-c58=&quot;&quot; id=&quot;signUp&quot; tabindex=&quot;-1&quot; data-bs-backdrop=&quot;static&quot; data-bs-keyboard=&quot;false&quot; role=&quot;dialog&quot; aria-labelledby=&quot;modalTitleId&quot; class=&quot;modal fade auth show&quot; aria-modal=&quot;true&quot; style=&quot;display: block;&quot;&gt;...&lt;/div&gt;&#10;  (Session info: chrome=125.0.6422.142)&#10;Build info: version: &apos;4.21.0&apos;, revision: &apos;79ed462ef4&apos;&#10;System info: os.name: &apos;Windows 11&apos;, os.arch: &apos;amd64&apos;, os.version: &apos;10.0&apos;, java.version: &apos;21.0.2&apos;&#10;Driver info: org.openqa.selenium.chrome.ChromeDriver&#10;Command: [fdcc4c4d71f09dbf9502985338914fdb, clickElement {id=f.BB38EBA6DE14027E955F0FA9B27B04CF.d.CDF909422DE3F98C7B21E13F0EBC0174.e.40}]&#10;Capabilities {acceptInsecureCerts: false, browserName: chrome, browserVersion: 125.0.6422.142, chrome: {chromedriverVersion: 125.0.6422.141 (4b1e8393712..., userDataDir: C:\Users\basha\AppData\Loca...}, fedcm:accounts: true, goog:chromeOptions: {debuggerAddress: localhost:63153}, networkConnectionEnabled: false, pageLoadStrategy: normal, platformName: windows, proxy: Proxy(), se:cdp: ws://localhost:63153/devtoo..., se:cdpVersion: 125.0.6422.142, setWindowRect: true, strictFileInteractability: false, timeouts: {implicit: 0, pageLoad: 300000, script: 30000}, unhandledPromptBehavior: dismiss and notify, webauthn:extension:credBlob: true, webauthn:extension:largeBlob: true, webauthn:extension:minPinLength: true, webauthn:extension:prf: true, webauthn:virtualAuthenticators: true}&#10;Element: [[ChromeDriver: chrome on windows (fdcc4c4d71f09dbf9502985338914fdb)] -&gt; xpath: /html/body/app-root/app-layout/app-header/header/nav/div/div/div/a[2]]&#10;Session ID: fdcc4c4d71f09dbf9502985338914fdb" type="org.openqa.selenium.ElementClickInterceptedException"><![CDATA[org.openqa.selenium.ElementClickInterceptedException: 
element click intercepted: Element <a _ngcontent-omv-c58="" data-bs-toggle="modal" data-bs-target="#signUp" class="btn fs-14 btn-outline-secondary me-2 my-2 my-sm-0 ng-star-inserted">...</a> is not clickable at point (1455, 35). Other element would receive the click: <div _ngcontent-omv-c58="" id="signUp" tabindex="-1" data-bs-backdrop="static" data-bs-keyboard="false" role="dialog" aria-labelledby="modalTitleId" class="modal fade auth show" aria-modal="true" style="display: block;">...</div>
  (Session info: chrome=125.0.6422.142)
Build info: version: '4.21.0', revision: '79ed462ef4'
System info: os.name: 'Windows 11', os.arch: 'amd64', os.version: '10.0', java.version: '21.0.2'
Driver info: org.openqa.selenium.chrome.ChromeDriver
Command: [fdcc4c4d71f09dbf9502985338914fdb, clickElement {id=f.BB38EBA6DE14027E955F0FA9B27B04CF.d.CDF909422DE3F98C7B21E13F0EBC0174.e.40}]
Capabilities {acceptInsecureCerts: false, browserName: chrome, browserVersion: 125.0.6422.142, chrome: {chromedriverVersion: 125.0.6422.141 (4b1e8393712..., userDataDir: C:\Users\basha\AppData\Loca...}, fedcm:accounts: true, goog:chromeOptions: {debuggerAddress: localhost:63153}, networkConnectionEnabled: false, pageLoadStrategy: normal, platformName: windows, proxy: Proxy(), se:cdp: ws://localhost:63153/devtoo..., se:cdpVersion: 125.0.6422.142, setWindowRect: true, strictFileInteractability: false, timeouts: {implicit: 0, pageLoad: 300000, script: 30000}, unhandledPromptBehavior: dismiss and notify, webauthn:extension:credBlob: true, webauthn:extension:largeBlob: true, webauthn:extension:minPinLength: true, webauthn:extension:prf: true, webauthn:virtualAuthenticators: true}
Element: [[ChromeDriver: chrome on windows (fdcc4c4d71f09dbf9502985338914fdb)] -> xpath: /html/body/app-root/app-layout/app-header/header/nav/div/div/div/a[2]]
Session ID: fdcc4c4d71f09dbf9502985338914fdb
	at java.base/jdk.internal.reflect.DirectConstructorHandleAccessor.newInstance(DirectConstructorHandleAccessor.java:62)
	at java.base/java.lang.reflect.Constructor.newInstanceWithCaller(Constructor.java:502)
	at java.base/java.lang.reflect.Constructor.newInstance(Constructor.java:486)
	at org.openqa.selenium.remote.ErrorCodec.decode(ErrorCodec.java:167)
	at org.openqa.selenium.remote.codec.w3c.W3CHttpResponseCodec.decode(W3CHttpResponseCodec.java:138)
	at org.openqa.selenium.remote.codec.w3c.W3CHttpResponseCodec.decode(W3CHttpResponseCodec.java:50)
	at org.openqa.selenium.remote.HttpCommandExecutor.execute(HttpCommandExecutor.java:190)
	at org.openqa.selenium.remote.service.DriverCommandExecutor.invokeExecute(DriverCommandExecutor.java:216)
	at org.openqa.selenium.remote.service.DriverCommandExecutor.execute(DriverCommandExecutor.java:174)
	at org.openqa.selenium.remote.RemoteWebDriver.execute(RemoteWebDriver.java:518)
	at org.openqa.selenium.remote.RemoteWebElement.execute(RemoteWebElement.java:223)
	at org.openqa.selenium.remote.RemoteWebElement.click(RemoteWebElement.java:76)
	at stepDefinitions.AccountCreationAndApprovalTest.The_user_logins_with_correct_email_address_and_incorrect_password(AccountCreationAndApprovalTest.java:269)
	at ✽.The user logins with correct email address and incorrect password(file:///C:/Users/basha/Downloads/crypto-testing/src/test/java/features/AccountCreationAndApprovalTest.feature:38)
]]></failure>
    <system-out><![CDATA[
Scenario: User tries to sign in with incorrect password                     # src/test/java/features/AccountCreationAndApprovalTest.feature:35
21:52:40.181 [main] DEBUG io.github.bonigarcia.wdm.WebDriverManager -- Using WebDriverManager 5.8.0
21:52:40.195 [main] DEBUG io.github.bonigarcia.wdm.cache.ResolutionCache -- Resolution chrome=125 in cache (valid until 22:09:28 15/06/2024 PDT)
21:52:40.196 [main] DEBUG io.github.bonigarcia.wdm.cache.ResolutionCache -- Resolution chrome125=125.0.6422.141 in cache (valid until 18:35:58 16/06/2024 PDT)
21:52:40.196 [main] INFO io.github.bonigarcia.wdm.WebDriverManager -- Using chromedriver 125.0.6422.141 (resolved driver for Chrome 125)
21:52:40.205 [main] DEBUG io.github.bonigarcia.wdm.WebDriverManager -- Driver chromedriver 125.0.6422.141 found in cache
21:52:40.206 [main] INFO io.github.bonigarcia.wdm.WebDriverManager -- Exporting webdriver.chrome.driver as C:\Users\basha\.cache\selenium\chromedriver\win64\125.0.6422.141\chromedriver.exe
21:52:40.766 [main] DEBUG io.github.bonigarcia.wdm.WebDriverManager -- Using WebDriverManager 5.8.0
21:52:40.776 [main] DEBUG io.github.bonigarcia.wdm.cache.ResolutionCache -- Resolution chrome=125 in cache (valid until 22:09:28 15/06/2024 PDT)
21:52:40.777 [main] DEBUG io.github.bonigarcia.wdm.cache.ResolutionCache -- Resolution chrome125=125.0.6422.141 in cache (valid until 18:35:58 16/06/2024 PDT)
21:52:40.777 [main] INFO io.github.bonigarcia.wdm.WebDriverManager -- Using chromedriver 125.0.6422.141 (resolved driver for Chrome 125)
21:52:40.785 [main] DEBUG io.github.bonigarcia.wdm.WebDriverManager -- Driver chromedriver 125.0.6422.141 found in cache
21:52:40.786 [main] INFO io.github.bonigarcia.wdm.WebDriverManager -- Exporting webdriver.chrome.driver as C:\Users\basha\.cache\selenium\chromedriver\win64\125.0.6422.141\chromedriver.exe
21:52:41.930 [main] DEBUG io.github.bonigarcia.wdm.WebDriverManager -- Using WebDriverManager 5.8.0
21:52:41.938 [main] DEBUG io.github.bonigarcia.wdm.cache.ResolutionCache -- Resolution chrome=125 in cache (valid until 22:09:28 15/06/2024 PDT)
21:52:41.939 [main] DEBUG io.github.bonigarcia.wdm.cache.ResolutionCache -- Resolution chrome125=125.0.6422.141 in cache (valid until 18:35:58 16/06/2024 PDT)
21:52:41.939 [main] INFO io.github.bonigarcia.wdm.WebDriverManager -- Using chromedriver 125.0.6422.141 (resolved driver for Chrome 125)
21:52:41.943 [main] DEBUG io.github.bonigarcia.wdm.WebDriverManager -- Driver chromedriver 125.0.6422.141 found in cache
21:52:41.943 [main] INFO io.github.bonigarcia.wdm.WebDriverManager -- Exporting webdriver.chrome.driver as C:\Users\basha\.cache\selenium\chromedriver\win64\125.0.6422.141\chromedriver.exe
21:52:43.104 [main] DEBUG io.github.bonigarcia.wdm.WebDriverManager -- Using WebDriverManager 5.8.0
21:52:43.115 [main] DEBUG io.github.bonigarcia.wdm.cache.ResolutionCache -- Resolution chrome=125 in cache (valid until 22:09:28 15/06/2024 PDT)
21:52:43.116 [main] DEBUG io.github.bonigarcia.wdm.cache.ResolutionCache -- Resolution chrome125=125.0.6422.141 in cache (valid until 18:35:58 16/06/2024 PDT)
21:52:43.116 [main] INFO io.github.bonigarcia.wdm.WebDriverManager -- Using chromedriver 125.0.6422.141 (resolved driver for Chrome 125)
21:52:43.126 [main] DEBUG io.github.bonigarcia.wdm.WebDriverManager -- Driver chromedriver 125.0.6422.141 found in cache
21:52:43.127 [main] INFO io.github.bonigarcia.wdm.WebDriverManager -- Exporting webdriver.chrome.driver as C:\Users\basha\.cache\selenium\chromedriver\win64\125.0.6422.141\chromedriver.exe
21:52:43.766 [main] DEBUG io.github.bonigarcia.wdm.WebDriverManager -- Using WebDriverManager 5.8.0
21:52:43.780 [main] DEBUG io.github.bonigarcia.wdm.cache.ResolutionCache -- Resolution chrome=125 in cache (valid until 22:09:28 15/06/2024 PDT)
21:52:43.781 [main] DEBUG io.github.bonigarcia.wdm.cache.ResolutionCache -- Resolution chrome125=125.0.6422.141 in cache (valid until 18:35:58 16/06/2024 PDT)
21:52:43.781 [main] INFO io.github.bonigarcia.wdm.WebDriverManager -- Using chromedriver 125.0.6422.141 (resolved driver for Chrome 125)
21:52:43.792 [main] DEBUG io.github.bonigarcia.wdm.WebDriverManager -- Driver chromedriver 125.0.6422.141 found in cache
21:52:43.793 [main] INFO io.github.bonigarcia.wdm.WebDriverManager -- Exporting webdriver.chrome.driver as C:\Users\basha\.cache\selenium\chromedriver\win64\125.0.6422.141\chromedriver.exe
  Given The user visits homepage                                            # stepDefinitions.AccountCreationAndApprovalTest.the_user_visits_homepage()
  When The user clicks on the log in button                                 # stepDefinitions.AccountCreationAndApprovalTest.User_clicks_on_log_in()
  When The user logins with correct email address and incorrect password    # stepDefinitions.AccountCreationAndApprovalTest.The_user_logins_with_correct_email_address_and_incorrect_password()
      org.openqa.selenium.ElementClickInterceptedException: element click intercepted: Element <a _ngcontent-omv-c58="" data-bs-toggle="modal" data-bs-target="#signUp" class="btn fs-14 btn-outline-secondary me-2 my-2 my-sm-0 ng-star-inserted">...</a> is not clickable at point (1455, 35). Other element would receive the click: <div _ngcontent-omv-c58="" id="signUp" tabindex="-1" data-bs-backdrop="static" data-bs-keyboard="false" role="dialog" aria-labelledby="modalTitleId" class="modal fade auth show" aria-modal="true" style="display: block;">...</div>
  (Session info: chrome=125.0.6422.142)
Build info: version: '4.21.0', revision: '79ed462ef4'
System info: os.name: 'Windows 11', os.arch: 'amd64', os.version: '10.0', java.version: '21.0.2'
Driver info: org.openqa.selenium.chrome.ChromeDriver
Command: [fdcc4c4d71f09dbf9502985338914fdb, clickElement {id=f.BB38EBA6DE14027E955F0FA9B27B04CF.d.CDF909422DE3F98C7B21E13F0EBC0174.e.40}]
Capabilities {acceptInsecureCerts: false, browserName: chrome, browserVersion: 125.0.6422.142, chrome: {chromedriverVersion: 125.0.6422.141 (4b1e8393712..., userDataDir: C:\Users\basha\AppData\Loca...}, fedcm:accounts: true, goog:chromeOptions: {debuggerAddress: localhost:63153}, networkConnectionEnabled: false, pageLoadStrategy: normal, platformName: windows, proxy: Proxy(), se:cdp: ws://localhost:63153/devtoo..., se:cdpVersion: 125.0.6422.142, setWindowRect: true, strictFileInteractability: false, timeouts: {implicit: 0, pageLoad: 300000, script: 30000}, unhandledPromptBehavior: dismiss and notify, webauthn:extension:credBlob: true, webauthn:extension:largeBlob: true, webauthn:extension:minPinLength: true, webauthn:extension:prf: true, webauthn:virtualAuthenticators: true}
Element: [[ChromeDriver: chrome on windows (fdcc4c4d71f09dbf9502985338914fdb)] -> xpath: /html/body/app-root/app-layout/app-header/header/nav/div/div/div/a[2]]
Session ID: fdcc4c4d71f09dbf9502985338914fdb
	at java.base/jdk.internal.reflect.DirectConstructorHandleAccessor.newInstance(DirectConstructorHandleAccessor.java:62)
	at java.base/java.lang.reflect.Constructor.newInstanceWithCaller(Constructor.java:502)
	at java.base/java.lang.reflect.Constructor.newInstance(Constructor.java:486)
	at org.openqa.selenium.remote.ErrorCodec.decode(ErrorCodec.java:167)
	at org.openqa.selenium.remote.codec.w3c.W3CHttpResponseCodec.decode(W3CHttpResponseCodec.java:138)
	at org.openqa.selenium.remote.codec.w3c.W3CHttpResponseCodec.decode(W3CHttpResponseCodec.java:50)
	at org.openqa.selenium.remote.HttpCommandExecutor.execute(HttpCommandExecutor.java:190)
	at org.openqa.selenium.remote.service.DriverCommandExecutor.invokeExecute(DriverCommandExecutor.java:216)
	at org.openqa.selenium.remote.service.DriverCommandExecutor.execute(DriverCommandExecutor.java:174)
	at org.openqa.selenium.remote.RemoteWebDriver.execute(RemoteWebDriver.java:518)
	at org.openqa.selenium.remote.RemoteWebElement.execute(RemoteWebElement.java:223)
	at org.openqa.selenium.remote.RemoteWebElement.click(RemoteWebElement.java:76)
	at stepDefinitions.AccountCreationAndApprovalTest.The_user_logins_with_correct_email_address_and_incorrect_password(AccountCreationAndApprovalTest.java:269)
	at ✽.The user logins with correct email address and incorrect password(file:///C:/Users/basha/Downloads/crypto-testing/src/test/java/features/AccountCreationAndApprovalTest.feature:38)

  Then The user should not be signed in and presented with an error message # stepDefinitions.AccountCreationAndApprovalTest.The_user_should_not_be_signed_and_presented_with_an_error_message()
]]></system-out>
  </testcase>
  <testcase name="runScenario[&quot;User wants to encrypt an uploaded file&quot;, &quot;Role Managment Test&quot;](7)" classname="cuccumbersOptions.TestNGRunner" time="7.963">
    <failure message="element click intercepted: Element &lt;a _ngcontent-lpx-c65=&quot;&quot; class=&quot;btn btn-primary mb-3&quot;&gt;...&lt;/a&gt; is not clickable at point (359, 548). Other element would receive the click: &lt;div _ngcontent-lpx-c58=&quot;&quot; id=&quot;signUp&quot; tabindex=&quot;-1&quot; data-bs-backdrop=&quot;static&quot; data-bs-keyboard=&quot;false&quot; role=&quot;dialog&quot; aria-labelledby=&quot;modalTitleId&quot; class=&quot;modal fade auth show&quot; aria-modal=&quot;true&quot; style=&quot;display: block;&quot;&gt;...&lt;/div&gt;&#10;  (Session info: chrome=125.0.6422.142)&#10;Build info: version: &apos;4.21.0&apos;, revision: &apos;79ed462ef4&apos;&#10;System info: os.name: &apos;Windows 11&apos;, os.arch: &apos;amd64&apos;, os.version: &apos;10.0&apos;, java.version: &apos;21.0.2&apos;&#10;Driver info: org.openqa.selenium.chrome.ChromeDriver&#10;Command: [4385fc3309fa3728c1800b8eb9fc7e4c, clickElement {id=f.DCFF8887CA722FF20E46CD40BCC58ED0.d.7C5FAA3C48DDFA435F45309CE5F0EBFA.e.50}]&#10;Capabilities {acceptInsecureCerts: false, browserName: chrome, browserVersion: 125.0.6422.142, chrome: {chromedriverVersion: 125.0.6422.141 (4b1e8393712..., userDataDir: C:\Users\basha\AppData\Loca...}, fedcm:accounts: true, goog:chromeOptions: {debuggerAddress: localhost:63313}, networkConnectionEnabled: false, pageLoadStrategy: normal, platformName: windows, proxy: Proxy(), se:cdp: ws://localhost:63313/devtoo..., se:cdpVersion: 125.0.6422.142, setWindowRect: true, strictFileInteractability: false, timeouts: {implicit: 0, pageLoad: 300000, script: 30000}, unhandledPromptBehavior: dismiss and notify, webauthn:extension:credBlob: true, webauthn:extension:largeBlob: true, webauthn:extension:minPinLength: true, webauthn:extension:prf: true, webauthn:virtualAuthenticators: true}&#10;Element: [[ChromeDriver: chrome on windows (4385fc3309fa3728c1800b8eb9fc7e4c)] -&gt; xpath: /html/body/app-root/app-layout/div/app-home/div[1]/div[1]/div/div/div[1]/div/div/a[1]]&#10;Session ID: 4385fc3309fa3728c1800b8eb9fc7e4c" type=
[...]
21:53:14.843 [main] INFO io.github.bonigarcia.wdm.WebDriverManager -- Exporting webdriver.chrome.driver as C:\Users\basha\.cache\selenium\chromedriver\win64\125.0.6422.141\chromedriver.exe
  Given The user visits the homepage                                              # stepDefinitions.RoleManagmentTest.The_user_visits_the_homepage()
  When The user clicks on the login button                                        # stepDefinitions.RoleManagmentTest.the_user_clisk_on_the_login_button()
  When The user logins with their email address and password                      # stepDefinitions.RoleManagmentTest.The_user_logins_with_correct_email_address_and_password()
  Then The user should not have an admin panel to access/update other users roles
]]></system-out>
  </testcase>
  <testcase name="runScenario[&quot;Check that Sign Up Scenario works successfully&quot;, &quot;Sign Up&quot;](11)" classname="cuccumbersOptions.TestNGRunner" time="8.364">
    <system-out><![CDATA[
Scenario: Check that Sign Up Scenario works successfully                      # src/test/java/features/SignUpTest.feature:3
21:53:18.138 [main] DEBUG io.github.bonigarcia.wdm.WebDriverManager -- Using WebDriverManager 5.8.0
21:53:18.152 [main] DEBUG io.github.bonigarcia.wdm.cache.ResolutionCache -- Resolution chrome=125 in cache (valid until 22:09:28 15/06/2024 PDT)
21:53:18.153 [main] DEBUG io.github.bonigarcia.wdm.cache.ResolutionCache -- Resolution chrome125=125.0.6422.141 in cache (valid until 18:35:58 16/06/2024 PDT)
21:53:18.154 [main] INFO io.github.bonigarcia.wdm.WebDriverManager -- Using chromedriver 125.0.6422.141 (resolved driver for Chrome 125)
21:53:18.162 [main] DEBUG io.github.bonigarcia.wdm.WebDriverManager -- Driver chromedriver 125.0.6422.141 found in cache
21:53:18.163 [main] INFO io.github.bonigarcia.wdm.WebDriverManager -- Exporting webdriver.chrome.driver as C:\Users\basha\.cache\selenium\chromedriver\win64\125.0.6422.141\chromedriver.exe
21:53:18.818 [main] DEBUG io.github.bonigarcia.wdm.WebDriverManager -- Using WebDriverManager 5.8.0
21:53:18.833 [main] DEBUG io.github.bonigarcia.wdm.cache.ResolutionCache -- Resolution chrome=125 in cache (valid until 22:09:28 15/06/2024 PDT)
21:53:18.834 [main] DEBUG io.github.bonigarcia.wdm.cache.ResolutionCache -- Resolution chrome125=125.0.6422.141 in cache (valid until 18:35:58 16/06/2024 PDT)
21:53:18.834 [main] INFO io.github.bonigarcia.wdm.WebDriverManager -- Using chromedriver 125.0.6422.141 (resolved driver for Chrome 125)
21:53:18.845 [main] DEBUG io.github.bonigarcia.wdm.WebDriverManager -- Driver chromedriver 125.0.6422.141 found in cache
21:53:18.845 [main] INFO io.github.bonigarcia.wdm.WebDriverManager -- Exporting webdriver.chrome.driver as C:\Users\basha\.cache\selenium\chromedriver\win64\125.0.6422.141\chromedriver.exe
21:53:20.271 [main] DEBUG io.github.bonigarcia.wdm.WebDriverManager -- Using WebDriverManager 5.8.0
21:53:20.280 [main] DEBUG io.github.bonigarcia.wdm.cache.ResolutionCache -- Resolution chrome=125 in cache (valid until 22:09:28 15/06/2024 PDT)
21:53:20.281 [main] DEBUG io.github.bonigarcia.wdm.cache.ResolutionCache -- Resolution chrome125=125.0.6422.141 in cache (valid until 18:35:58 16/06/2024 PDT)
21:53:20.281 [main] INFO io.github.bonigarcia.wdm.WebDriverManager -- Using chromedriver 125.0.6422.141 (resolved driver for Chrome 125)
21:53:20.287 [main] DEBUG io.github.bonigarcia.wdm.WebDriverManager -- Driver chromedriver 125.0.6422.141 found in cache
21:53:20.288 [main] INFO io.github.bonigarcia.wdm.WebDriverManager -- Exporting webdriver.chrome.driver as C:\Users\basha\.cache\selenium\chromedriver\win64\125.0.6422.141\chromedriver.exe
21:53:21.640 [main] DEBUG io.github.bonigarcia.wdm.WebDriverManager -- Using WebDriverManager 5.8.0
21:53:21.648 [main] DEBUG io.github.bonigarcia.wdm.cache.ResolutionCache -- Resolution chrome=125 in cache (valid until 22:09:28 15/06/2024 PDT)
21:53:21.649 [main] DEBUG io.github.bonigarcia.wdm.cache.ResolutionCache -- Resolution chrome125=125.0.6422.141 in cache (valid until 18:35:58 16/06/2024 PDT)
21:53:21.649 [main] INFO io.github.bonigarcia.wdm.WebDriverManager -- Using chromedriver 125.0.6422.141 (resolved driver for Chrome 125)
21:53:21.656 [main] DEBUG io.github.bonigarcia.wdm.WebDriverManager -- Driver chromedriver 125.0.6422.141 found in cache
21:53:21.656 [main] INFO io.github.bonigarcia.wdm.WebDriverManager -- Exporting webdriver.chrome.driver as C:\Users\basha\.cache\selenium\chromedriver\win64\125.0.6422.141\chromedriver.exe
21:53:22.330 [main] DEBUG io.github.bonigarcia.wdm.WebDriverManager -- Using WebDriverManager 5.8.0
21:53:22.340 [main] DEBUG io.github.bonigarcia.wdm.cache.ResolutionCache -- Resolution chrome=125 in cache (valid until 22:09:28 15/06/2024 PDT)
21:53:22.340 [main] DEBUG io.github.bonigarcia.wdm.cache.ResolutionCache -- Resolution chrome125=125.0.6422.141 in cache (valid until 18:35:58 16/06/2024 PDT)
21:53:22.340 [main] INFO io.github.bonigarcia.wdm.WebDriverManager -- Using chromedriver 125.0.6422.141 (resolved driver for Chrome 125)
21:53:22.348 [main] DEBUG io.github.bonigarcia.wdm.WebDriverManager -- Driver chromedriver 125.0.6422.141 found in cache
21:53:22.349 [main] INFO io.github.bonigarcia.wdm.WebDriverManager -- Exporting webdriver.chrome.driver as C:\Users\basha\.cache\selenium\chromedriver\win64\125.0.6422.141\chromedriver.exe
  Given User visits home page to sign up                                      # stepDefinitions.SignUpTest.user_visits_on_the_homepage()
  When User clicks on Sign Up Button                                          # stepDefinitions.SignUpTest.user_clicks_on_sign_up_button()
  When User inputs name, email, password, confirm password and selects a role # stepDefinitions.SignUpTest.user_inputs_name_email_password_and_confirm_password()
  When User clicks submit sign up button                                      # stepDefinitions.SignUpTest.user_clicks_submit_sign_up_button()
  Then User receives a sign up success message                                # stepDefinitions.SignUpTest.user_receives_a_sign_up_success_message()
]]></system-out>
  </testcase>
  <testcase name="runScenario[&quot;Admin approves a new user&quot;, &quot;Sign Up&quot;](12)" classname="cuccumbersOptions.TestNGRunner" time="9.032">
    <failure message="expected [jayna.murray@hotmail.com] but found [otto.lockman@hotmail.com]" type="java.lang.AssertionError"><![CDATA[java.lang.AssertionError: expected [jayna.murray@hotmail.com] but found [otto.lockman@hotmail.com]
	at org.testng.Assert.fail(Assert.java:111)
	at org.testng.Assert.failNotEquals(Assert.java:1578)
	at org.testng.Assert.assertEqualsImpl(Assert.java:150)
	at org.testng.Assert.assertEquals(Assert.java:132)
	at org.testng.Assert.assertEquals(Assert.java:656)
	at org.testng.Assert.assertEquals(Assert.java:666)
	at stepDefinitions.SignUpTest.admin_approves_the_new_user(SignUpTest.java:175)
	at ✽.Admin approves the first new user(file:///C:/Users/basha/Downloads/crypto-testing/src/test/java/features/SignUpTest.feature:16)
]]></failure>
    <system-out><![CDATA[
Scenario: Admin approves a new user                           # src/test/java/features/SignUpTest.feature:10
21:53:26.505 [main] DEBUG io.github.bonigarcia.wdm.WebDriverManager -- Using WebDriverManager 5.8.0
21:53:26.518 [main] DEBUG io.github.bonigarcia.wdm.cache.ResolutionCache -- Resolution chrome=125 in cache (valid until 22:09:28 15/06/2024 PDT)
21:53:26.520 [main] DEBUG io.github.bonigarcia.wdm.cache.ResolutionCache -- Resolution chrome125=125.0.6422.141 in cache (valid until 18:35:58 16/06/2024 PDT)
21:53:26.520 [main] INFO io.github.bonigarcia.wdm.WebDriverManager -- Using chromedriver 125.0.6422.141 (resolved driver for Chrome 125)
21:53:26.529 [main] DEBUG io.github.bonigarcia.wdm.WebDriverManager -- Driver chromedriver 125.0.6422.141 found in cache
21:53:26.531 [main] INFO io.github.bonigarcia.wdm.WebDriverManager -- Exporting webdriver.chrome.driver as C:\Users\basha\.cache\selenium\chromedriver\win64\125.0.6422.141\chromedriver.exe
21:53:27.291 [main] DEBUG io.github.bonigarcia.wdm.WebDriverManager -- Using WebDriverManager 5.8.0
21:53:27.302 [main] DEBUG io.github.bonigarcia.wdm.cache.ResolutionCache -- Resolution chrome=125 in cache (valid until 22:09:28 15/06/2024 PDT)
21:53:27.303 [main] DEBUG io.github.bonigarcia.wdm.cache.ResolutionCache -- Resolution chrome125=125.0.6422.141 in cache (valid until 18:35:58 16/06/2024 PDT)
21:53:27.303 [main] INFO io.github.bonigarcia.wdm.WebDriverManager -- Using chromedriver 125.0.6422.141 (resolved driver for Chrome 125)
21:53:27.312 [main] DEBUG io.github.bonigarcia.wdm.WebDriverManager -- Driver chromedriver 125.0.6422.141 found in cache
21:53:27.313 [main] INFO io.github.bonigarcia.wdm.WebDriverManager -- Exporting webdriver.chrome.driver as C:\Users\basha\.cache\selenium\chromedriver\win64\125.0.6422.141\chromedriver.exe
21:53:28.898 [main] DEBUG io.github.bonigarcia.wdm.WebDriverManager -- Using WebDriverManager 5.8.0
21:53:28.909 [main] DEBUG io.github.bonigarcia.wdm.cache.ResolutionCache -- Resolution chrome=125 in cache (valid until 22:09:28 15/06/2024 PDT)
21:53:28.909 [main] DEBUG io.github.bonigarcia.wdm.cache.ResolutionCache -- Resolution chrome125=125.0.6422.141 in cache (valid until 18:35:58 16/06/2024 PDT)
21:53:28.911 [main] INFO io.github.bonigarcia.wdm.WebDriverManager -- Using chromedriver 125.0.6422.141 (resolved driver for Chrome 125)
21:53:28.917 [main] DEBUG io.github.bonigarcia.wdm.WebDriverManager -- Driver chromedriver 125.0.6422.141 found in cache
21:53:28.918 [main] INFO io.github.bonigarcia.wdm.WebDriverManager -- Exporting webdriver.chrome.driver as C:\Users\basha\.cache\selenium\chromedriver\win64\125.0.6422.141\chromedriver.exe
21:53:30.358 [main] DEBUG io.github.bonigarcia.wdm.WebDriverManager -- Using WebDriverManager 5.8.0
21:53:30.365 [main] DEBUG io.github.bonigarcia.wdm.cache.ResolutionCache -- Resolution chrome=125 in cache (valid until 22:09:28 15/06/2024 PDT)
21:53:30.366 [main] DEBUG io.github.bonigarcia.wdm.cache.ResolutionCache -- Resolution chrome125=125.0.6422.141 in cache (valid until 18:35:58 16/06/2024 PDT)
21:53:30.366 [main] INFO io.github.bonigarcia.wdm.WebDriverManager -- Using chromedriver 125.0.6422.141 (resolved driver for Chrome 125)
21:53:30.371 [main] DEBUG io.github.bonigarcia.wdm.WebDriverManager -- Driver chromedriver 125.0.6422.141 found in cache
21:53:30.371 [main] INFO io.github.bonigarcia.wdm.WebDriverManager -- Exporting webdriver.chrome.driver as C:\Users\basha\.cache\selenium\chromedriver\win64\125.0.6422.141\chromedriver.exe
21:53:30.975 [main] DEBUG io.github.bonigarcia.wdm.WebDriverManager -- Using WebDriverManager 5.8.0
21:53:30.985 [main] DEBUG io.github.bonigarcia.wdm.cache.ResolutionCache -- Resolution chrome=125 in cache (valid until 22:09:28 15/06/2024 PDT)
21:53:30.985 [main] DEBUG io.github.bonigarcia.wdm.cache.ResolutionCache -- Resolution chrome125=125.0.6422.141 in cache (valid until 18:35:58 16/06/2024 PDT)
21:53:30.985 [main] INFO io.github.bonigarcia.wdm.WebDriverManager -- Using chromedriver 125.0.6422.141 (resolved driver for Chrome 125)
21:53:30.992 [main] DEBUG io.github.bonigarcia.wdm.WebDriverManager -- Driver chromedriver 125.0.6422.141 found in cache
21:53:30.994 [main] INFO io.github.bonigarcia.wdm.WebDriverManager -- Exporting webdriver.chrome.driver as C:\Users\basha\.cache\selenium\chromedriver\win64\125.0.6422.141\chromedriver.exe
  Given Admin visits home page to approve a user              # stepDefinitions.SignUpTest.admin_visits_home_page_to_approve_a_user()
  When Admin clicks on login button to approve a user         # stepDefinitions.SignUpTest.admin_clicks_on_login_button_to_approve_a_user()
  When Admin logins with email and password to approve a user # stepDefinitions.SignUpTest.admin_logins_with_email_and_password_to_approve_a_user()
  When Admin visits Admin Panel to approve a user             # stepDefinitions.SignUpTest.admin_visits_admin_panel_to_approve_a_user()
  When Admin clicks on New Accounts tab                       # stepDefinitions.SignUpTest.admin_clicks_on_new_accounts_tab()
  Then Admin approves the first new user                      # stepDefinitions.SignUpTest.admin_approves_the_new_user()
      java.lang.AssertionError: expected [jayna.murray@hotmail.com] but found [otto.lockman@hotmail.com]
	at org.testng.Assert.fail(Assert.java:111)
	at org.testng.Assert.failNotEquals(Assert.java:1578)
	at org.testng.Assert.assertEqualsImpl(Assert.java:150)
	at org.testng.Assert.assertEquals(Assert.java:132)
	at org.testng.Assert.assertEquals(Assert.java:656)
	at org.testng.Assert.assertEquals(Assert.java:666)
	at stepDefinitions.SignUpTest.admin_approves_the_new_user(SignUpTest.java:175)
	at ✽.Admin approves the first new user(file:///C:/Users/basha/Downloads/crypto-testing/src/test/java/features/SignUpTest.feature:16)

]]></system-out>
  </testcase>
  <testcase name="runScenario[&quot;Check that Edit Role of a user is working successfully&quot;, &quot;Admin Panel&quot;](13)" classname="cuccumbersOptions.TestNGRunner" time="10.619">
    <failure message="expected [Error parsing JSON] but found [Role is edited successfully]" type="java.lang.AssertionError"><![CDATA[java.lang.AssertionError: expected [Error parsing JSON] but found [Role is edited successfully]
	at org.testng.Assert.fail(Assert.java:111)
	at org.testng.Assert.failNotEquals(Assert.java:1578)
	at org.testng.Assert.assertEqualsImpl(Assert.java:150)
	at org.testng.Assert.assertEquals(Assert.java:132)
	at org.testng.Assert.assertEquals(Assert.java:656)
	at org.testng.Assert.assertEquals(Assert.java:666)
	at stepDefinitions.adminPanelSteps.i_should_see_a_success_message(adminPanelSteps.java:135)
	at ✽.I should see a success message "Role is edited successfully"(file:///C:/Users/basha/Downloads/crypto-testing/src/test/java/features/adminPanel.feature:8)
]]></failure>
    <system-out><![CDATA[
Scenario: Check that Edit Role of a user is working successfully    # src/test/java/features/adminPanel.feature:3
21:53:35.535 [main] DEBUG io.github.bonigarcia.wdm.WebDriverManager -- Using WebDriverManager 5.8.0
21:53:35.548 [main] DEBUG io.github.bonigarcia.wdm.cache.ResolutionCache -- Resolution chrome=125 in cache (valid until 22:09:28 15/06/2024 PDT)
21:53:35.548 [main] DEBUG io.github.bonigarcia.wdm.cache.ResolutionCache -- Resolution chrome125=125.0.6422.141 in cache (valid until 18:35:58 16/06/2024 PDT)
21:53:35.548 [main] INFO io.github.bonigarcia.wdm.WebDriverManager -- Using chromedriver 125.0.6422.141 (resolved driver for Chrome 125)
21:53:35.558 [main] DEBUG io.github.bonigarcia.wdm.WebDriverManager -- Driver chromedriver 125.0.6422.141 found in cache
21:53:35.559 [main] INFO io.github.bonigarcia.wdm.WebDriverManager -- Exporting webdriver.chrome.driver as C:\Users\basha\.cache\selenium\chromedriver\win64\125.0.6422.141\chromedriver.exe
21:53:36.333 [main] DEBUG io.github.bonigarcia.wdm.WebDriverManager -- Using WebDriverManager 5.8.0
21:53:36.346 [main] DEBUG io.github.bonigarcia.wdm.cache.ResolutionCache -- Resolution chrome=125 in cache (valid until 22:09:28 15/06/2024 PDT)
21:53:36.347 [main] DEBUG io.github.bonigarcia.wdm.cache.ResolutionCache -- Resolution chrome125=125.0.6422.141 in cache (valid until 18:35:58 16/06/2024 PDT)
21:53:36.347 [main] INFO io.github.bonigarcia.wdm.WebDriverManager -- Using chromedriver 125.0.6422.141 (resolved driver for Chrome 125)
21:53:36.356 [main] DEBUG io.github.bonigarcia.wdm.WebDriverManager -- Driver chromedriver 125.0.6422.141 found in cache
21:53:36.356 [main] INFO io.github.bonigarcia.wdm.WebDriverManager -- Exporting webdriver.chrome.driver as C:\Users\basha\.cache\selenium\chromedriver\win64\125.0.6422.141\chromedriver.exe
21:53:38.011 [main] DEBUG io.github.bonigarcia.wdm.WebDriverManager -- Using WebDriverManager 5.8.0
21:53:38.022 [main] DEBUG io.github.bonigarcia.wdm.cache.ResolutionCache -- Resolution chrome=125 in cache (valid until 22:09:28 15/06/2024 PDT)
21:53:38.023 [main] DEBUG io.github.bonigarcia.wdm.cache.ResolutionCache -- Resolution chrome125=125.0.6422.141 in cache (valid until 18:35:58 16/06/2024 PDT)
21:53:38.023 [main] INFO io.github.bonigarcia.wdm.WebDriverManager -- Using chromedriver 125.0.6422.141 (resolved driver for Chrome 125)
21:53:38.033 [main] DEBUG io.github.bonigarcia.wdm.WebDriverManager -- Driver chromedriver 125.0.6422.141 found in cache
21:53:38.034 [main] INFO io.github.bonigarcia.wdm.WebDriverManager -- Exporting webdriver.chrome.driver as C:\Users\basha\.cache\selenium\chromedriver\win64\125.0.6422.141\chromedriver.exe
21:53:39.467 [main] DEBUG io.github.bonigarcia.wdm.WebDriverManager -- Using WebDriverManager 5.8.0
21:53:39.475 [main] DEBUG io.github.bonigarcia.wdm.cache.ResolutionCache -- Resolution chrome=125 in cache (valid until 22:09:28 15/06/2024 PDT)
21:53:39.475 [main] DEBUG io.github.bonigarcia.wdm.cache.ResolutionCache -- Resolution chrome125=125.0.6422.141 in cache (valid until 18:35:58 16/06/2024 PDT)
21:53:39.475 [main] INFO io.github.bonigarcia.wdm.WebDriverManager -- Using chromedriver 125.0.6422.141 (resolved driver for Chrome 125)
21:53:39.483 [main] DEBUG io.github.bonigarcia.wdm.WebDriverManager -- Driver chromedriver 125.0.6422.141 found in cache
21:53:39.484 [main] INFO io.github.bonigarcia.wdm.WebDriverManager -- Exporting webdriver.chrome.driver as C:\Users\basha\.cache\selenium\chromedriver\win64\125.0.6422.141\chromedriver.exe
21:53:40.245 [main] DEBUG io.github.bonigarcia.wdm.WebDriverManager -- Using WebDriverManager 5.8.0
21:53:40.264 [main] DEBUG io.github.bonigarcia.wdm.cache.ResolutionCache -- Resolution chrome=125 in cache (valid until 22:09:28 15/06/2024 PDT)
21:53:40.265 [main] DEBUG io.github.bonigarcia.wdm.cache.ResolutionCache -- Resolution chrome125=125.0.6422.141 in cache (valid until 18:35:58 16/06/2024 PDT)
21:53:40.265 [main] INFO io.github.bonigarcia.wdm.WebDriverManager -- Using chromedriver 125.0.6422.141 (resolved driver for Chrome 125)
21:53:40.271 [main] DEBUG io.github.bonigarcia.wdm.WebDriverManager -- Driver chromedriver 125.0.6422.141 found in cache
21:53:40.272 [main] INFO io.github.bonigarcia.wdm.WebDriverManager -- Exporting webdriver.chrome.driver as C:\Users\basha\.cache\selenium\chromedriver\win64\125.0.6422.141\chromedriver.exe
  Given I am logged in as an admin                                  # stepDefinitions.adminPanelSteps.i_am_logged_in_as_an_admin()
  When I open the admin panel                                       # stepDefinitions.adminPanelSteps.i_open_the_admin_panel()
  Then I should see the admin panel title as "ADMIN PANEL"          # stepDefinitions.adminPanelSteps.i_should_see_the_admin_panel_title_as(java.lang.String)
  When I edit the role of the first user to "User"                  # stepDefinitions.adminPanelSteps.i_edit_the_role_of_the_first_user_to(java.lang.String)
  Then I should see a success message "Role is edited successfully" # stepDefinitions.adminPanelSteps.i_should_see_a_success_message(java.lang.String)
      java.lang.AssertionError: expected [Error parsing JSON] but found [Role is edited successfully]
	at org.testng.Assert.fail(Assert.java:111)
	at org.testng.Assert.failNotEquals(Assert.java:1578)
	at org.testng.Assert.assertEqualsImpl(Assert.java:150)
	at org.testng.Assert.assertEquals(Assert.java:132)
	at org.testng.Assert.assertEquals(Assert.java:656)
	at org.testng.Assert.assertEquals(Assert.java:666)
	at stepDefinitions.adminPanelSteps.i_should_see_a_success_message(adminPanelSteps.java:135)
	at ✽.I should see a success message "Role is edited successfully"(file:///C:/Users/basha/Downloads/crypto-testing/src/test/java/features/adminPanel.feature:8)

]]></system-out>
  </testcase>
</testsuite>