<?xml version="1.0" encoding="UTF-8"?>
<testng-results ignored="0" total="2" passed="2" failed="0" skipped="0">
  <reporter-output>
  </reporter-output>
  <suite started-at="2024-06-10T01:43:23 PDT" name="Surefire suite" finished-at="2024-06-10T01:43:30 PDT" duration-ms="6279">
    <groups>
      <group name="cucumber">
        <method signature="AbstractTestNGCucumberTests.runScenario(io.cucumber.testng.PickleWrapper,io.cucumber.testng.FeatureWrapper)[pri:0, instance:cuccumbersOptions.TestNGRunner@2a798d51]" name="runScenario" class="io.cucumber.testng.AbstractTestNGCucumberTests"/>
      </group> <!-- cucumber -->
    </groups>
    <test started-at="2024-06-10T01:43:23 PDT" name="Surefire test" finished-at="2024-06-10T01:43:30 PDT" duration-ms="6279">
      <class name="cuccumbersOptions.TestNGRunner">
        <test-method is-config="true" signature="setUpClass(org.testng.ITestContext)[pri:0, instance:cuccumbersOptions.TestNGRunner@2a798d51]" started-at="2024-06-10T01:43:23 PDT" name="setUpClass" finished-at="2024-06-10T01:43:24 PDT" duration-ms="222" status="PASS">
          <params>
            <param index="0">
              <value>
                <![CDATA[org.testng.TestRunner@15be68b]]>
              </value>
            </param>
          </params>
          <reporter-output>
          </reporter-output>
        </test-method> <!-- setUpClass -->
        <test-method signature="runScenario(io.cucumber.testng.PickleWrapper,io.cucumber.testng.FeatureWrapper)[pri:0, instance:cuccumbersOptions.TestNGRunner@2a798d51]" started-at="2024-06-10T01:43:24 PDT" name="runScenario" description="Runs Cucumber Scenarios" data-provider="scenarios" finished-at="2024-06-10T01:43:27 PDT" duration-ms="3133" status="PASS">
          <params>
            <param index="0">
              <value>
                <![CDATA["Check that Sign Up Scenario works successfully"]]>
              </value>
            </param>
            <param index="1">
              <value>
                <![CDATA["Sign Up"]]>
              </value>
            </param>
          </params>
          <reporter-output>
          </reporter-output>
        </test-method> <!-- runScenario -->
        <test-method signature="runScenario(io.cucumber.testng.PickleWrapper,io.cucumber.testng.FeatureWrapper)[pri:0, instance:cuccumbersOptions.TestNGRunner@2a798d51]" started-at="2024-06-10T01:43:27 PDT" name="runScenario" description="Runs Cucumber Scenarios" data-provider="scenarios" finished-at="2024-06-10T01:43:30 PDT" duration-ms="2892" status="PASS">
          <params>
            <param index="0">
              <value>
                <![CDATA["Admin approves a new user"]]>
              </value>
            </param>
            <param index="1">
              <value>
                <![CDATA["Sign Up"]]>
              </value>
            </param>
          </params>
          <reporter-output>
          </reporter-output>
        </test-method> <!-- runScenario -->
        <test-method is-config="true" signature="tearDownClass()[pri:0, instance:cuccumbersOptions.TestNGRunner@2a798d51]" started-at="2024-06-10T01:43:30 PDT" name="tearDownClass" finished-at="2024-06-10T01:43:30 PDT" duration-ms="16" status="PASS">
          <reporter-output>
          </reporter-output>
        </test-method> <!-- tearDownClass -->
      </class> <!-- cuccumbersOptions.TestNGRunner -->
    </test> <!-- Surefire test -->
  </suite> <!-- Surefire suite -->
</testng-results>
