<?xml version="1.0" encoding="UTF-8"?>
<testsuite xmlns:xsi="http://www.w3.org/2001/XMLSchema-instance" xsi:noNamespaceSchemaLocation="https://maven.apache.org/surefire/maven-surefire-plugin/xsd/surefire-test-report-3.0.xsd" version="3.0" name="TestSuite" time="6.503" tests="2" errors="0" skipped="0" failures="0">
  <properties>
[...]
</properties>
  <testcase name="runScenario[&quot;Check that Sign Up Scenario works successfully&quot;, &quot;Sign Up&quot;](1)" classname="cuccumbersOptions.TestNGRunner" time="3.133">
    <system-out><![CDATA[
Scenario: Check that Sign Up Scenario works successfully                      # src/test/java/features/SignUpTest.feature:3
01:43:24.216 [main] DEBUG io.github.bonigarcia.wdm.WebDriverManager -- Using WebDriverManager 5.8.0
01:43:24.359 [main] DEBUG io.github.bonigarcia.wdm.cache.ResolutionCache -- Resolution chrome=125 in cache (valid until 02:18:49 10/06/2024 PDT)
01:43:24.359 [main] DEBUG io.github.bonigarcia.wdm.cache.ResolutionCache -- Resolution chrome125=125.0.6422.141 in cache (valid until 01:18:49 11/06/2024 PDT)
01:43:24.360 [main] INFO io.github.bonigarcia.wdm.WebDriverManager -- Using chromedriver 125.0.6422.141 (resolved driver for Chrome 125)
01:43:24.367 [main] DEBUG io.github.bonigarcia.wdm.WebDriverManager -- Driver chromedriver 125.0.6422.141 found in cache
01:43:24.367 [main] INFO io.github.bonigarcia.wdm.WebDriverManager -- Exporting webdriver.chrome.driver as /Users/ashiqkhan/.cache/selenium/chromedriver/mac-arm64/125.0.6422.141/chromedriver
  Given User visits home page to sign up                                      # stepDefinitions.SignUpTest.user_visits_on_the_homepage()
  When User clicks on Sign Up Button                                          # stepDefinitions.SignUpTest.user_clicks_on_sign_up_button()
  When User inputs name, email, password, confirm password and selects a role # stepDefinitions.SignUpTest.user_inputs_name_email_password_and_confirm_password()
  When User clicks submit sign up button                                      # stepDefinitions.SignUpTest.user_clicks_submit_sign_up_button()
  Then User receives a sign up success message                                # stepDefinitions.SignUpTest.user_receives_a_sign_up_success_message()
]]></system-out>
  </testcase>
  <testcase name="runScenario[&quot;Admin approves a new user&quot;, &quot;Sign Up&quot;](2)" classname="cuccumbersOptions.TestNGRunner" time="2.892">
    <system-out><![CDATA[
Scenario: Admin approves a new user                           # src/test/java/features/SignUpTest.feature:10
01:43:27.227 [main] DEBUG io.github.bonigarcia.wdm.WebDriverManager -- Using WebDriverManager 5.8.0
01:43:27.231 [main] DEBUG io.github.bonigarcia.wdm.cache.ResolutionCache -- Resolution chrome=125 in cache (valid until 02:18:49 10/06/2024 PDT)
01:43:27.232 [main] DEBUG io.github.bonigarcia.wdm.cache.ResolutionCache -- Resolution chrome125=125.0.6422.141 in cache (valid until 01:18:49 11/06/2024 PDT)
01:43:27.232 [main] INFO io.github.bonigarcia.wdm.WebDriverManager -- Using chromedriver 125.0.6422.141 (resolved driver for Chrome 125)
01:43:27.233 [main] DEBUG io.github.bonigarcia.wdm.WebDriverManager -- Driver chromedriver 125.0.6422.141 found in cache
01:43:27.234 [main] INFO io.github.bonigarcia.wdm.WebDriverManager -- Exporting webdriver.chrome.driver as /Users/ashiqkhan/.cache/selenium/chromedriver/mac-arm64/125.0.6422.141/chromedriver
  Given Admin visits home page to approve a user              # stepDefinitions.SignUpTest.admin_visits_home_page_to_approve_a_user()
  When Admin clicks on login button to approve a user         # stepDefinitions.SignUpTest.admin_clicks_on_login_button_to_approve_a_user()
  When Admin logins with email and password to approve a user # stepDefinitions.SignUpTest.admin_logins_with_email_and_password_to_approve_a_user()
  When Admin visits Admin Panel to approve a user             # stepDefinitions.SignUpTest.admin_visits_admin_panel_to_approve_a_user()
  When Admin clicks on New Accounts tab                       # stepDefinitions.SignUpTest.admin_clicks_on_new_accounts_tab()
Approve button is found and is clickable.
  Then Admin approves the first new user                      # stepDefinitions.SignUpTest.admin_approves_the_new_user()
]]></system-out>
  </testcase>
</testsuite>