<?xml version="1.0" encoding="UTF-8"?>
<testng-results ignored="0" total="2" passed="2" failed="0" skipped="0">
  <reporter-output>
  </reporter-output>
  <suite started-at="2024-06-26T00:48:28 PDT" name="Surefire suite" finished-at="2024-06-26T00:48:44 PDT" duration-ms="16074">
    <groups>
      <group name="cucumber">
        <method signature="AbstractTestNGCucumberTests.runScenario(io.cucumber.testng.PickleWrapper,io.cucumber.testng.FeatureWrapper)[pri:0, instance:cuccumbersOptions.TestNGRunner@43c1b556]" name="runScenario" class="io.cucumber.testng.AbstractTestNGCucumberTests"/>
      </group> <!-- cucumber -->
    </groups>
    <test started-at="2024-06-26T00:48:28 PDT" name="Surefire test" finished-at="2024-06-26T00:48:44 PDT" duration-ms="16074">
      <class name="cuccumbersOptions.TestNGRunner">
        <test-method is-config="true" signature="setUpClass(org.testng.ITestContext)[pri:0, instance:cuccumbersOptions.TestNGRunner@43c1b556]" started-at="2024-06-26T00:48:28 PDT" name="setUpClass" finished-at="2024-06-26T00:48:28 PDT" duration-ms="287" status="PASS">
          <params>
            <param index="0">
              <value>
                <![CDATA[org.testng.TestRunner@491f3fb0]]>
              </value>
            </param>
          </params>
          <reporter-output>
          </reporter-output>
        </test-method> <!-- setUpClass -->
        <test-method signature="runScenario(io.cucumber.testng.PickleWrapper,io.cucumber.testng.FeatureWrapper)[pri:0, instance:cuccumbersOptions.TestNGRunner@43c1b556]" started-at="2024-06-26T00:48:28 PDT" name="runScenario" description="Runs Cucumber Scenarios" data-provider="scenarios" finished-at="2024-06-26T00:48:35 PDT" duration-ms="6938" status="PASS">
          <params>
            <param index="0">
              <value>
                <![CDATA["Admin uploads a files to the app for saving"]]>
              </value>
            </param>
            <param index="1">
              <value>
                <![CDATA["File Visibility (Admin)"]]>
              </value>
            </param>
          </params>
          <reporter-output>
          </reporter-output>
        </test-method> <!-- runScenario -->
        <test-method signature="runScenario(io.cucumber.testng.PickleWrapper,io.cucumber.testng.FeatureWrapper)[pri:0, instance:cuccumbersOptions.TestNGRunner@43c1b556]" started-at="2024-06-26T00:48:35 PDT" name="runScenario" description="Runs Cucumber Scenarios" data-provider="scenarios" finished-at="2024-06-26T00:48:44 PDT" duration-ms="8801" status="PASS">
          <params>
            <param index="0">
              <value>
                <![CDATA["Admin checks if the uploaded file is visible to users"]]>
              </value>
            </param>
            <param index="1">
              <value>
                <![CDATA["File Visibility (Admin)"]]>
              </value>
            </param>
          </params>
          <reporter-output>
          </reporter-output>
        </test-method> <!-- runScenario -->
        <test-method is-config="true" signature="tearDownClass()[pri:0, instance:cuccumbersOptions.TestNGRunner@43c1b556]" started-at="2024-06-26T00:48:44 PDT" name="tearDownClass" finished-at="2024-06-26T00:48:44 PDT" duration-ms="24" status="PASS">
          <reporter-output>
          </reporter-output>
        </test-method> <!-- tearDownClass -->
      </class> <!-- cuccumbersOptions.TestNGRunner -->
    </test> <!-- Surefire test -->
  </suite> <!-- Surefire suite -->
</testng-results>
