[{"line":1,"elements":[{"start_timestamp":"2024-06-16T04:52:04.407Z","before":[{"result":{"duration":1953476300,"status":"passed"},"match":{"location":"stepDefinitions.AccountCreationAndApprovalTest.setUp()"}},{"result":{"duration":591247700,"status":"passed"},"match":{"location":"stepDefinitions.adminPanelSteps.setUp()"}},{"result":{"duration":1117505600,"status":"passed"},"match":{"location":"stepDefinitions.FileEncryptionAndDecryptionTest.setUp()"}},{"result":{"duration":1112965100,"status":"passed"},"match":{"location":"stepDefinitions.RoleManagmentTest.setUp()"}},{"result":{"duration":663051900,"status":"passed"},"match":{"location":"stepDefinitions.SignUpTest.setup()"}}],"line":3,"name":"A new user tries to register for a new account","description":"","id":"account-creation-and-approval;a-new-user-tries-to-register-for-a-new-account","after":[{"result":{"duration":105372900,"status":"passed"},"match":{"location":"stepDefinitions.SignUpTest.tearDown()"}},{"result":{"duration":110433200,"status":"passed"},"match":{"location":"stepDefinitions.RoleManagmentTest.cleanUp()"}},{"result":{"duration":100608100,"status":"passed"},"match":{"location":"stepDefinitions.FileEncryptionAndDecryptionTest.cleanUp()"}},{"result":{"duration":102845400,"status":"passed"},"match":{"location":"stepDefinitions.adminPanelSteps.closeWindow()"}},{"result":{"duration":115876900,"status":"passed"},"match":{"location":"stepDefinitions.AccountCreationAndApprovalTest.cleanUp()"}}],"type":"scenario","keyword":"Scenario","steps":[{"result":{"duration":275927700,"status":"passed"},"line":4,"name":"The user visits homepage","match":{"location":"stepDefinitions.AccountCreationAndApprovalTest.the_user_visits_homepage()"},"keyword":"Given "},{"result":{"duration":70247600,"status":"passed"},"line":5,"name":"The user clicks on Sign Up button","match":{"location":"stepDefinitions.AccountCreationAndApprovalTest.User_clicks_on_Sign_Up()"},"keyword":"When "},{"result":{"duration":1010556600,"status":"passed"},"line":6,"name":"The user inputs name, email, password, confirm password, and selects a role","match":{"location":"stepDefinitions.AccountCreationAndApprovalTest.User_inputs_name_email_password_confirm_password_and_selects_a_role()"},"keyword":"When "},{"result":{"duration":58328800,"status":"passed"},"line":7,"name":"The user clicks sign up button","match":{"location":"stepDefinitions.AccountCreationAndApprovalTest.The_user_clicks_sign_up_button()"},"keyword":"When "},{"result":{"duration":552263700,"status":"passed"},"line":8,"name":"The user receives a sign up success message","match":{"location":"stepDefinitions.AccountCreationAndApprovalTest.User_receives_a_sign_up_success_message()"},"keyword":"Then "}]},{"start_timestamp":"2024-06-16T04:52:12.379Z","before":[{"result":{"duration":1163790200,"status":"passed"},"match":{"location":"stepDefinitions.AccountCreationAndApprovalTest.setUp()"}},{"result":{"duration":603164800,"status":"passed"},"match":{"location":"stepDefinitions.adminPanelSteps.setUp()"}},{"result":{"duration":1145640600,"status":"passed"},"match":{"location":"stepDefinitions.FileEncryptionAndDecryptionTest.setUp()"}},{"result":{"duration":1159001700,"status":"passed"},"match":{"location":"stepDefinitions.RoleManagmentTest.setUp()"}},{"result":{"duration":601126100,"status":"passed"},"match":{"location":"stepDefinitions.SignUpTest.setup()"}}],"line":10,"name":"admin approves a new user","description":"","id":"account-creation-and-approval;admin-approves-a-new-user","after":[{"result":{"duration":103572000,"status":"passed"},"match":{"location":"stepDefinitions.SignUpTest.tearDown()"}},{"result":{"duration":115077800,"status":"passed"},"match":{"location":"stepDefinitions.RoleManagmentTest.cleanUp()"}},{"result":{"duration":119348600,"status":"passed"},"match":{"location":"stepDefinitions.FileEncryptionAndDecryptionTest.cleanUp()"}},{"result":{"duration":117802600,"status":"passed"},"match":{"location":"stepDefinitions.adminPanelSteps.closeWindow()"}},{"result":{"duration":112603000,"status":"passed"},"match":{"location":"stepDefinitions.AccountCreationAndApprovalTest.cleanUp()"}}],"type":"scenario","keyword":"Scenario","steps":[{"result":{"duration":279607600,"status":"passed"},"line":11,"name":"The admin visits the app's homepage","match":{"location":"stepDefinitions.AccountCreationAndApprovalTest.Admin_visits_home_page_to_approve_a_user()"},"keyword":"Given "},{"result":{"duration":68478700,"status":"passed"},"line":12,"name":"The admin clicks on login button","match":{"location":"stepDefinitions.AccountCreationAndApprovalTest.Admin_clicks_on_login_button_to_approve_a_user()"},"keyword":"When "},{"result":{"error_message":"org.openqa.selenium.ElementClickInterceptedException: element click intercepted: Element <a _ngcontent-nau-c58=\"\" data-bs-toggle=\"modal\" data-bs-target=\"#signUp\" class=\"btn fs-14 btn-outline-secondary me-2 my-2 my-sm-0 ng-star-inserted\">...</a> is not clickable at point (1455, 35). Other element would receive the click: <div _ngcontent-nau-c58=\"\" id=\"signUp\" tabindex=\"-1\" data-bs-backdrop=\"static\" data-bs-keyboard=\"false\" role=\"dialog\" aria-labelledby=\"modalTitleId\" class=\"modal fade auth show\" aria-modal=\"true\" style=\"display: block;\">...</div>\n  (Session info: chrome=125.0.6422.142)\nBuild info: version: '4.21.0', revision: '79ed462ef4'\nSystem info: os.name: 'Windows 11', os.arch: 'amd64', os.version: '10.0', java.version: '21.0.2'\nDriver info: org.openqa.selenium.chrome.ChromeDriver\nCommand: [c967f58fc789d71360d77a8465e003cb, clickElement {id=f.29CBC6372905CA9C1B47D692C47A1F85.d.2FC97547DB331BDE1DBEF0CE08055B74.e.40}]\nCapabilities {acceptInsecureCerts: false, browserName: chrome, browserVersion: 125.0.6422.142, chrome: {chromedriverVersion: 125.0.6422.141 (4b1e8393712..., userDataDir: C:\\Users\\basha\\AppData\\Loca...}, fedcm:accounts: true, goog:chromeOptions: {debuggerAddress: localhost:62672}, networkConnectionEnabled: false, pageLoadStrategy: normal, platformName: windows, proxy: Proxy(), se:cdp: ws://localhost:62672/devtoo..., se:cdpVersion: 125.0.6422.142, setWindowRect: true, strictFileInteractability: false, timeouts: {implicit: 0, pageLoad: 300000, script: 30000}, unhandledPromptBehavior: dismiss and notify, webauthn:extension:credBlob: true, webauthn:extension:largeBlob: true, webauthn:extension:minPinLength: true, webauthn:extension:prf: true, webauthn:virtualAuthenticators: true}\nElement: [[ChromeDriver: chrome on windows (c967f58fc789d71360d77a8465e003cb)] -> xpath: /html/body/app-root/app-layout/app-header/header/nav/div/div/div/a[2]]\nSession ID: c967f58fc789d71360d77a8465e003cb\r\n\tat java.base/jdk.internal.reflect.DirectConstructorHandleAccessor.newInstance(DirectConstructorHandleAccessor.java:62)\r\n\tat java.base/java.lang.reflect.Constructor.newInstanceWithCaller(Constructor.java:502)\r\n\tat java.base/java.lang.reflect.Constructor.newInstance(Constructor.java:486)\r\n\tat org.openqa.selenium.remote.ErrorCodec.decode(ErrorCodec.java:167)\r\n\tat org.openqa.selenium.remote.codec.w3c.W3CHttpResponseCodec.decode(W3CHttpResponseCodec.java:138)\r\n\tat org.openqa.selenium.remote.codec.w3c.W3CHttpResponseCodec.decode(W3CHttpResponseCodec.java:50)\r\n\tat org.openqa.selenium.remote.HttpCommandExecutor.execute(HttpCommandExecutor.java:190)\r\n\tat org.openqa.selenium.remote.service.DriverCommandExecutor.invokeExecute(DriverCommandExecutor.java:216)\r\n\tat org.openqa.selenium.remote.service.DriverCommandExecutor.execute(DriverCommandExecutor.java:174)\r\n\tat org.openqa.selenium.remote.RemoteWebDriver.execute(RemoteWebDriver.java:518)\r\n\tat org.openqa.selenium.remote.RemoteWebElement.execute(RemoteWebElement.java:223)\r\n\tat org.openqa.selenium.remote.RemoteWebElement.click(RemoteWebElement.java:76)\r\n\tat stepDefinitions.AccountCreationAndApprovalTest.Admin_logins_with_email_and_password_to_approve_a_user(AccountCreationAndApprovalTest.java:149)\r\n\tat ✽.The admin inputs their correct email address and password(file:///C:/Users/basha/Downloads/crypto-testing/src/test/java/features/AccountCreationAndApprovalTest.feature:13)\r\n","duration":1115339600,"status":"failed"},"line":13,"name":"The admin inputs their correct email address and password","match":{"location":"stepDefinitions.AccountCreationAndApprovalTest.Admin_logins_with_email_and_password_to_approve_a_user()"},"keyword":"When "},{"result":{"status":"skipped"},"line":14,"name":"The admin visits Admin Panel to approve a user","match":{"location":"stepDefinitions.AccountCreationAndApprovalTest.Admin_visits_Admin_Panel_to_approve_a_user()"},"keyword":"When "},{"result":{"status":"skipped"},"line":15,"name":"The admin clicks on the New Accounts tab and approves the first new user","match":{"location":"stepDefinitions.AccountCreationAndApprovalTest.Admin_clicks_on_New_Accounts_tab_and_approves_user()"},"keyword":"Then "}]},{"start_timestamp":"2024-06-16T04:52:19.114Z","before":[{"result":{"duration":1149913500,"status":"passed"},"match":{"location":"stepDefinitions.AccountCreationAndApprovalTest.setUp()"}},{"result":{"duration":642186800,"status":"passed"},"match":{"location":"stepDefinitions.adminPanelSteps.setUp()"}},{"result":{"duration":1151240700,"status":"passed"},"match":{"location":"stepDefinitions.FileEncryptionAndDecryptionTest.setUp()"}},{"result":{"duration":1122716400,"status":"passed"},"match":{"location":"stepDefinitions.RoleManagmentTest.setUp()"}},{"result":{"duration":613735000,"status":"passed"},"match":{"location":"stepDefinitions.SignUpTest.setup()"}}],"line":17,"name":"admin tries to sign in","description":"","id":"account-creation-and-approval;admin-tries-to-sign-in","after":[{"result":{"duration":78101900,"status":"passed"},"match":{"location":"stepDefinitions.SignUpTest.tearDown()"}},{"result":{"duration":104841400,"status":"passed"},"match":{"location":"stepDefinitions.RoleManagmentTest.cleanUp()"}},{"result":{"duration":105447200,"status":"passed"},"match":{"location":"stepDefinitions.FileEncryptionAndDecryptionTest.cleanUp()"}},{"result":{"duration":97073300,"status":"passed"},"match":{"location":"stepDefinitions.adminPanelSteps.closeWindow()"}},{"result":{"duration":109645300,"status":"passed"},"match":{"location":"stepDefinitions.AccountCreationAndApprovalTest.cleanUp()"}}],"type":"scenario","keyword":"Scenario","steps":[{"result":{"duration":384090200,"status":"passed"},"line":18,"name":"The admin visits the app's homepage","match":{"location":"stepDefinitions.AccountCreationAndApprovalTest.Admin_visits_home_page_to_approve_a_user()"},"keyword":"Given "},{"result":{"duration":67559800,"status":"passed"},"line":19,"name":"The admin clicks on login button","match":{"location":"stepDefinitions.AccountCreationAndApprovalTest.Admin_clicks_on_login_button_to_approve_a_user()"},"keyword":"When "},{"result":{"error_message":"org.openqa.selenium.ElementClickInterceptedException: element click intercepted: Element <a _ngcontent-yuh-c58=\"\" data-bs-toggle=\"modal\" data-bs-target=\"#signUp\" class=\"btn fs-14 btn-outline-secondary me-2 my-2 my-sm-0 ng-star-inserted\">...</a> is not clickable at point (1455, 35). Other element would receive the click: <div _ngcontent-yuh-c58=\"\" id=\"signUp\" tabindex=\"-1\" data-bs-backdrop=\"static\" data-bs-keyboard=\"false\" role=\"dialog\" aria-labelledby=\"modalTitleId\" class=\"modal fade auth show\" aria-modal=\"true\" style=\"display: block;\">...</div>\n  (Session info: chrome=125.0.6422.142)\nBuild info: version: '4.21.0', revision: '79ed462ef4'\nSystem info: os.name: 'Windows 11', os.arch: 'amd64', os.version: '10.0', java.version: '21.0.2'\nDriver info: org.openqa.selenium.chrome.ChromeDriver\nCommand: [1855bf8b9ede67106a3eb1343446ab82, clickElement {id=f.494388E5523296A887D5D8E47F1F7248.d.5E23BF972EF611ADE6736F61B0D139C3.e.40}]\nCapabilities {acceptInsecureCerts: false, browserName: chrome, browserVersion: 125.0.6422.142, chrome: {chromedriverVersion: 125.0.6422.141 (4b1e8393712..., userDataDir: C:\\Users\\basha\\AppData\\Loca...}, fedcm:accounts: true, goog:chromeOptions: {debuggerAddress: localhost:62793}, networkConnectionEnabled: false, pageLoadStrategy: normal, platformName: windows, proxy: Proxy(), se:cdp: ws://localhost:62793/devtoo..., se:cdpVersion: 125.0.6422.142, setWindowRect: true, strictFileInteractability: false, timeouts: {implicit: 0, pageLoad: 300000, script: 30000}, unhandledPromptBehavior: dismiss and notify, webauthn:extension:credBlob: true, webauthn:extension:largeBlob: true, webauthn:extension:minPinLength: true, webauthn:extension:prf: true, webauthn:virtualAuthenticators: true}\nElement: [[ChromeDriver: chrome on windows (1855bf8b9ede67106a3eb1343446ab82)] -> xpath: /html/body/app-root/app-layout/app-header/header/nav/div/div/div/a[2]]\nSession ID: 1855bf8b9ede67106a3eb1343446ab82\r\n\tat java.base/jdk.internal.reflect.DirectConstructorHandleAccessor.newInstance(DirectConstructorHandleAccessor.java:62)\r\n\tat java.base/java.lang.reflect.Constructor.newInstanceWithCaller(Constructor.java:502)\r\n\tat java.base/java.lang.reflect.Constructor.newInstance(Constructor.java:486)\r\n\tat org.openqa.selenium.remote.ErrorCodec.decode(ErrorCodec.java:167)\r\n\tat org.openqa.selenium.remote.codec.w3c.W3CHttpResponseCodec.decode(W3CHttpResponseCodec.java:138)\r\n\tat org.openqa.selenium.remote.codec.w3c.W3CHttpResponseCodec.decode(W3CHttpResponseCodec.java:50)\r\n\tat org.openqa.selenium.remote.HttpCommandExecutor.execute(HttpCommandExecutor.java:190)\r\n\tat org.openqa.selenium.remote.service.DriverCommandExecutor.invokeExecute(DriverCommandExecutor.java:216)\r\n\tat org.openqa.selenium.remote.service.DriverCommandExecutor.execute(DriverCommandExecutor.java:174)\r\n\tat org.openqa.selenium.remote.RemoteWebDriver.execute(RemoteWebDriver.java:518)\r\n\tat org.openqa.selenium.remote.RemoteWebElement.execute(RemoteWebElement.java:223)\r\n\tat org.openqa.selenium.remote.RemoteWebElement.click(RemoteWebElement.java:76)\r\n\tat stepDefinitions.AccountCreationAndApprovalTest.Admin_logins_with_email_and_password_to_approve_a_user(AccountCreationAndApprovalTest.java:149)\r\n\tat ✽.The admin inputs their correct email address and password(file:///C:/Users/basha/Downloads/crypto-testing/src/test/java/features/AccountCreationAndApprovalTest.feature:20)\r\n","duration":1096129200,"status":"failed"},"line":20,"name":"The admin inputs their correct email address and password","match":{"location":"stepDefinitions.AccountCreationAndApprovalTest.Admin_logins_with_email_and_password_to_approve_a_user()"},"keyword":"When "},{"result":{"status":"skipped"},"line":21,"name":"The admin should be signed and access the website functionalities","match":{"location":"stepDefinitions.AccountCreationAndApprovalTest.Admin_is_signed_in()"},"keyword":"Then "}]},{"start_timestamp":"2024-06-16T04:52:25.850Z","before":[{"result":{"duration":1169981300,"status":"passed"},"match":{"location":"stepDefinitions.AccountCreationAndApprovalTest.setUp()"}},{"result":{"duration":596719500,"status":"passed"},"match":{"location":"stepDefinitions.adminPanelSteps.setUp()"}},{"result":{"duration":1161249200,"status":"passed"},"match":{"location":"stepDefinitions.FileEncryptionAndDecryptionTest.setUp()"}},{"result":{"duration":1250594100,"status":"passed"},"match":{"location":"stepDefinitions.RoleManagmentTest.setUp()"}},{"result":{"duration":599530600,"status":"passed"},"match":{"location":"stepDefinitions.SignUpTest.setup()"}}],"line":23,"name":"User tries to sign","description":"","id":"account-creation-and-approval;user-tries-to-sign","after":[{"result":{"duration":97233800,"status":"passed"},"match":{"location":"stepDefinitions.SignUpTest.tearDown()"}},{"result":{"duration":138502000,"status":"passed"},"match":{"location":"stepDefinitions.RoleManagmentTest.cleanUp()"}},{"result":{"duration":153837900,"status":"passed"},"match":{"location":"stepDefinitions.FileEncryptionAndDecryptionTest.cleanUp()"}},{"result":{"duration":101759100,"status":"passed"},"match":{"location":"stepDefinitions.adminPanelSteps.closeWindow()"}},{"result":{"duration":115048200,"status":"passed"},"match":{"location":"stepDefinitions.AccountCreationAndApprovalTest.cleanUp()"}}],"type":"scenario","keyword":"Scenario","steps":[{"result":{"duration":288244300,"status":"passed"},"line":24,"name":"The user visits homepage","match":{"location":"stepDefinitions.AccountCreationAndApprovalTest.the_user_visits_homepage()"},"keyword":"Given "},{"result":{"duration":72717900,"status":"passed"},"line":25,"name":"The user clicks on the log in button","match":{"location":"stepDefinitions.AccountCreationAndApprovalTest.User_clicks_on_log_in()"},"keyword":"When "},{"result":{"error_message":"org.openqa.selenium.ElementClickInterceptedException: element click intercepted: Element <a _ngcontent-hde-c58=\"\" data-bs-toggle=\"modal\" data-bs-target=\"#signUp\" class=\"btn fs-14 btn-outline-secondary me-2 my-2 my-sm-0 ng-star-inserted\">...</a> is not clickable at point (1455, 35). Other element would receive the click: <div _ngcontent-hde-c58=\"\" id=\"signUp\" tabindex=\"-1\" data-bs-backdrop=\"static\" data-bs-keyboard=\"false\" role=\"dialog\" aria-labelledby=\"modalTitleId\" class=\"modal fade auth show\" aria-modal=\"true\" style=\"display: block;\">...</div>\n  (Session info: chrome=125.0.6422.142)\nBuild info: version: '4.21.0', revision: '79ed462ef4'\nSystem info: os.name: 'Windows 11', os.arch: 'amd64', os.version: '10.0', java.version: '21.0.2'\nDriver info: org.openqa.selenium.chrome.ChromeDriver\nCommand: [1c507be407da46d00035393eb0bc5748, clickElement {id=f.911331D5928C6B5DF08B6D6724D31C79.d.28319E9DE66F40AB95A21FB9B704748B.e.40}]\nCapabilities {acceptInsecureCerts: false, browserName: chrome, browserVersion: 125.0.6422.142, chrome: {chromedriverVersion: 125.0.6422.141 (4b1e8393712..., userDataDir: C:\\Users\\basha\\AppData\\Loca...}, fedcm:accounts: true, goog:chromeOptions: {debuggerAddress: localhost:62913}, networkConnectionEnabled: false, pageLoadStrategy: normal, platformName: windows, proxy: Proxy(), se:cdp: ws://localhost:62913/devtoo..., se:cdpVersion: 125.0.6422.142, setWindowRect: true, strictFileInteractability: false, timeouts: {implicit: 0, pageLoad: 300000, script: 30000}, unhandledPromptBehavior: dismiss and notify, webauthn:extension:credBlob: true, webauthn:extension:largeBlob: true, webauthn:extension:minPinLength: true, webauthn:extension:prf: true, webauthn:virtualAuthenticators: true}\nElement: [[ChromeDriver: chrome on windows (1c507be407da46d00035393eb0bc5748)] -> xpath: /html/body/app-root/app-layout/app-header/header/nav/div/div/div/a[2]]\nSession ID: 1c507be407da46d00035393eb0bc5748\r\n\tat java.base/jdk.internal.reflect.DirectConstructorHandleAccessor.newInstance(DirectConstructorHandleAccessor.java:62)\r\n\tat java.base/java.lang.reflect.Constructor.newInstanceWithCaller(Constructor.java:502)\r\n\tat java.base/java.lang.reflect.Constructor.newInstance(Constructor.java:486)\r\n\tat org.openqa.selenium.remote.ErrorCodec.decode(ErrorCodec.java:167)\r\n\tat org.openqa.selenium.remote.codec.w3c.W3CHttpResponseCodec.decode(W3CHttpResponseCodec.java:138)\r\n\tat org.openqa.selenium.remote.codec.w3c.W3CHttpResponseCodec.decode(W3CHttpResponseCodec.java:50)\r\n\tat org.openqa.selenium.remote.HttpCommandExecutor.execute(HttpCommandExecutor.java:190)\r\n\tat org.openqa.selenium.remote.service.DriverCommandExecutor.invokeExecute(DriverCommandExecutor.java:216)\r\n\tat org.openqa.selenium.remote.service.DriverCommandExecutor.execute(DriverCommandExecutor.java:174)\r\n\tat org.openqa.selenium.remote.RemoteWebDriver.execute(RemoteWebDriver.java:518)\r\n\tat org.openqa.selenium.remote.RemoteWebElement.execute(RemoteWebElement.java:223)\r\n\tat org.openqa.selenium.remote.RemoteWebElement.click(RemoteWebElement.java:76)\r\n\tat stepDefinitions.AccountCreationAndApprovalTest.The_user_logins_with_correct_email_address_and_password(AccountCreationAndApprovalTest.java:207)\r\n\tat ✽.The user logins with correct email address and password(file:///C:/Users/basha/Downloads/crypto-testing/src/test/java/features/AccountCreationAndApprovalTest.feature:26)\r\n","duration":1089280700,"status":"failed"},"line":26,"name":"The user logins with correct email address and password","match":{"location":"stepDefinitions.AccountCreationAndApprovalTest.The_user_logins_with_correct_email_address_and_password()"},"keyword":"When "},{"result":{"status":"skipped"},"line":27,"name":"The user should be signed in and access the website functionalities","match":{"location":"stepDefinitions.AccountCreationAndApprovalTest.The_user_should_be_signed_and_access_the_website_functionalities()"},"keyword":"Then "}]},{"start_timestamp":"2024-06-16T04:52:32.701Z","before":[{"result":{"duration":1236260100,"status":"passed"},"match":{"location":"stepDefinitions.AccountCreationAndApprovalTest.setUp()"}},{"result":{"duration":657614700,"status":"passed"},"match":{"location":"stepDefinitions.adminPanelSteps.setUp()"}},{"result":{"duration":1130400400,"status":"passed"},"match":{"location":"stepDefinitions.FileEncryptionAndDecryptionTest.setUp()"}},{"result":{"duration":1144707600,"status":"passed"},"match":{"location":"stepDefinitions.RoleManagmentTest.setUp()"}},{"result":{"duration":694669000,"status":"passed"},"match":{"location":"stepDefinitions.SignUpTest.setup()"}}],"line":29,"name":"User tries to sign in with incorrect email address","description":"","id":"account-creation-and-approval;user-tries-to-sign-in-with-incorrect-email-address","after":[{"result":{"duration":99549800,"status":"passed"},"match":{"location":"stepDefinitions.SignUpTest.tearDown()"}},{"result":{"duration":132486000,"status":"passed"},"match":{"location":"stepDefinitions.RoleManagmentTest.cleanUp()"}},{"result":{"duration":101565200,"status":"passed"},"match":{"location":"stepDefinitions.FileEncryptionAndDecryptionTest.cleanUp()"}},{"result":{"duration":122557000,"status":"passed"},"match":{"location":"stepDefinitions.adminPanelSteps.closeWindow()"}},{"result":{"duration":137920900,"status":"passed"},"match":{"location":"stepDefinitions.AccountCreationAndApprovalTest.cleanUp()"}}],"type":"scenario","keyword":"Scenario","steps":[{"result":{"duration":299521500,"status":"passed"},"line":30,"name":"The user visits homepage","match":{"location":"stepDefinitions.AccountCreationAndApprovalTest.the_user_visits_homepage()"},"keyword":"Given "},{"result":{"duration":55794500,"status":"passed"},"line":31,"name":"The user clicks on the log in button","match":{"location":"stepDefinitions.AccountCreationAndApprovalTest.User_clicks_on_log_in()"},"keyword":"When "},{"result":{"error_message":"org.openqa.selenium.ElementClickInterceptedException: element click intercepted: Element <a _ngcontent-nhn-c58=\"\" data-bs-toggle=\"modal\" data-bs-target=\"#signUp\" class=\"btn fs-14 btn-outline-secondary me-2 my-2 my-sm-0 ng-star-inserted\">...</a> is not clickable at point (1455, 35). Other element would receive the click: <div _ngcontent-nhn-c58=\"\" id=\"signUp\" tabindex=\"-1\" data-bs-backdrop=\"static\" data-bs-keyboard=\"false\" role=\"dialog\" aria-labelledby=\"modalTitleId\" class=\"modal fade auth show\" aria-modal=\"true\" style=\"display: block;\">...</div>\n  (Session info: chrome=125.0.6422.142)\nBuild info: version: '4.21.0', revision: '79ed462ef4'\nSystem info: os.name: 'Windows 11', os.arch: 'amd64', os.version: '10.0', java.version: '21.0.2'\nDriver info: org.openqa.selenium.chrome.ChromeDriver\nCommand: [ede91497755c18e3deac69505fb9f1d0, clickElement {id=f.385EED7A9E425617B370FC2938BF0A1D.d.8659CE1F971939CDA957EC5A27EA043C.e.40}]\nCapabilities {acceptInsecureCerts: false, browserName: chrome, browserVersion: 125.0.6422.142, chrome: {chromedriverVersion: 125.0.6422.141 (4b1e8393712..., userDataDir: C:\\Users\\basha\\AppData\\Loca...}, fedcm:accounts: true, goog:chromeOptions: {debuggerAddress: localhost:63036}, networkConnectionEnabled: false, pageLoadStrategy: normal, platformName: windows, proxy: Proxy(), se:cdp: ws://localhost:63036/devtoo..., se:cdpVersion: 125.0.6422.142, setWindowRect: true, strictFileInteractability: false, timeouts: {implicit: 0, pageLoad: 300000, script: 30000}, unhandledPromptBehavior: dismiss and notify, webauthn:extension:credBlob: true, webauthn:extension:largeBlob: true, webauthn:extension:minPinLength: true, webauthn:extension:prf: true, webauthn:virtualAuthenticators: true}\nElement: [[ChromeDriver: chrome on windows (ede91497755c18e3deac69505fb9f1d0)] -> xpath: /html/body/app-root/app-layout/app-header/header/nav/div/div/div/a[2]]\nSession ID: ede91497755c18e3deac69505fb9f1d0\r\n\tat java.base/jdk.internal.reflect.DirectConstructorHandleAccessor.newInstance(DirectConstructorHandleAccessor.java:62)\r\n\tat java.base/java.lang.reflect.Constructor.newInstanceWithCaller(Constructor.java:502)\r\n\tat java.base/java.lang.reflect.Constructor.newInstance(Constructor.java:486)\r\n\tat org.openqa.selenium.remote.ErrorCodec.decode(ErrorCodec.java:167)\r\n\tat org.openqa.selenium.remote.codec.w3c.W3CHttpResponseCodec.decode(W3CHttpResponseCodec.java:138)\r\n\tat org.openqa.selenium.remote.codec.w3c.W3CHttpResponseCodec.decode(W3CHttpResponseCodec.java:50)\r\n\tat org.openqa.selenium.remote.HttpCommandExecutor.execute(HttpCommandExecutor.java:190)\r\n\tat org.openqa.selenium.remote.service.DriverCommandExecutor.invokeExecute(DriverCommandExecutor.java:216)\r\n\tat org.openqa.selenium.remote.service.DriverCommandExecutor.execute(DriverCommandExecutor.java:174)\r\n\tat org.openqa.selenium.remote.RemoteWebDriver.execute(RemoteWebDriver.java:518)\r\n\tat org.openqa.selenium.remote.RemoteWebElement.execute(RemoteWebElement.java:223)\r\n\tat org.openqa.selenium.remote.RemoteWebElement.click(RemoteWebElement.java:76)\r\n\tat stepDefinitions.AccountCreationAndApprovalTest.The_user_logins_with_incorrect_email_address_and_correct_password(AccountCreationAndApprovalTest.java:238)\r\n\tat ✽.The user logins with incorrect email address and correct password(file:///C:/Users/basha/Downloads/crypto-testing/src/test/java/features/AccountCreationAndApprovalTest.feature:32)\r\n","duration":1103924900,"status":"failed"},"line":32,"name":"The user logins with incorrect email address and correct password","match":{"location":"stepDefinitions.AccountCreationAndApprovalTest.The_user_logins_with_incorrect_email_address_and_correct_password()"},"keyword":"When "},{"result":{"status":"skipped"},"line":33,"name":"The user should not be signed in and presented with an error message","match":{"location":"stepDefinitions.AccountCreationAndApprovalTest.The_user_should_not_be_signed_and_presented_with_an_error_message()"},"keyword":"Then "}]},{"start_timestamp":"2024-06-16T04:52:39.631Z","before":[{"result":{"duration":1131817000,"status":"passed"},"match":{"location":"stepDefinitions.AccountCreationAndApprovalTest.setUp()"}},{"result":{"duration":614864500,"status":"passed"},"match":{"location":"stepDefinitions.adminPanelSteps.setUp()"}},{"result":{"duration":1162924100,"status":"passed"},"match":{"location":"stepDefinitions.FileEncryptionAndDecryptionTest.setUp()"}},{"result":{"duration":1221350200,"status":"passed"},"match":{"location":"stepDefinitions.RoleManagmentTest.setUp()"}},{"result":{"duration":618818900,"status":"passed"},"match":{"location":"stepDefinitions.SignUpTest.setup()"}}],"line":35,"name":"User tries to sign in with incorrect password","description":"","id":"account-creation-and-approval;user-tries-to-sign-in-with-incorrect-password","after":[{"result":{"duration":85868800,"status":"passed"},"match":{"location":"stepDefinitions.SignUpTest.tearDown()"}},{"result":{"duration":98539800,"status":"passed"},"match":{"location":"stepDefinitions.RoleManagmentTest.cleanUp()"}},{"result":{"duration":92425400,"status":"passed"},"match":{"location":"stepDefinitions.FileEncryptionAndDecryptionTest.cleanUp()"}},{"result":{"duration":108925500,"status":"passed"},"match":{"location":"stepDefinitions.adminPanelSteps.closeWindow()"}},{"result":{"duration":134703900,"status":"passed"},"match":{"location":"stepDefinitions.AccountCreationAndApprovalTest.cleanUp()"}}],"type":"scenario","keyword":"Scenario","steps":[{"result":{"duration":383718200,"status":"passed"},"line":36,"name":"The user visits homepage","match":{"location":"stepDefinitions.AccountCreationAndApprovalTest.the_user_visits_homepage()"},"keyword":"Given "},{"result":{"duration":62845400,"status":"passed"},"line":37,"name":"The user clicks on the log in button","match":{"location":"stepDefinitions.AccountCreationAndApprovalTest.User_clicks_on_log_in()"},"keyword":"When "},{"result":{"error_message":"org.openqa.selenium.ElementClickInterceptedException: element click intercepted: Element <a _ngcontent-omv-c58=\"\" data-bs-toggle=\"modal\" data-bs-target=\"#signUp\" class=\"btn fs-14 btn-outline-secondary me-2 my-2 my-sm-0 ng-star-inserted\">...</a> is not clickable at point (1455, 35). Other element would receive the click: <div _ngcontent-omv-c58=\"\" id=\"signUp\" tabindex=\"-1\" data-bs-backdrop=\"static\" data-bs-keyboard=\"false\" role=\"dialog\" aria-labelledby=\"modalTitleId\" class=\"modal fade auth show\" aria-modal=\"true\" style=\"display: block;\">...</div>\n  (Session info: chrome=125.0.6422.142)\nBuild info: version: '4.21.0', revision: '79ed462ef4'\nSystem info: os.name: 'Windows 11', os.arch: 'amd64', os.version: '10.0', java.version: '21.0.2'\nDriver info: org.openqa.selenium.chrome.ChromeDriver\nCommand: [fdcc4c4d71f09dbf9502985338914fdb, clickElement {id=f.BB38EBA6DE14027E955F0FA9B27B04CF.d.CDF909422DE3F98C7B21E13F0EBC0174.e.40}]\nCapabilities {acceptInsecureCerts: false, browserName: chrome, browserVersion: 125.0.6422.142, chrome: {chromedriverVersion: 125.0.6422.141 (4b1e8393712..., userDataDir: C:\\Users\\basha\\AppData\\Loca...}, fedcm:accounts: true, goog:chromeOptions: {debuggerAddress: localhost:63153}, networkConnectionEnabled: false, pageLoadStrategy: normal, platformName: windows, proxy: Proxy(), se:cdp: ws://localhost:63153/devtoo..., se:cdpVersion: 125.0.6422.142, setWindowRect: true, strictFileInteractability: false, timeouts: {implicit: 0, pageLoad: 300000, script: 30000}, unhandledPromptBehavior: dismiss and notify, webauthn:extension:credBlob: true, webauthn:extension:largeBlob: true, webauthn:extension:minPinLength: true, webauthn:extension:prf: true, webauthn:virtualAuthenticators: true}\nElement: [[ChromeDriver: chrome on windows (fdcc4c4d71f09dbf9502985338914fdb)] -> xpath: /html/body/app-root/app-layout/app-header/header/nav/div/div/div/a[2]]\nSession ID: fdcc4c4d71f09dbf9502985338914fdb\r\n\tat java.base/jdk.internal.reflect.DirectConstructorHandleAccessor.newInstance(DirectConstructorHandleAccessor.java:62)\r\n\tat java.base/java.lang.reflect.Constructor.newInstanceWithCaller(Constructor.java:502)\r\n\tat java.base/java.lang.reflect.Constructor.newInstance(Constructor.java:486)\r\n\tat org.openqa.selenium.remote.ErrorCodec.decode(ErrorCodec.java:167)\r\n\tat org.openqa.selenium.remote.codec.w3c.W3CHttpResponseCodec.decode(W3CHttpResponseCodec.java:138)\r\n\tat org.openqa.selenium.remote.codec.w3c.W3CHttpResponseCodec.decode(W3CHttpResponseCodec.java:50)\r\n\tat org.openqa.selenium.remote.HttpCommandExecutor.execute(HttpCommandExecutor.java:190)\r\n\tat org.openqa.selenium.remote.service.DriverCommandExecutor.invokeExecute(DriverCommandExecutor.java:216)\r\n\tat org.openqa.selenium.remote.service.DriverCommandExecutor.execute(DriverCommandExecutor.java:174)\r\n\tat org.openqa.selenium.remote.RemoteWebDriver.execute(RemoteWebDriver.java:518)\r\n\tat org.openqa.selenium.remote.RemoteWebElement.execute(RemoteWebElement.java:223)\r\n\tat org.openqa.selenium.remote.RemoteWebElement.click(RemoteWebElement.java:76)\r\n\tat stepDefinitions.AccountCreationAndApprovalTest.The_user_logins_with_correct_email_address_and_incorrect_password(AccountCreationAndApprovalTest.java:269)\r\n\tat ✽.The user logins with correct email address and incorrect password(file:///C:/Users/basha/Downloads/crypto-testing/src/test/java/features/AccountCreationAndApprovalTest.feature:38)\r\n","duration":1105491000,"status":"failed"},"line":38,"name":"The user logins with correct email address and incorrect password","match":{"location":"stepDefinitions.AccountCreationAndApprovalTest.The_user_logins_with_correct_email_address_and_incorrect_password()"},"keyword":"When "},{"result":{"status":"skipped"},"line":39,"name":"The user should not be signed in and presented with an error message","match":{"location":"stepDefinitions.AccountCreationAndApprovalTest.The_user_should_not_be_signed_and_presented_with_an_error_message()"},"keyword":"Then "}]}],"name":"Account Creation and Approval","description":"","id":"account-creation-and-approval","keyword":"Feature","uri":"file:src/test/java/features/AccountCreationAndApprovalTest.feature","tags":[]},{"line":1,"elements":[{"start_timestamp":"2024-06-16T04:52:46.467Z","before":[{"result":{"duration":1296169900,"status":"passed"},"match":{"location":"stepDefinitions.AccountCreationAndApprovalTest.setUp()"}},{"result":{"duration":704658200,"status":"passed"},"match":{"location":"stepDefinitions.adminPanelSteps.setUp()"}},{"result":{"duration":1179878100,"status":"passed"},"match":{"location":"stepDefinitions.FileEncryptionAndDecryptionTest.setUp()"}},{"result":{"duration":1287258500,"status":"passed"},"match":{"location":"stepDefinitions.RoleManagmentTest.setUp()"}},{"result":{"duration":598975500,"status":"passed"},"match":{"location":"stepDefinitions.SignUpTest.setup()"}}],"line":3,"name":"User wants to encrypt an uploaded file","description":"","id":"role-managment-test;user-wants-to-encrypt-an-uploaded-file","after":[{"result":{"duration":115962300,"status":"passed"},"match":{"location":"stepDefinitions.SignUpTest.tearDown()"}},{"result":{"duration":145350200,"status":"passed"},"match":{"location":"stepDefinitions.RoleManagmentTest.cleanUp()"}},{"result":{"duration":198241500,"status":"passed"},"match":{"location":"stepDefinitions.FileEncryptionAndDecryptionTest.cleanUp()"}},{"result":{"duration":98861000,"status":"passed"},"match":{"location":"stepDefinitions.adminPanelSteps.closeWindow()"}},{"result":{"duration":103328700,"status":"passed"},"match":{"location":"stepDefinitions.AccountCreationAndApprovalTest.cleanUp()"}}],"type":"scenario","keyword":"Scenario","steps":[{"result":{"duration":348089200,"status":"passed"},"line":4,"name":"The user visits the app's homepage","match":{"location":"stepDefinitions.FileEncryptionAndDecryptionTest.The_user_visits_the_homepage()"},"keyword":"Given "},{"result":{"duration":57548100,"status":"passed"},"line":5,"name":"The user clicks on login button","match":{"location":"stepDefinitions.FileEncryptionAndDecryptionTest.the_user_clisk_on_the_login_button()"},"keyword":"When "},{"result":{"duration":738752300,"status":"passed"},"line":6,"name":"The user logs in using their email address and password","match":{"location":"stepDefinitions.FileEncryptionAndDecryptionTest.the_user_logins_with_correct_email_address_and_password()"},"keyword":"When "},{"result":{"error_message":"org.openqa.selenium.ElementClickInterceptedException: element click intercepted: Element <a _ngcontent-lpx-c65=\"\" class=\"btn btn-primary mb-3\">...</a> is not clickable at point (359, 548). Other element would receive the click: <div _ngcontent-lpx-c58=\"\" id=\"signUp\" tabindex=\"-1\" data-bs-backdrop=\"static\" data-bs-keyboard=\"false\" role=\"dialog\" aria-labelledby=\"modalTitleId\" class=\"modal fade auth show\" aria-modal=\"true\" style=\"display: block;\">...</div>\n  (Session info: chrome=125.0.6422.142)\nBuild info: version: '4.21.0', revision: '79ed462ef4'\nSystem info: os.name: 'Windows 11', os.arch: 'amd64', os.version: '10.0', java.version: '21.0.2'\nDriver info: org.openqa.selenium.chrome.ChromeDriver\nCommand: [4385fc3309fa3728c1800b8eb9fc7e4c, clickElement {id=f.DCFF8887CA722FF20E46CD40BCC58ED0.d.7C5FAA3C48DDFA435F45309CE5F0EBFA.e.50}]\nCapabilities {acceptInsecureCerts: false, browserName: chrome, browserVersion: 125.0.6422.142, chrome: {chromedriverVersion: 125.0.6422.141 (4b1e8393712..., userDataDir: C:\\Users\\basha\\AppData\\Loca...}, fedcm:accounts: true, goog:chromeOptions: {debuggerAddress: localhost:63313}, networkConnectionEnabled: false, pageLoadStrategy: normal, platformName: windows, proxy: Proxy(), se:cdp: ws://localhost:63313/devtoo..., se:cdpVersion: 125.0.6422.142, setWindowRect: true, strictFileInteractability: false, timeouts: {implicit: 0, pageLoad: 300000, script: 30000}, unhandledPromptBehavior: dismiss and notify, webauthn:extension:credBlob: true, webauthn:extension:largeBlob: true, webauthn:extension:minPinLength: true, webauthn:extension:prf: true, webauthn:virtualAuthenticators: true}\nElement: [[ChromeDriver: chrome on windows (4385fc3309fa3728c1800b8eb9fc7e4c)] -> xpath: /html/body/app-root/app-layout/div/app-home/div[1]/div[1]/div/div/div[1]/div/div/a[1]]\nSession ID: 4385fc3309fa3728c1800b8eb9fc7e4c\r\n\tat java.base/jdk.internal.reflect.DirectConstructorHandleAccessor.newInstance(DirectConstructorHandleAccessor.java:62)\r\n\tat java.base/java.lang.reflect.Constructor.newInstanceWithCaller(Constructor.java:502)\r\n\tat java.base/java.lang.reflect.Constructor.newInstance(Constructor.java:486)\r\n\tat org.openqa.selenium.remote.ErrorCodec.decode(ErrorCodec.java:167)\r\n\tat org.openqa.selenium.remote.codec.w3c.W3CHttpResponseCodec.decode(W3CHttpResponseCodec.java:138)\r\n\tat org.openqa.selenium.remote.codec.w3c.W3CHttpResponseCodec.decode(W3CHttpResponseCodec.java:50)\r\n\tat org.openqa.selenium.remote.HttpCommandExecutor.execute(HttpCommandExecutor.java:190)\r\n\tat org.openqa.selenium.remote.service.DriverCommandExecutor.invokeExecute(DriverCommandExecutor.java:216)\r\n\tat org.openqa.selenium.remote.service.DriverCommandExecutor.execute(DriverCommandExecutor.java:174)\r\n\tat org.openqa.selenium.remote.RemoteWebDriver.execute(RemoteWebDriver.java:518)\r\n\tat org.openqa.selenium.remote.RemoteWebElement.execute(RemoteWebElement.java:223)\r\n\tat org.openqa.selenium.remote.RemoteWebElement.click(RemoteWebElement.java:76)\r\n\tat stepDefinitions.FileEncryptionAndDecryptionTest.user_clicks_try_encryption(FileEncryptionAndDecryptionTest.java:89)\r\n\tat ✽.The user cliks on the Try Encryption button on homepage(file:///C:/Users/basha/Downloads/crypto-testing/src/test/java/features/FileEncryptionAndDecryptionTest.feature:7)\r\n","duration":1078308300,"status":"failed"},"line":7,"name":"The user cliks on the Try Encryption button on homepage","match":{"location":"stepDefinitions.FileEncryptionAndDecryptionTest.user_clicks_try_encryption()"},"keyword":"When "},{"result":{"status":"skipped"},"line":8,"name":"The user cliks on Choose File button and selects a files to upload","match":{"location":"stepDefinitions.FileEncryptionAndDecryptionTest.user_selects_a_file_to_upload()"},"keyword":"When "},{"result":{"status":"skipped"},"line":9,"name":"The user selects encryption type, and auto generate encryptio key","match":{"location":"stepDefinitions.FileEncryptionAndDecryptionTest.user_selects_enryptio_type()"},"keyword":"When "},{"result":{"status":"skipped"},"line":10,"name":"The user clicks the Encrypt button to encrypt the file","match":{"location":"stepDefinitions.FileEncryptionAndDecryptionTest.user_clicks_enrypt_and_recieves_encrypted_file()"},"keyword":"Then "}]},{"start_timestamp":"2024-06-16T04:52:54.432Z","before":[{"result":{"duration":1215767100,"status":"passed"},"match":{"location":"stepDefinitions.AccountCreationAndApprovalTest.setUp()"}},{"result":{"duration":701062400,"status":"passed"},"match":{"location":"stepDefinitions.adminPanelSteps.setUp()"}},{"result":{"duration":1255247200,"status":"passed"},"match":{"location":"stepDefinitions.FileEncryptionAndDecryptionTest.setUp()"}},{"result":{"duration":1149042900,"status":"passed"},"match":{"location":"stepDefinitions.RoleManagmentTest.setUp()"}},{"result":{"duration":623706800,"status":"passed"},"match":{"location":"stepDefinitions.SignUpTest.setup()"}}],"line":12,"name":"User wants to decrypt an uploaded file","description":"","id":"role-managment-test;user-wants-to-decrypt-an-uploaded-file","after":[{"result":{"duration":114976000,"status":"passed"},"match":{"location":"stepDefinitions.SignUpTest.tearDown()"}},{"result":{"duration":123916100,"status":"passed"},"match":{"location":"stepDefinitions.RoleManagmentTest.cleanUp()"}},{"result":{"duration":116075200,"status":"passed"},"match":{"location":"stepDefinitions.FileEncryptionAndDecryptionTest.cleanUp()"}},{"result":{"duration":106644500,"status":"passed"},"match":{"location":"stepDefinitions.adminPanelSteps.closeWindow()"}},{"result":{"duration":102877500,"status":"passed"},"match":{"location":"stepDefinitions.AccountCreationAndApprovalTest.cleanUp()"}}],"type":"scenario","keyword":"Scenario","steps":[{"result":{"duration":319253100,"status":"passed"},"line":13,"name":"The user visits the app's homepage","match":{"location":"stepDefinitions.FileEncryptionAndDecryptionTest.The_user_visits_the_homepage()"},"keyword":"Given "},{"result":{"duration":58113400,"status":"passed"},"line":14,"name":"The user clicks on login button","match":{"location":"stepDefinitions.FileEncryptionAndDecryptionTest.the_user_clisk_on_the_login_button()"},"keyword":"When "},{"result":{"duration":750051000,"status":"passed"},"line":15,"name":"The user logs in using their email address and password","match":{"location":"stepDefinitions.FileEncryptionAndDecryptionTest.the_user_logins_with_correct_email_address_and_password()"},"keyword":"When "},{"result":{"error_message":"org.openqa.selenium.ElementClickInterceptedException: element click intercepted: Element <a _ngcontent-xed-c65=\"\" class=\"btn btn-secondary mt-2\">...</a> is not clickable at point (359, 612). Other element would receive the click: <div _ngcontent-xed-c58=\"\" id=\"signUp\" tabindex=\"-1\" data-bs-backdrop=\"static\" data-bs-keyboard=\"false\" role=\"dialog\" aria-labelledby=\"modalTitleId\" class=\"modal fade auth show\" aria-modal=\"true\" style=\"display: block;\">...</div>\n  (Session info: chrome=125.0.6422.142)\nBuild info: version: '4.21.0', revision: '79ed462ef4'\nSystem info: os.name: 'Windows 11', os.arch: 'amd64', os.version: '10.0', java.version: '21.0.2'\nDriver info: org.openqa.selenium.chrome.ChromeDriver\nCommand: [e7a1f45e72a60835512ecee4466eaa28, clickElement {id=f.E517DC3E730A0BFC46F0CEC0FB471017.d.A136419038391D9C1228FFA97B22DA44.e.46}]\nCapabilities {acceptInsecureCerts: false, browserName: chrome, browserVersion: 125.0.6422.142, chrome: {chromedriverVersion: 125.0.6422.141 (4b1e8393712..., userDataDir: C:\\Users\\basha\\AppData\\Loca...}, fedcm:accounts: true, goog:chromeOptions: {debuggerAddress: localhost:63442}, networkConnectionEnabled: false, pageLoadStrategy: normal, platformName: windows, proxy: Proxy(), se:cdp: ws://localhost:63442/devtoo..., se:cdpVersion: 125.0.6422.142, setWindowRect: true, strictFileInteractability: false, timeouts: {implicit: 0, pageLoad: 300000, script: 30000}, unhandledPromptBehavior: dismiss and notify, webauthn:extension:credBlob: true, webauthn:extension:largeBlob: true, webauthn:extension:minPinLength: true, webauthn:extension:prf: true, webauthn:virtualAuthenticators: true}\nElement: [[ChromeDriver: chrome on windows (e7a1f45e72a60835512ecee4466eaa28)] -> xpath: /html/body/app-root/app-layout/div/app-home/div[1]/div[1]/div/div/div[1]/div/div/a[2]]\nSession ID: e7a1f45e72a60835512ecee4466eaa28\r\n\tat java.base/jdk.internal.reflect.DirectConstructorHandleAccessor.newInstance(DirectConstructorHandleAccessor.java:62)\r\n\tat java.base/java.lang.reflect.Constructor.newInstanceWithCaller(Constructor.java:502)\r\n\tat java.base/java.lang.reflect.Constructor.newInstance(Constructor.java:486)\r\n\tat org.openqa.selenium.remote.ErrorCodec.decode(ErrorCodec.java:167)\r\n\tat org.openqa.selenium.remote.codec.w3c.W3CHttpResponseCodec.decode(W3CHttpResponseCodec.java:138)\r\n\tat org.openqa.selenium.remote.codec.w3c.W3CHttpResponseCodec.decode(W3CHttpResponseCodec.java:50)\r\n\tat org.openqa.selenium.remote.HttpCommandExecutor.execute(HttpCommandExecutor.java:190)\r\n\tat org.openqa.selenium.remote.service.DriverCommandExecutor.invokeExecute(DriverCommandExecutor.java:216)\r\n\tat org.openqa.selenium.remote.service.DriverCommandExecutor.execute(DriverCommandExecutor.java:174)\r\n\tat org.openqa.selenium.remote.RemoteWebDriver.execute(RemoteWebDriver.java:518)\r\n\tat org.openqa.selenium.remote.RemoteWebElement.execute(RemoteWebElement.java:223)\r\n\tat org.openqa.selenium.remote.RemoteWebElement.click(RemoteWebElement.java:76)\r\n\tat stepDefinitions.FileEncryptionAndDecryptionTest.The_user_cliks_on_the_Try_Decryption_button_on_homepage(FileEncryptionAndDecryptionTest.java:140)\r\n\tat ✽.The user cliks on the Try Decryption button on homepage(file:///C:/Users/basha/Downloads/crypto-testing/src/test/java/features/FileEncryptionAndDecryptionTest.feature:16)\r\n","duration":1115053400,"status":"failed"},"line":16,"name":"The user cliks on the Try Decryption button on homepage","match":{"location":"stepDefinitions.FileEncryptionAndDecryptionTest.The_user_cliks_on_the_Try_Decryption_button_on_homepage()"},"keyword":"When "},{"result":{"duration":1020800,"status":"skipped"},"line":17,"name":"The user cliks on Choose File button and selects a files to upload","match":{"location":"stepDefinitions.FileEncryptionAndDecryptionTest.user_selects_a_file_to_upload()"},"keyword":"When "},{"result":{"status":"skipped"},"line":18,"name":"The user selects encryption type, and inputs the key used for encryption","match":{"location":"stepDefinitions.FileEncryptionAndDecryptionTest.The_user_selects_encryption_type_and_inputs_the_key_used_for_encryption()"},"keyword":"When "},{"result":{"status":"skipped"},"line":19,"name":"The user clicks the Decrypt button to decrypt the file","match":{"location":"stepDefinitions.FileEncryptionAndDecryptionTest.The_user_clicks_the_Decrypt_button_to_encrypt_the_file()"},"keyword":"Then "}]}],"name":"Role Managment Test","description":"","id":"role-managment-test","keyword":"Feature","uri":"file:src/test/java/features/FileEncryptionAndDecryptionTest.feature","tags":[]},{"line":1,"elements":[{"start_timestamp":"2024-06-16T04:53:02.196Z","before":[{"result":{"duration":1192438000,"status":"passed"},"match":{"location":"stepDefinitions.AccountCreationAndApprovalTest.setUp()"}},{"result":{"duration":707183900,"status":"passed"},"match":{"location":"stepDefinitions.adminPanelSteps.setUp()"}},{"result":{"duration":1230667500,"status":"passed"},"match":{"location":"stepDefinitions.FileEncryptionAndDecryptionTest.setUp()"}},{"result":{"duration":1200960000,"status":"passed"},"match":{"location":"stepDefinitions.RoleManagmentTest.setUp()"}},{"result":{"duration":745564400,"status":"passed"},"match":{"location":"stepDefinitions.SignUpTest.setup()"}}],"line":3,"name":"Admin changes the role of a registered user","description":"","id":"role-managment-test;admin-changes-the-role-of-a-registered-user","after":[{"result":{"duration":137454700,"status":"passed"},"match":{"location":"stepDefinitions.SignUpTest.tearDown()"}},{"result":{"duration":154942600,"status":"passed"},"match":{"location":"stepDefinitions.RoleManagmentTest.cleanUp()"}},{"result":{"duration":106124200,"status":"passed"},"match":{"location":"stepDefinitions.FileEncryptionAndDecryptionTest.cleanUp()"}},{"result":{"duration":108347700,"status":"passed"},"match":{"location":"stepDefinitions.adminPanelSteps.closeWindow()"}},{"result":{"duration":112528600,"status":"passed"},"match":{"location":"stepDefinitions.AccountCreationAndApprovalTest.cleanUp()"}}],"type":"scenario","keyword":"Scenario","steps":[{"result":{"duration":348248800,"status":"passed"},"line":4,"name":"Admin visits homepage","match":{"location":"stepDefinitions.RoleManagmentTest.Admin_visits_homepage()"},"keyword":"Given "},{"result":{"duration":51019400,"status":"passed"},"line":5,"name":"Admin clicks on login button","match":{"location":"stepDefinitions.RoleManagmentTest.Admin_clicks_on_login_button()"},"keyword":"When "},{"result":{"duration":769936400,"status":"passed"},"line":6,"name":"Admin logins with email and password","match":{"location":"stepDefinitions.RoleManagmentTest.Admin_logins_with_emailand_password()"},"keyword":"When "},{"result":{"duration":544867300,"status":"passed"},"line":7,"name":"Admin visits Admin Panel","match":{"location":"stepDefinitions.RoleManagmentTest.Admin_visits_Admin_Panel()"},"keyword":"When "},{"result":{"duration":113741700,"status":"passed"},"line":8,"name":"Admin clicks on Registered Accounts tab","match":{"location":"stepDefinitions.RoleManagmentTest.Admin_clicks_on_Registered_Accounts_tab()"},"keyword":"When "},{"result":{"error_message":"java.lang.AssertionError: expected [Employee] but found [EMPLOYEE]\r\n\tat org.testng.Assert.fail(Assert.java:111)\r\n\tat org.testng.Assert.failNotEquals(Assert.java:1578)\r\n\tat org.testng.Assert.assertEqualsImpl(Assert.java:150)\r\n\tat org.testng.Assert.assertEquals(Assert.java:132)\r\n\tat org.testng.Assert.assertEquals(Assert.java:656)\r\n\tat org.testng.Assert.assertEquals(Assert.java:666)\r\n\tat stepDefinitions.RoleManagmentTest.Admin_changes_the_first_user_role_to_Employee(RoleManagmentTest.java:123)\r\n\tat ✽.Admin changes the first user role to Employee(file:///C:/Users/basha/Downloads/crypto-testing/src/test/java/features/RoleManagmentTest.feature:9)\r\n","duration":358809300,"status":"failed"},"line":9,"name":"Admin changes the first user role to Employee","match":{"location":"stepDefinitions.RoleManagmentTest.Admin_changes_the_first_user_role_to_Employee()"},"keyword":"Then "}]},{"start_timestamp":"2024-06-16T04:53:10.132Z","before":[{"result":{"duration":1284892000,"status":"passed"},"match":{"location":"stepDefinitions.AccountCreationAndApprovalTest.setUp()"}},{"result":{"duration":651860900,"status":"passed"},"match":{"location":"stepDefinitions.adminPanelSteps.setUp()"}},{"result":{"duration":1408340300,"status":"passed"},"match":{"location":"stepDefinitions.FileEncryptionAndDecryptionTest.setUp()"}},{"result":{"duration":1334804600,"status":"passed"},"match":{"location":"stepDefinitions.RoleManagmentTest.setUp()"}},{"result":{"duration":744369500,"status":"passed"},"match":{"location":"stepDefinitions.SignUpTest.setup()"}}],"line":11,"name":"User changes the role of another registered user","description":"","id":"role-managment-test;user-changes-the-role-of-another-registered-user","after":[{"result":{"duration":110890800,"status":"passed"},"match":{"location":"stepDefinitions.SignUpTest.tearDown()"}},{"result":{"duration":127570100,"status":"passed"},"match":{"location":"stepDefinitions.RoleManagmentTest.cleanUp()"}},{"result":{"duration":115036700,"status":"passed"},"match":{"location":"stepDefinitions.FileEncryptionAndDecryptionTest.cleanUp()"}},{"result":{"duration":135600300,"status":"passed"},"match":{"location":"stepDefinitions.adminPanelSteps.closeWindow()"}},{"result":{"duration":167226200,"status":"passed"},"match":{"location":"stepDefinitions.AccountCreationAndApprovalTest.cleanUp()"}}],"type":"scenario","keyword":"Scenario","steps":[{"result":{"duration":389206900,"status":"passed"},"line":12,"name":"The user visits the homepage","match":{"location":"stepDefinitions.RoleManagmentTest.The_user_visits_the_homepage()"},"keyword":"Given "},{"result":{"duration":69055400,"status":"passed"},"line":13,"name":"The user clicks on the login button","match":{"location":"stepDefinitions.RoleManagmentTest.the_user_clisk_on_the_login_button()"},"keyword":"When "},{"result":{"duration":733321400,"status":"passed"},"line":14,"name":"The user logins with their email address and password","match":{"location":"stepDefinitions.RoleManagmentTest.The_user_logins_with_correct_email_address_and_password()"},"keyword":"When "},{"result":{"status":"undefined"},"line":15,"name":"The user should not have an admin panel to access/update other users roles","match":{},"keyword":"Then "}]}],"name":"Role Managment Test","description":"","id":"role-managment-test","keyword":"Feature","uri":"file:src/test/java/features/RoleManagmentTest.feature","tags":[]},{"line":1,"elements":[{"start_timestamp":"2024-06-16T04:53:17.417Z","before":[{"result":{"duration":1398533700,"status":"passed"},"match":{"location":"stepDefinitions.AccountCreationAndApprovalTest.setUp()"}},{"result":{"duration":749543500,"status":"passed"},"match":{"location":"stepDefinitions.adminPanelSteps.setUp()"}},{"result":{"duration":1361396700,"status":"passed"},"match":{"location":"stepDefinitions.FileEncryptionAndDecryptionTest.setUp()"}},{"result":{"duration":1399255900,"status":"passed"},"match":{"location":"stepDefinitions.RoleManagmentTest.setUp()"}},{"result":{"duration":801928100,"status":"passed"},"match":{"location":"stepDefinitions.SignUpTest.setup()"}}],"line":3,"name":"Check that Sign Up Scenario works successfully","description":"","id":"sign-up;check-that-sign-up-scenario-works-successfully","after":[{"result":{"duration":91277100,"status":"passed"},"match":{"location":"stepDefinitions.SignUpTest.tearDown()"}},{"result":{"duration":127813200,"status":"passed"},"match":{"location":"stepDefinitions.RoleManagmentTest.cleanUp()"}},{"result":{"duration":117831000,"status":"passed"},"match":{"location":"stepDefinitions.FileEncryptionAndDecryptionTest.cleanUp()"}},{"result":{"duration":105910900,"status":"passed"},"match":{"location":"stepDefinitions.adminPanelSteps.closeWindow()"}},{"result":{"duration":122993500,"status":"passed"},"match":{"location":"stepDefinitions.AccountCreationAndApprovalTest.cleanUp()"}}],"type":"scenario","keyword":"Scenario","steps":[{"result":{"duration":427351800,"status":"passed"},"line":4,"name":"User visits home page to sign up","match":{"location":"stepDefinitions.SignUpTest.user_visits_on_the_homepage()"},"keyword":"Given "},{"result":{"duration":74346600,"status":"passed"},"line":5,"name":"User clicks on Sign Up Button","match":{"location":"stepDefinitions.SignUpTest.user_clicks_on_sign_up_button()"},"keyword":"When "},{"result":{"duration":983851700,"status":"passed"},"line":6,"name":"User inputs name, email, password, confirm password and selects a role","match":{"location":"stepDefinitions.SignUpTest.user_inputs_name_email_password_and_confirm_password()"},"keyword":"When "},{"result":{"duration":47070000,"status":"passed"},"line":7,"name":"User clicks submit sign up button","match":{"location":"stepDefinitions.SignUpTest.user_clicks_submit_sign_up_button()"},"keyword":"When "},{"result":{"duration":543475600,"status":"passed"},"line":8,"name":"User receives a sign up success message","match":{"location":"stepDefinitions.SignUpTest.user_receives_a_sign_up_success_message()"},"keyword":"Then "}]},{"start_timestamp":"2024-06-16T04:53:25.781Z","before":[{"result":{"duration":1506809500,"status":"passed"},"match":{"location":"stepDefinitions.AccountCreationAndApprovalTest.setUp()"}},{"result":{"duration":900118100,"status":"passed"},"match":{"location":"stepDefinitions.adminPanelSteps.setUp()"}},{"result":{"duration":1466188700,"status":"passed"},"match":{"location":"stepDefinitions.FileEncryptionAndDecryptionTest.setUp()"}},{"result":{"duration":1317482000,"status":"passed"},"match":{"location":"stepDefinitions.RoleManagmentTest.setUp()"}},{"result":{"duration":999698900,"status":"passed"},"match":{"location":"stepDefinitions.SignUpTest.setup()"}}],"line":10,"name":"Admin approves a new user","description":"","id":"sign-up;admin-approves-a-new-user","after":[{"result":{"duration":94012100,"status":"passed"},"match":{"location":"stepDefinitions.SignUpTest.tearDown()"}},{"result":{"duration":133533600,"status":"passed"},"match":{"location":"stepDefinitions.RoleManagmentTest.cleanUp()"}},{"result":{"duration":123577800,"status":"passed"},"match":{"location":"stepDefinitions.FileEncryptionAndDecryptionTest.cleanUp()"}},{"result":{"duration":110166800,"status":"passed"},"match":{"location":"stepDefinitions.adminPanelSteps.closeWindow()"}},{"result":{"duration":156469500,"status":"passed"},"match":{"location":"stepDefinitions.AccountCreationAndApprovalTest.cleanUp()"}}],"type":"scenario","keyword":"Scenario","steps":[{"result":{"duration":413308800,"status":"passed"},"line":11,"name":"Admin visits home page to approve a user","match":{"location":"stepDefinitions.SignUpTest.admin_visits_home_page_to_approve_a_user()"},"keyword":"Given "},{"result":{"duration":47495100,"status":"passed"},"line":12,"name":"Admin clicks on login button to approve a user","match":{"location":"stepDefinitions.SignUpTest.admin_clicks_on_login_button_to_approve_a_user()"},"keyword":"When "},{"result":{"duration":712539100,"status":"passed"},"line":13,"name":"Admin logins with email and password to approve a user","match":{"location":"stepDefinitions.SignUpTest.admin_logins_with_email_and_password_to_approve_a_user()"},"keyword":"When "},{"result":{"duration":729176700,"status":"passed"},"line":14,"name":"Admin visits Admin Panel to approve a user","match":{"location":"stepDefinitions.SignUpTest.admin_visits_admin_panel_to_approve_a_user()"},"keyword":"When "},{"result":{"duration":278839500,"status":"passed"},"line":15,"name":"Admin clicks on New Accounts tab","match":{"location":"stepDefinitions.SignUpTest.admin_clicks_on_new_accounts_tab()"},"keyword":"When "},{"result":{"error_message":"java.lang.AssertionError: expected [jayna.murray@hotmail.com] but found [otto.lockman@hotmail.com]\r\n\tat org.testng.Assert.fail(Assert.java:111)\r\n\tat org.testng.Assert.failNotEquals(Assert.java:1578)\r\n\tat org.testng.Assert.assertEqualsImpl(Assert.java:150)\r\n\tat org.testng.Assert.assertEquals(Assert.java:132)\r\n\tat org.testng.Assert.assertEquals(Assert.java:656)\r\n\tat org.testng.Assert.assertEquals(Assert.java:666)\r\n\tat stepDefinitions.SignUpTest.admin_approves_the_new_user(SignUpTest.java:175)\r\n\tat ✽.Admin approves the first new user(file:///C:/Users/basha/Downloads/crypto-testing/src/test/java/features/SignUpTest.feature:16)\r\n","duration":32065100,"status":"failed"},"line":16,"name":"Admin approves the first new user","match":{"location":"stepDefinitions.SignUpTest.admin_approves_the_new_user()"},"keyword":"Then "}]}],"name":"Sign Up","description":"","id":"sign-up","keyword":"Feature","uri":"file:src/test/java/features/SignUpTest.feature","tags":[]},{"line":1,"elements":[{"start_timestamp":"2024-06-16T04:53:34.819Z","before":[{"result":{"duration":1511357100,"status":"passed"},"match":{"location":"stepDefinitions.AccountCreationAndApprovalTest.setUp()"}},{"result":{"duration":796824700,"status":"passed"},"match":{"location":"stepDefinitions.adminPanelSteps.setUp()"}},{"result":{"duration":1560230500,"status":"passed"},"match":{"location":"stepDefinitions.FileEncryptionAndDecryptionTest.setUp()"}},{"result":{"duration":1554048400,"status":"passed"},"match":{"location":"stepDefinitions.RoleManagmentTest.setUp()"}},{"result":{"duration":927169100,"status":"passed"},"match":{"location":"stepDefinitions.SignUpTest.setup()"}}],"line":3,"name":"Check that Edit Role of a user is working successfully","description":"","id":"admin-panel;check-that-edit-role-of-a-user-is-working-successfully","after":[{"result":{"duration":117758700,"status":"passed"},"match":{"location":"stepDefinitions.SignUpTest.tearDown()"}},{"result":{"duration":131597000,"status":"passed"},"match":{"location":"stepDefinitions.RoleManagmentTest.cleanUp()"}},{"result":{"duration":130020900,"status":"passed"},"match":{"location":"stepDefinitions.FileEncryptionAndDecryptionTest.cleanUp()"}},{"result":{"duration":172382300,"status":"passed"},"match":{"location":"stepDefinitions.adminPanelSteps.closeWindow()"}},{"result":{"duration":157371400,"status":"passed"},"match":{"location":"stepDefinitions.AccountCreationAndApprovalTest.cleanUp()"}}],"type":"scenario","keyword":"Scenario","steps":[{"result":{"duration":1194177300,"status":"passed"},"line":4,"name":"I am logged in as an admin","match":{"location":"stepDefinitions.adminPanelSteps.i_am_logged_in_as_an_admin()"},"keyword":"Given "},{"result":{"duration":838881800,"status":"passed"},"line":5,"name":"I open the admin panel","match":{"location":"stepDefinitions.adminPanelSteps.i_open_the_admin_panel()"},"keyword":"When "},{"result":{"duration":134118000,"status":"passed"},"line":6,"name":"I should see the admin panel title as \"ADMIN PANEL\"","match":{"arguments":[{"val":"\"ADMIN PANEL\"","offset":38}],"location":"stepDefinitions.adminPanelSteps.i_should_see_the_admin_panel_title_as(java.lang.String)"},"keyword":"Then "},{"result":{"duration":326185300,"status":"passed"},"line":7,"name":"I edit the role of the first user to \"User\"","match":{"arguments":[{"val":"\"User\"","offset":37}],"location":"stepDefinitions.adminPanelSteps.i_edit_the_role_of_the_first_user_to(java.lang.String)"},"keyword":"When "},{"result":{"error_message":"java.lang.AssertionError: expected [Error parsing JSON] but found [Role is edited successfully]\r\n\tat org.testng.Assert.fail(Assert.java:111)\r\n\tat org.testng.Assert.failNotEquals(Assert.java:1578)\r\n\tat org.testng.Assert.assertEqualsImpl(Assert.java:150)\r\n\tat org.testng.Assert.assertEquals(Assert.java:132)\r\n\tat org.testng.Assert.assertEquals(Assert.java:656)\r\n\tat org.testng.Assert.assertEquals(Assert.java:666)\r\n\tat stepDefinitions.adminPanelSteps.i_should_see_a_success_message(adminPanelSteps.java:135)\r\n\tat ✽.I should see a success message \"Role is edited successfully\"(file:///C:/Users/basha/Downloads/crypto-testing/src/test/java/features/adminPanel.feature:8)\r\n","duration":1053090300,"status":"failed"},"line":8,"name":"I should see a success message \"Role is edited successfully\"","match":{"arguments":[{"val":"\"Role is edited successfully\"","offset":31}],"location":"stepDefinitions.adminPanelSteps.i_should_see_a_success_message(java.lang.String)"},"keyword":"Then "}]}],"name":"Admin Panel","description":"","id":"admin-panel","keyword":"Feature","uri":"file:src/test/java/features/adminPanel.feature","tags":[]}]